#
# There is insufficient memory for the Java Runtime Environment to continue.
# Native memory allocation (malloc) failed to allocate 32744 bytes. Error detail: Chunk::new
# Possible reasons:
#   The system is out of physical RAM or swap space
#   This process is running with CompressedOops enabled, and the Java Heap may be blocking the growth of the native heap
# Possible solutions:
#   Reduce memory load on the system
#   Increase physical memory or swap space
#   Check if swap backing store is full
#   Decrease Java heap size (-Xmx/-Xms)
#   Decrease number of Java threads
#   Decrease Java thread stack sizes (-Xss)
#   Set larger code cache with -XX:ReservedCodeCacheSize=
#   JVM is running with Unscaled Compressed Oops mode in which the Java heap is
#     placed in the first 4GB address space. The Java Heap base address is the
#     maximum limit for the native heap growth. Please use -XX:HeapBaseMinAddress
#     to set the Java Heap base and to place the Java Heap above 4GB virtual address.
# This output file may be truncated or incomplete.
#
#  Out of Memory Error (arena.cpp:168), pid=14880, tid=23888
#
# JRE version: OpenJDK Runtime Environment Temurin-21.0.10+7 (21.0.10+7) (build 21.0.10+7-LTS)
# Java VM: OpenJDK 64-Bit Server VM Temurin-21.0.10+7 (21.0.10+7-LTS, mixed mode, sharing, tiered, compressed oops, compressed class ptrs, parallel gc, windows-amd64)
# No core dump will be written. Minidumps are not enabled by default on client versions of Windows
#

---------------  S U M M A R Y ------------

Command Line: --add-modules=ALL-SYSTEM --add-opens=java.base/java.util=ALL-UNNAMED --add-opens=java.base/java.lang=ALL-UNNAMED --add-opens=java.base/sun.nio.fs=ALL-UNNAMED -Declipse.application=org.eclipse.jdt.ls.core.id1 -Dosgi.bundles.defaultStartLevel=4 -Declipse.product=org.eclipse.jdt.ls.core.product -Djava.import.generatesMetadataFilesAtProjectRoot=false -DDetectVMInstallationsJob.disabled=true -Dfile.encoding=utf8 -XX:+UseParallelGC -XX:GCTimeRatio=4 -XX:AdaptiveSizePolicyWeight=90 -Dsun.zip.disableMemoryMapping=true -Xmx2G -Xms100m -Xlog:disable -javaagent:c:\Users\vigne\.antigravity\extensions\redhat.java-1.53.0-win32-x64\lombok\lombok-1.18.39-4050.jar -XX:+HeapDumpOnOutOfMemoryError -XX:HeapDumpPath=c:\Users\vigne\AppData\Roaming\Antigravity\User\workspaceStorage\b61ed07c5920df7e9600909bd8f1cd97\redhat.java -Daether.dependencyCollector.impl=bf c:\Users\vigne\.antigravity\extensions\redhat.java-1.53.0-win32-x64\server\plugins\org.eclipse.equinox.launcher_1.7.100.v20251111-0406.jar -configuration c:\Users\vigne\AppData\Roaming\Antigravity\User\globalStorage\redhat.java\1.53.0\config_win -data c:\Users\vigne\AppData\Roaming\Antigravity\User\workspaceStorage\b61ed07c5920df7e9600909bd8f1cd97\redhat.java\jdt_ws --pipe=\\.\pipe\lsp-1b6488d1b65fb82639d8dd6ea0161685-sock

Host: 13th Gen Intel(R) Core(TM) i7-13620H, 16 cores, 15G,  Windows 11 , 64 bit Build 26100 (10.0.26100.7920)
Time: Sat Mar 28 01:47:34 2026 India Standard Time elapsed time: 21.737206 seconds (0d 0h 0m 21s)

---------------  T H R E A D  ---------------

Current thread (0x00000272e14d8cc0):  JavaThread "C2 CompilerThread0" daemon [_thread_in_native, id=23888, stack(0x00000097d2f00000,0x00000097d3000000) (1024K)]


Current CompileTask:
C2:21737 4286       4       java.util.zip.ZipFile$Source::initCEN (612 bytes)

Stack: [0x00000097d2f00000,0x00000097d3000000]
Native frames: (J=compiled Java code, j=interpreted, Vv=VM code, C=native code)
V  [jvm.dll+0x6d7a39]
V  [jvm.dll+0x8b4b26]
V  [jvm.dll+0x8b70de]
V  [jvm.dll+0x8b77c3]
V  [jvm.dll+0x284346]
V  [jvm.dll+0xc66ed]
V  [jvm.dll+0xc6c31]
V  [jvm.dll+0x14885e]
V  [jvm.dll+0x1477db]
V  [jvm.dll+0x6dcfa8]
V  [jvm.dll+0x24c92b]
V  [jvm.dll+0x24bb40]
V  [jvm.dll+0x1cb34e]
V  [jvm.dll+0x25b85d]
V  [jvm.dll+0x259dea]
V  [jvm.dll+0x3f857e]
V  [jvm.dll+0x85f59d]
V  [jvm.dll+0x6d626d]
C  [ucrtbase.dll+0x37b0]
C  [KERNEL32.DLL+0x2e8d7]
C  [ntdll.dll+0x8c48c]


---------------  P R O C E S S  ---------------

Threads class SMR info:
_java_thread_list=0x00000272e80da1e0, length=23, elements={
0x0000027288696c00, 0x0000027288629360, 0x000002728862c780, 0x0000027288630da0,
0x0000027288631bb0, 0x0000027288637ef0, 0x000002728863a150, 0x00000272e14d8cc0,
0x00000272e14d9d20, 0x00000272e15b3660, 0x00000272e17c8a70, 0x00000272e17c6310,
0x00000272e17c7030, 0x00000272e17c9100, 0x00000272e17c76c0, 0x00000272e17c9790,
0x00000272e17c69a0, 0x00000272e17c7d50, 0x00000272e166b0f0, 0x00000272e73ab0b0,
0x00000272e73abdd0, 0x00000272e73aaa20, 0x00000272e73ac460
}

Java Threads: ( => current thread )
  0x0000027288696c00 JavaThread "main"                              [_thread_blocked, id=24492, stack(0x00000097d2500000,0x00000097d2600000) (1024K)]
  0x0000027288629360 JavaThread "Reference Handler"          daemon [_thread_blocked, id=15040, stack(0x00000097d2900000,0x00000097d2a00000) (1024K)]
  0x000002728862c780 JavaThread "Finalizer"                  daemon [_thread_blocked, id=17640, stack(0x00000097d2a00000,0x00000097d2b00000) (1024K)]
  0x0000027288630da0 JavaThread "Signal Dispatcher"          daemon [_thread_blocked, id=18704, stack(0x00000097d2b00000,0x00000097d2c00000) (1024K)]
  0x0000027288631bb0 JavaThread "Attach Listener"            daemon [_thread_blocked, id=13228, stack(0x00000097d2c00000,0x00000097d2d00000) (1024K)]
  0x0000027288637ef0 JavaThread "Service Thread"             daemon [_thread_blocked, id=31168, stack(0x00000097d2d00000,0x00000097d2e00000) (1024K)]
  0x000002728863a150 JavaThread "Monitor Deflation Thread"   daemon [_thread_blocked, id=7516, stack(0x00000097d2e00000,0x00000097d2f00000) (1024K)]
=>0x00000272e14d8cc0 JavaThread "C2 CompilerThread0"         daemon [_thread_in_native, id=23888, stack(0x00000097d2f00000,0x00000097d3000000) (1024K)]
  0x00000272e14d9d20 JavaThread "C1 CompilerThread0"         daemon [_thread_in_native, id=26764, stack(0x00000097d3000000,0x00000097d3100000) (1024K)]
  0x00000272e15b3660 JavaThread "C1 CompilerThread1"         daemon [_thread_blocked, id=13324, stack(0x00000097d3100000,0x00000097d3200000) (1024K)]
  0x00000272e17c8a70 JavaThread "Common-Cleaner"             daemon [_thread_blocked, id=32536, stack(0x00000097d3400000,0x00000097d3500000) (1024K)]
  0x00000272e17c6310 JavaThread "Notification Thread"        daemon [_thread_blocked, id=29764, stack(0x00000097d3600000,0x00000097d3700000) (1024K)]
  0x00000272e17c7030 JavaThread "Active Thread: Equinox Container: 0ecaae6e-d80c-4b6a-ab0f-067b9d042b90"        [_thread_blocked, id=17036, stack(0x00000097d3800000,0x00000097d3900000) (1024K)]
  0x00000272e17c9100 JavaThread "Refresh Thread: Equinox Container: 0ecaae6e-d80c-4b6a-ab0f-067b9d042b90" daemon [_thread_blocked, id=28308, stack(0x00000097d3200000,0x00000097d3300000) (1024K)]
  0x00000272e17c76c0 JavaThread "Framework Event Dispatcher: Equinox Container: 0ecaae6e-d80c-4b6a-ab0f-067b9d042b90" daemon [_thread_blocked, id=2908, stack(0x00000097d3300000,0x00000097d3400000) (1024K)]
  0x00000272e17c9790 JavaThread "Start Level: Equinox Container: 0ecaae6e-d80c-4b6a-ab0f-067b9d042b90" daemon [_thread_in_Java, id=23408, stack(0x00000097d3500000,0x00000097d3600000) (1024K)]
  0x00000272e17c69a0 JavaThread "Bundle File Closer"         daemon [_thread_blocked, id=28556, stack(0x00000097d4400000,0x00000097d4500000) (1024K)]
  0x00000272e17c7d50 JavaThread "SCR Component Actor"        daemon [_thread_blocked, id=15704, stack(0x00000097d4200000,0x00000097d4300000) (1024K)]
  0x00000272e166b0f0 JavaThread "C1 CompilerThread2"         daemon [_thread_blocked, id=32224, stack(0x00000097d4300000,0x00000097d4400000) (1024K)]
  0x00000272e73ab0b0 JavaThread "Worker-JM"                         [_thread_blocked, id=23992, stack(0x00000097d4500000,0x00000097d4600000) (1024K)]
  0x00000272e73abdd0 JavaThread "JNA Cleaner"                daemon [_thread_blocked, id=15756, stack(0x00000097d4900000,0x00000097d4a00000) (1024K)]
  0x00000272e73aaa20 JavaThread "Worker-0"                          [_thread_blocked, id=15168, stack(0x00000097d4a00000,0x00000097d4b00000) (1024K)]
  0x00000272e73ac460 JavaThread "Worker-1"                          [_thread_blocked, id=8636, stack(0x00000097d4800000,0x00000097d4900000) (1024K)]
Total: 23

Other Threads:
  0x00000272886238c0 VMThread "VM Thread"                           [id=5000, stack(0x00000097d2800000,0x00000097d2900000) (1024K)]
  0x000002728851ca00 WatcherThread "VM Periodic Task Thread"        [id=7368, stack(0x00000097d2700000,0x00000097d2800000) (1024K)]
  0x00000272886b50f0 WorkerThread "GC Thread#0"                     [id=25308, stack(0x00000097d2600000,0x00000097d2700000) (1024K)]
  0x00000272e79af9e0 WorkerThread "GC Thread#1"                     [id=1860, stack(0x00000097d3900000,0x00000097d3a00000) (1024K)]
  0x00000272e78a83d0 WorkerThread "GC Thread#2"                     [id=26552, stack(0x00000097d3a00000,0x00000097d3b00000) (1024K)]
  0x00000272e78a8780 WorkerThread "GC Thread#3"                     [id=20976, stack(0x00000097d3b00000,0x00000097d3c00000) (1024K)]
  0x00000272e766bb10 WorkerThread "GC Thread#4"                     [id=16464, stack(0x00000097d3c00000,0x00000097d3d00000) (1024K)]
  0x00000272e75438c0 WorkerThread "GC Thread#5"                     [id=31916, stack(0x00000097d3d00000,0x00000097d3e00000) (1024K)]
  0x00000272e7543c70 WorkerThread "GC Thread#6"                     [id=4668, stack(0x00000097d3e00000,0x00000097d3f00000) (1024K)]
  0x00000272e74d6360 WorkerThread "GC Thread#7"                     [id=23164, stack(0x00000097d3f00000,0x00000097d4000000) (1024K)]
  0x00000272e74445e0 WorkerThread "GC Thread#8"                     [id=2932, stack(0x00000097d3700000,0x00000097d3800000) (1024K)]
  0x00000272e7cbbaf0 WorkerThread "GC Thread#9"                     [id=7528, stack(0x00000097d4000000,0x00000097d4100000) (1024K)]
  0x00000272e7cbbea0 WorkerThread "GC Thread#10"                    [id=21720, stack(0x00000097d4100000,0x00000097d4200000) (1024K)]
  0x00000272e16cfee0 WorkerThread "GC Thread#11"                    [id=30868, stack(0x00000097d4600000,0x00000097d4700000) (1024K)]
  0x00000272e78987e0 WorkerThread "GC Thread#12"                    [id=6424, stack(0x00000097d4700000,0x00000097d4800000) (1024K)]
Total: 15

Threads with active compile tasks:
C2 CompilerThread0  21846 4286       4       java.util.zip.ZipFile$Source::initCEN (612 bytes)
C1 CompilerThread0  21846 4293   !   3       jdk.internal.math.FloatingDecimal::readJavaFormatString (826 bytes)
Total: 2

VM state: not at safepoint (normal execution)

VM Mutex/Monitor currently owned by a thread: None

Heap address: 0x0000000080000000, size: 2048 MB, Compressed Oops mode: 32-bit

CDS archive(s) mapped at: [0x000002729f000000-0x000002729fba0000-0x000002729fba0000), size 12189696, SharedBaseAddress: 0x000002729f000000, ArchiveRelocationMode: 1.
Compressed class space mapped at: 0x00000272a0000000-0x00000272e0000000, reserved size: 1073741824
Narrow klass base: 0x000002729f000000, Narrow klass shift: 0, Narrow klass range: 0x100000000

GC Precious Log:
 CardTable entry size: 512
 CPUs: 16 total, 16 available
 Memory: 16076M
 Large Page Support: Disabled
 NUMA Support: Disabled
 Compressed Oops: Enabled (32-bit)
 Alignments: Space 512K, Generation 512K, Heap 2M
 Heap Min Capacity: 100M
 Heap Initial Capacity: 100M
 Heap Max Capacity: 2G
 Pre-touch: Disabled
 Parallel Workers: 13

Heap:
 PSYoungGen      total 28672K, used 8002K [0x00000000d5580000, 0x00000000d7700000, 0x0000000100000000)
  eden space 24064K, 33% used [0x00000000d5580000,0x00000000d5d50900,0x00000000d6d00000)
  from space 4608K, 0% used [0x00000000d7280000,0x00000000d7280000,0x00000000d7700000)
  to   space 4608K, 0% used [0x00000000d6e00000,0x00000000d6e00000,0x00000000d7280000)
 ParOldGen       total 68608K, used 13008K [0x0000000080000000, 0x0000000084300000, 0x00000000d5580000)
  object space 68608K, 18% used [0x0000000080000000,0x0000000080cb40b0,0x0000000084300000)
 Metaspace       used 21605K, committed 22464K, reserved 1114112K
  class space    used 2258K, committed 2624K, reserved 1048576K

Card table byte_map: [0x0000027288030000,0x0000027288440000] _byte_map_base: 0x0000027287c30000

Marking Bits: (ParMarkBitMap*) 0x00007ffc3e593450
 Begin Bits: [0x000002729ab40000, 0x000002729cb40000)
 End Bits:   [0x000002729cb40000, 0x000002729eb40000)

Polling page: 0x0000027286450000

Metaspace:

Usage:
  Non-class:     18.89 MB used.
      Class:      2.21 MB used.
       Both:     21.10 MB used.

Virtual space:
  Non-class space:       64.00 MB reserved,      19.38 MB ( 30%) committed,  1 nodes.
      Class space:        1.00 GB reserved,       2.56 MB ( <1%) committed,  1 nodes.
             Both:        1.06 GB reserved,      21.94 MB (  2%) committed. 

Chunk freelists:
   Non-Class:  11.78 MB
       Class:  13.36 MB
        Both:  25.14 MB

MaxMetaspaceSize: unlimited
CompressedClassSpaceSize: 1.00 GB
Initial GC threshold: 21.00 MB
Current GC threshold: 35.00 MB
CDS: on
 - commit_granule_bytes: 65536.
 - commit_granule_words: 8192.
 - virtual_space_node_default_size: 8388608.
 - enlarge_chunks_in_place: 1.
 - use_allocation_guard: 0.


Internal statistics:

num_allocs_failed_limit: 3.
num_arena_births: 700.
num_arena_deaths: 14.
num_vsnodes_births: 2.
num_vsnodes_deaths: 0.
num_space_committed: 351.
num_space_uncommitted: 0.
num_chunks_returned_to_freelist: 17.
num_chunks_taken_from_freelist: 1554.
num_chunk_merges: 7.
num_chunk_splits: 989.
num_chunks_enlarged: 619.
num_inconsistent_stats: 0.

CodeHeap 'non-profiled nmethods': size=119168Kb used=1855Kb max_used=1855Kb free=117313Kb
 bounds [0x0000027293430000, 0x00000272936a0000, 0x000002729a890000]
CodeHeap 'profiled nmethods': size=119104Kb used=9121Kb max_used=9121Kb free=109982Kb
 bounds [0x000002728b890000, 0x000002728c180000, 0x0000027292ce0000]
CodeHeap 'non-nmethods': size=7488Kb used=2445Kb max_used=2936Kb free=5042Kb
 bounds [0x0000027292ce0000, 0x0000027292fd0000, 0x0000027293430000]
CodeCache: size=245760Kb, used=13421Kb, max_used=13912Kb, free=232337Kb
 total_blobs=4871, nmethods=4295, adapters=478, full_count=0
Compilation: enabled, stopped_count=0, restarted_count=0

Compilation events (20 events):
Event: 21.574 Thread 0x00000272e14d8cc0 4285   !   4       java.io.RandomAccessFile::seek (42 bytes)
Event: 21.578 Thread 0x00000272e14d8cc0 nmethod 4285 0x00000272935ff410 code [0x00000272935ff5c0, 0x00000272935ff738]
Event: 21.581 Thread 0x00000272e14d8cc0 4286       4       java.util.zip.ZipFile$Source::initCEN (612 bytes)
Event: 21.650 Thread 0x00000272e166b0f0 4287       3       java.lang.ClassLoader::getClassLoadingLock (35 bytes)
Event: 21.651 Thread 0x00000272e166b0f0 nmethod 4287 0x000002728c171e10 code [0x000002728c171fe0, 0x000002728c172340]
Event: 21.718 Thread 0x00000272e166b0f0 4289       3       java.lang.Throwable::<init> (34 bytes)
Event: 21.718 Thread 0x00000272e166b0f0 nmethod 4289 0x000002728c172490 code [0x000002728c172640, 0x000002728c1728e8]
Event: 21.728 Thread 0x00000272e14d9d20 4290       3       java.util.TreeSet::add (22 bytes)
Event: 21.729 Thread 0x00000272e14d9d20 nmethod 4290 0x000002728c172a10 code [0x000002728c172bc0, 0x000002728c172df8]
Event: 21.729 Thread 0x00000272e14d9d20 4293   !   3       jdk.internal.math.FloatingDecimal::readJavaFormatString (826 bytes)
Event: 21.729 Thread 0x00000272e15b3660 4291       3       java.lang.Double::parseDouble (5 bytes)
Event: 21.730 Thread 0x00000272e166b0f0 4292       3       jdk.internal.math.FloatingDecimal::parseDouble (10 bytes)
Event: 21.730 Thread 0x00000272e15b3660 nmethod 4291 0x000002728c172e90 code [0x000002728c173060, 0x000002728c1732a0]
Event: 21.730 Thread 0x00000272e15b3660 4294       3       org.eclipse.jdt.core.JavaCore$$Lambda/0x00000272a02a2420::applyAsDouble (8 bytes)
Event: 21.730 Thread 0x00000272e166b0f0 nmethod 4292 0x000002728c173390 code [0x000002728c173540, 0x000002728c173728]
Event: 21.730 Thread 0x00000272e166b0f0 4295   !   3       org.eclipse.jdt.core.JavaCore::lambda$0 (8 bytes)
Event: 21.731 Thread 0x00000272e15b3660 nmethod 4294 0x000002728c173810 code [0x000002728c173a00, 0x000002728c173e50]
Event: 21.731 Thread 0x00000272e166b0f0 nmethod 4295 0x000002728c174010 code [0x000002728c1741e0, 0x000002728c1744c0]
Event: 21.731 Thread 0x00000272e15b3660 4296       3       jdk.internal.math.FloatingDecimal$ASCIIToBinaryBuffer::<init> (26 bytes)
Event: 21.731 Thread 0x00000272e15b3660 nmethod 4296 0x000002728c174610 code [0x000002728c1747c0, 0x000002728c174950]

GC Heap History (18 events):
Event: 1.452 GC heap before
{Heap before GC invocations=1 (full 0):
 PSYoungGen      total 29696K, used 25600K [0x00000000d5580000, 0x00000000d7680000, 0x0000000100000000)
  eden space 25600K, 100% used [0x00000000d5580000,0x00000000d6e80000,0x00000000d6e80000)
  from space 4096K, 0% used [0x00000000d7280000,0x00000000d7280000,0x00000000d7680000)
  to   space 4096K, 0% used [0x00000000d6e80000,0x00000000d6e80000,0x00000000d7280000)
 ParOldGen       total 68608K, used 0K [0x0000000080000000, 0x0000000084300000, 0x00000000d5580000)
  object space 68608K, 0% used [0x0000000080000000,0x0000000080000000,0x0000000084300000)
 Metaspace       used 4145K, committed 4416K, reserved 1114112K
  class space    used 453K, committed 576K, reserved 1048576K
}
Event: 1.496 GC heap after
{Heap after GC invocations=1 (full 0):
 PSYoungGen      total 29696K, used 3676K [0x00000000d5580000, 0x00000000d7680000, 0x0000000100000000)
  eden space 25600K, 0% used [0x00000000d5580000,0x00000000d5580000,0x00000000d6e80000)
  from space 4096K, 89% used [0x00000000d6e80000,0x00000000d7217000,0x00000000d7280000)
  to   space 4096K, 0% used [0x00000000d7280000,0x00000000d7280000,0x00000000d7680000)
 ParOldGen       total 68608K, used 16K [0x0000000080000000, 0x0000000084300000, 0x00000000d5580000)
  object space 68608K, 0% used [0x0000000080000000,0x0000000080004000,0x0000000084300000)
 Metaspace       used 4145K, committed 4416K, reserved 1114112K
  class space    used 453K, committed 576K, reserved 1048576K
}
Event: 2.649 GC heap before
{Heap before GC invocations=2 (full 0):
 PSYoungGen      total 29696K, used 29276K [0x00000000d5580000, 0x00000000d7680000, 0x0000000100000000)
  eden space 25600K, 100% used [0x00000000d5580000,0x00000000d6e80000,0x00000000d6e80000)
  from space 4096K, 89% used [0x00000000d6e80000,0x00000000d7217000,0x00000000d7280000)
  to   space 4096K, 0% used [0x00000000d7280000,0x00000000d7280000,0x00000000d7680000)
 ParOldGen       total 68608K, used 16K [0x0000000080000000, 0x0000000084300000, 0x00000000d5580000)
  object space 68608K, 0% used [0x0000000080000000,0x0000000080004000,0x0000000084300000)
 Metaspace       used 7947K, committed 8256K, reserved 1114112K
  class space    used 822K, committed 960K, reserved 1048576K
}
Event: 2.660 GC heap after
{Heap after GC invocations=2 (full 0):
 PSYoungGen      total 29696K, used 4070K [0x00000000d5580000, 0x00000000d7680000, 0x0000000100000000)
  eden space 25600K, 0% used [0x00000000d5580000,0x00000000d5580000,0x00000000d6e80000)
  from space 4096K, 99% used [0x00000000d7280000,0x00000000d7679820,0x00000000d7680000)
  to   space 4096K, 0% used [0x00000000d6e80000,0x00000000d6e80000,0x00000000d7280000)
 ParOldGen       total 68608K, used 1901K [0x0000000080000000, 0x0000000084300000, 0x00000000d5580000)
  object space 68608K, 2% used [0x0000000080000000,0x00000000801db6b8,0x0000000084300000)
 Metaspace       used 7947K, committed 8256K, reserved 1114112K
  class space    used 822K, committed 960K, reserved 1048576K
}
Event: 8.753 GC heap before
{Heap before GC invocations=3 (full 0):
 PSYoungGen      total 29696K, used 29670K [0x00000000d5580000, 0x00000000d7680000, 0x0000000100000000)
  eden space 25600K, 100% used [0x00000000d5580000,0x00000000d6e80000,0x00000000d6e80000)
  from space 4096K, 99% used [0x00000000d7280000,0x00000000d7679820,0x00000000d7680000)
  to   space 4096K, 0% used [0x00000000d6e80000,0x00000000d6e80000,0x00000000d7280000)
 ParOldGen       total 68608K, used 1901K [0x0000000080000000, 0x0000000084300000, 0x00000000d5580000)
  object space 68608K, 2% used [0x0000000080000000,0x00000000801db6b8,0x0000000084300000)
 Metaspace       used 9509K, committed 9856K, reserved 1114112K
  class space    used 1011K, committed 1152K, reserved 1048576K
}
Event: 8.764 GC heap after
{Heap after GC invocations=3 (full 0):
 PSYoungGen      total 29696K, used 4089K [0x00000000d5580000, 0x00000000d7680000, 0x0000000100000000)
  eden space 25600K, 0% used [0x00000000d5580000,0x00000000d5580000,0x00000000d6e80000)
  from space 4096K, 99% used [0x00000000d6e80000,0x00000000d727e668,0x00000000d7280000)
  to   space 4096K, 0% used [0x00000000d7280000,0x00000000d7280000,0x00000000d7680000)
 ParOldGen       total 68608K, used 4171K [0x0000000080000000, 0x0000000084300000, 0x00000000d5580000)
  object space 68608K, 6% used [0x0000000080000000,0x0000000080412d70,0x0000000084300000)
 Metaspace       used 9509K, committed 9856K, reserved 1114112K
  class space    used 1011K, committed 1152K, reserved 1048576K
}
Event: 16.072 GC heap before
{Heap before GC invocations=4 (full 0):
 PSYoungGen      total 29696K, used 29689K [0x00000000d5580000, 0x00000000d7680000, 0x0000000100000000)
  eden space 25600K, 100% used [0x00000000d5580000,0x00000000d6e80000,0x00000000d6e80000)
  from space 4096K, 99% used [0x00000000d6e80000,0x00000000d727e668,0x00000000d7280000)
  to   space 4096K, 0% used [0x00000000d7280000,0x00000000d7280000,0x00000000d7680000)
 ParOldGen       total 68608K, used 4171K [0x0000000080000000, 0x0000000084300000, 0x00000000d5580000)
  object space 68608K, 6% used [0x0000000080000000,0x0000000080412d70,0x0000000084300000)
 Metaspace       used 11455K, committed 11904K, reserved 1114112K
  class space    used 1200K, committed 1408K, reserved 1048576K
}
Event: 16.082 GC heap after
{Heap after GC invocations=4 (full 0):
 PSYoungGen      total 29696K, used 4092K [0x00000000d5580000, 0x00000000d7680000, 0x0000000100000000)
  eden space 25600K, 0% used [0x00000000d5580000,0x00000000d5580000,0x00000000d6e80000)
  from space 4096K, 99% used [0x00000000d7280000,0x00000000d767f3c8,0x00000000d7680000)
  to   space 4096K, 0% used [0x00000000d6e80000,0x00000000d6e80000,0x00000000d7280000)
 ParOldGen       total 68608K, used 6583K [0x0000000080000000, 0x0000000084300000, 0x00000000d5580000)
  object space 68608K, 9% used [0x0000000080000000,0x000000008066dc98,0x0000000084300000)
 Metaspace       used 11455K, committed 11904K, reserved 1114112K
  class space    used 1200K, committed 1408K, reserved 1048576K
}
Event: 17.558 GC heap before
{Heap before GC invocations=5 (full 0):
 PSYoungGen      total 29696K, used 29692K [0x00000000d5580000, 0x00000000d7680000, 0x0000000100000000)
  eden space 25600K, 100% used [0x00000000d5580000,0x00000000d6e80000,0x00000000d6e80000)
  from space 4096K, 99% used [0x00000000d7280000,0x00000000d767f3c8,0x00000000d7680000)
  to   space 4096K, 0% used [0x00000000d6e80000,0x00000000d6e80000,0x00000000d7280000)
 ParOldGen       total 68608K, used 6583K [0x0000000080000000, 0x0000000084300000, 0x00000000d5580000)
  object space 68608K, 9% used [0x0000000080000000,0x000000008066dc98,0x0000000084300000)
 Metaspace       used 14577K, committed 15040K, reserved 1114112K
  class space    used 1488K, committed 1664K, reserved 1048576K
}
Event: 17.567 GC heap after
{Heap after GC invocations=5 (full 0):
 PSYoungGen      total 29184K, used 4064K [0x00000000d5580000, 0x00000000d7900000, 0x0000000100000000)
  eden space 25088K, 0% used [0x00000000d5580000,0x00000000d5580000,0x00000000d6e00000)
  from space 4096K, 99% used [0x00000000d6e80000,0x00000000d72783b0,0x00000000d7280000)
  to   space 5632K, 0% used [0x00000000d7380000,0x00000000d7380000,0x00000000d7900000)
 ParOldGen       total 68608K, used 7214K [0x0000000080000000, 0x0000000084300000, 0x00000000d5580000)
  object space 68608K, 10% used [0x0000000080000000,0x000000008070b8a8,0x0000000084300000)
 Metaspace       used 14577K, committed 15040K, reserved 1114112K
  class space    used 1488K, committed 1664K, reserved 1048576K
}
Event: 19.183 GC heap before
{Heap before GC invocations=6 (full 0):
 PSYoungGen      total 29184K, used 29152K [0x00000000d5580000, 0x00000000d7900000, 0x0000000100000000)
  eden space 25088K, 100% used [0x00000000d5580000,0x00000000d6e00000,0x00000000d6e00000)
  from space 4096K, 99% used [0x00000000d6e80000,0x00000000d72783b0,0x00000000d7280000)
  to   space 5632K, 0% used [0x00000000d7380000,0x00000000d7380000,0x00000000d7900000)
 ParOldGen       total 68608K, used 7214K [0x0000000080000000, 0x0000000084300000, 0x00000000d5580000)
  object space 68608K, 10% used [0x0000000080000000,0x000000008070b8a8,0x0000000084300000)
 Metaspace       used 18306K, committed 19008K, reserved 1114112K
  class space    used 1894K, committed 2176K, reserved 1048576K
}
Event: 19.202 GC heap after
{Heap after GC invocations=6 (full 0):
 PSYoungGen      total 30208K, used 5350K [0x00000000d5580000, 0x00000000d7900000, 0x0000000100000000)
  eden space 24576K, 0% used [0x00000000d5580000,0x00000000d5580000,0x00000000d6d80000)
  from space 5632K, 94% used [0x00000000d7380000,0x00000000d78b98d0,0x00000000d7900000)
  to   space 5632K, 0% used [0x00000000d6e00000,0x00000000d6e00000,0x00000000d7380000)
 ParOldGen       total 68608K, used 7222K [0x0000000080000000, 0x0000000084300000, 0x00000000d5580000)
  object space 68608K, 10% used [0x0000000080000000,0x000000008070d8a8,0x0000000084300000)
 Metaspace       used 18306K, committed 19008K, reserved 1114112K
  class space    used 1894K, committed 2176K, reserved 1048576K
}
Event: 20.887 GC heap before
{Heap before GC invocations=7 (full 0):
 PSYoungGen      total 30208K, used 29926K [0x00000000d5580000, 0x00000000d7900000, 0x0000000100000000)
  eden space 24576K, 100% used [0x00000000d5580000,0x00000000d6d80000,0x00000000d6d80000)
  from space 5632K, 94% used [0x00000000d7380000,0x00000000d78b98d0,0x00000000d7900000)
  to   space 5632K, 0% used [0x00000000d6e00000,0x00000000d6e00000,0x00000000d7380000)
 ParOldGen       total 68608K, used 7222K [0x0000000080000000, 0x0000000084300000, 0x00000000d5580000)
  object space 68608K, 10% used [0x0000000080000000,0x000000008070d8a8,0x0000000084300000)
 Metaspace       used 20443K, committed 21248K, reserved 1114112K
  class space    used 2135K, committed 2496K, reserved 1048576K
}
Event: 20.899 GC heap after
{Heap after GC invocations=7 (full 0):
 PSYoungGen      total 28672K, used 4480K [0x00000000d5580000, 0x00000000d7700000, 0x0000000100000000)
  eden space 24064K, 0% used [0x00000000d5580000,0x00000000d5580000,0x00000000d6d00000)
  from space 4608K, 97% used [0x00000000d6e00000,0x00000000d7260018,0x00000000d7280000)
  to   space 4608K, 0% used [0x00000000d7280000,0x00000000d7280000,0x00000000d7700000)
 ParOldGen       total 68608K, used 9030K [0x0000000080000000, 0x0000000084300000, 0x00000000d5580000)
  object space 68608K, 13% used [0x0000000080000000,0x00000000808d18a8,0x0000000084300000)
 Metaspace       used 20443K, committed 21248K, reserved 1114112K
  class space    used 2135K, committed 2496K, reserved 1048576K
}
Event: 20.957 GC heap before
{Heap before GC invocations=8 (full 0):
 PSYoungGen      total 28672K, used 6367K [0x00000000d5580000, 0x00000000d7700000, 0x0000000100000000)
  eden space 24064K, 7% used [0x00000000d5580000,0x00000000d5757f78,0x00000000d6d00000)
  from space 4608K, 97% used [0x00000000d6e00000,0x00000000d7260018,0x00000000d7280000)
  to   space 4608K, 0% used [0x00000000d7280000,0x00000000d7280000,0x00000000d7700000)
 ParOldGen       total 68608K, used 9030K [0x0000000080000000, 0x0000000084300000, 0x00000000d5580000)
  object space 68608K, 13% used [0x0000000080000000,0x00000000808d18a8,0x0000000084300000)
 Metaspace       used 20746K, committed 21504K, reserved 1114112K
  class space    used 2177K, committed 2496K, reserved 1048576K
}
Event: 20.965 GC heap after
{Heap after GC invocations=8 (full 0):
 PSYoungGen      total 28672K, used 4265K [0x00000000d5580000, 0x00000000d7700000, 0x0000000100000000)
  eden space 24064K, 0% used [0x00000000d5580000,0x00000000d5580000,0x00000000d6d00000)
  from space 4608K, 92% used [0x00000000d7280000,0x00000000d76aa540,0x00000000d7700000)
  to   space 4608K, 0% used [0x00000000d6e00000,0x00000000d6e00000,0x00000000d7280000)
 ParOldGen       total 68608K, used 9379K [0x0000000080000000, 0x0000000084300000, 0x00000000d5580000)
  object space 68608K, 13% used [0x0000000080000000,0x0000000080928cf8,0x0000000084300000)
 Metaspace       used 20746K, committed 21504K, reserved 1114112K
  class space    used 2177K, committed 2496K, reserved 1048576K
}
Event: 20.965 GC heap before
{Heap before GC invocations=9 (full 1):
 PSYoungGen      total 28672K, used 4265K [0x00000000d5580000, 0x00000000d7700000, 0x0000000100000000)
  eden space 24064K, 0% used [0x00000000d5580000,0x00000000d5580000,0x00000000d6d00000)
  from space 4608K, 92% used [0x00000000d7280000,0x00000000d76aa540,0x00000000d7700000)
  to   space 4608K, 0% used [0x00000000d6e00000,0x00000000d6e00000,0x00000000d7280000)
 ParOldGen       total 68608K, used 9379K [0x0000000080000000, 0x0000000084300000, 0x00000000d5580000)
  object space 68608K, 13% used [0x0000000080000000,0x0000000080928cf8,0x0000000084300000)
 Metaspace       used 20746K, committed 21504K, reserved 1114112K
  class space    used 2177K, committed 2496K, reserved 1048576K
}
Event: 21.072 GC heap after
{Heap after GC invocations=9 (full 1):
 PSYoungGen      total 28672K, used 0K [0x00000000d5580000, 0x00000000d7700000, 0x0000000100000000)
  eden space 24064K, 0% used [0x00000000d5580000,0x00000000d5580000,0x00000000d6d00000)
  from space 4608K, 0% used [0x00000000d7280000,0x00000000d7280000,0x00000000d7700000)
  to   space 4608K, 0% used [0x00000000d6e00000,0x00000000d6e00000,0x00000000d7280000)
 ParOldGen       total 68608K, used 13008K [0x0000000080000000, 0x0000000084300000, 0x00000000d5580000)
  object space 68608K, 18% used [0x0000000080000000,0x0000000080cb40b0,0x0000000084300000)
 Metaspace       used 20733K, committed 21504K, reserved 1114112K
  class space    used 2173K, committed 2496K, reserved 1048576K
}

Dll operation events (10 events):
Event: 0.016 Loaded shared library c:\Users\vigne\.antigravity\extensions\redhat.java-1.53.0-win32-x64\jre\21.0.10-win32-x86_64\bin\java.dll
Event: 0.110 Loaded shared library c:\Users\vigne\.antigravity\extensions\redhat.java-1.53.0-win32-x64\jre\21.0.10-win32-x86_64\bin\zip.dll
Event: 0.141 Loaded shared library C:\Users\vigne\.antigravity\extensions\redhat.java-1.53.0-win32-x64\jre\21.0.10-win32-x86_64\bin\instrument.dll
Event: 0.148 Loaded shared library C:\Users\vigne\.antigravity\extensions\redhat.java-1.53.0-win32-x64\jre\21.0.10-win32-x86_64\bin\net.dll
Event: 0.153 Loaded shared library C:\Users\vigne\.antigravity\extensions\redhat.java-1.53.0-win32-x64\jre\21.0.10-win32-x86_64\bin\nio.dll
Event: 0.159 Loaded shared library C:\Users\vigne\.antigravity\extensions\redhat.java-1.53.0-win32-x64\jre\21.0.10-win32-x86_64\bin\zip.dll
Event: 0.185 Loaded shared library C:\Users\vigne\.antigravity\extensions\redhat.java-1.53.0-win32-x64\jre\21.0.10-win32-x86_64\bin\jimage.dll
Event: 0.325 Loaded shared library c:\Users\vigne\.antigravity\extensions\redhat.java-1.53.0-win32-x64\jre\21.0.10-win32-x86_64\bin\verify.dll
Event: 7.596 Loaded shared library C:\Users\vigne\AppData\Roaming\Antigravity\User\globalStorage\redhat.java\1.53.0\config_win\org.eclipse.equinox.launcher\org.eclipse.equinox.launcher.win32.win32.x86_64_1.3.0.v20260203-2149\eclipse_11919.dll
Event: 18.527 Loaded shared library C:\Users\vigne\AppData\Local\Temp\jna-112206027\jna2562789383799152216.dll

Deoptimization events (20 events):
Event: 20.947 Thread 0x00000272e17c9790 DEOPT PACKING pc=0x00000272935d6954 sp=0x00000097d35f3610
Event: 20.947 Thread 0x00000272e17c9790 DEOPT UNPACKING pc=0x0000027292d33aa2 sp=0x00000097d35f35c0 mode 2
Event: 20.947 Thread 0x00000272e17c9790 Uncommon trap: trap_request=0xffffffde fr.pc=0x00000272935d6954 relative=0x0000000000000474
Event: 20.947 Thread 0x00000272e17c9790 Uncommon trap: reason=class_check action=maybe_recompile pc=0x00000272935d6954 method=java.util.ImmutableCollections$MapN.probe(Ljava/lang/Object;)I @ 1 c2
Event: 20.947 Thread 0x00000272e17c9790 DEOPT PACKING pc=0x00000272935d6954 sp=0x00000097d35f3610
Event: 20.947 Thread 0x00000272e17c9790 DEOPT UNPACKING pc=0x0000027292d33aa2 sp=0x00000097d35f35c0 mode 2
Event: 20.947 Thread 0x00000272e17c9790 Uncommon trap: trap_request=0xffffffde fr.pc=0x00000272935d6954 relative=0x0000000000000474
Event: 20.947 Thread 0x00000272e17c9790 Uncommon trap: reason=class_check action=maybe_recompile pc=0x00000272935d6954 method=java.util.ImmutableCollections$MapN.probe(Ljava/lang/Object;)I @ 1 c2
Event: 20.947 Thread 0x00000272e17c9790 DEOPT PACKING pc=0x00000272935d6954 sp=0x00000097d35f3610
Event: 20.947 Thread 0x00000272e17c9790 DEOPT UNPACKING pc=0x0000027292d33aa2 sp=0x00000097d35f35c0 mode 2
Event: 21.151 Thread 0x00000272e17c9790 Uncommon trap: trap_request=0xffffff45 fr.pc=0x00000272935af728 relative=0x0000000000005288
Event: 21.151 Thread 0x00000272e17c9790 Uncommon trap: reason=unstable_if action=reinterpret pc=0x00000272935af728 method=java.lang.invoke.MethodType.genericMethodType(IZ)Ljava/lang/invoke/MethodType; @ 27 c2
Event: 21.151 Thread 0x00000272e17c9790 DEOPT PACKING pc=0x00000272935af728 sp=0x00000097d35efe00
Event: 21.151 Thread 0x00000272e17c9790 DEOPT UNPACKING pc=0x0000027292d33aa2 sp=0x00000097d35efc10 mode 2
Event: 21.171 Thread 0x00000272e17c9790 Uncommon trap: trap_request=0xffffff45 fr.pc=0x00000272935cdd9c relative=0x000000000000007c
Event: 21.171 Thread 0x00000272e17c9790 Uncommon trap: reason=unstable_if action=reinterpret pc=0x00000272935cdd9c method=java.lang.invoke.LambdaForm$BasicType.basicType(C)Ljava/lang/invoke/LambdaForm$BasicType; @ 1 c2
Event: 21.171 Thread 0x00000272e17c9790 DEOPT PACKING pc=0x00000272935cdd9c sp=0x00000097d35f2b00
Event: 21.171 Thread 0x00000272e17c9790 DEOPT UNPACKING pc=0x0000027292d33aa2 sp=0x00000097d35f2a98 mode 2
Event: 21.581 Thread 0x00000272e17c9790 DEOPT PACKING pc=0x000002728bcfa61f sp=0x00000097d35fa1b0
Event: 21.581 Thread 0x00000272e17c9790 DEOPT UNPACKING pc=0x0000027292d34242 sp=0x00000097d35f9720 mode 0

Classes loaded (20 events):
Event: 21.143 Loading class java/lang/runtime/ObjectMethods
Event: 21.145 Loading class java/lang/runtime/ObjectMethods done
Event: 21.154 Loading class java/lang/invoke/MethodHandleImpl$Makers
Event: 21.157 Loading class java/lang/invoke/MethodHandleImpl$Makers done
Event: 21.157 Loading class java/lang/invoke/MethodHandleImpl$Makers$1
Event: 21.157 Loading class java/lang/invoke/MethodHandleImpl$Makers$1 done
Event: 21.157 Loading class java/lang/invoke/MethodHandleImpl$Makers$2
Event: 21.158 Loading class java/lang/invoke/MethodHandleImpl$Makers$2 done
Event: 21.158 Loading class java/lang/invoke/MethodHandleImpl$Makers$3
Event: 21.158 Loading class java/lang/invoke/MethodHandleImpl$Makers$3 done
Event: 21.175 Loading class java/lang/runtime/ObjectMethods$1
Event: 21.175 Loading class java/lang/runtime/ObjectMethods$1 done
Event: 21.316 Loading class org/w3c/dom/Node
Event: 21.316 Loading class org/w3c/dom/Node done
Event: 21.316 Loading class javax/xml/transform/Result
Event: 21.316 Loading class javax/xml/transform/Result done
Event: 21.316 Loading class javax/xml/transform/Source
Event: 21.316 Loading class javax/xml/transform/Source done
Event: 21.729 Loading class java/util/Collections$UnmodifiableSortedSet
Event: 21.729 Loading class java/util/Collections$UnmodifiableSortedSet done

Classes unloaded (7 events):
Event: 20.985 Thread 0x00000272886238c0 Unloading class 0x00000272a01a4800 'java/lang/invoke/LambdaForm$MH+0x00000272a01a4800'
Event: 20.985 Thread 0x00000272886238c0 Unloading class 0x00000272a01a4400 'java/lang/invoke/LambdaForm$MH+0x00000272a01a4400'
Event: 20.985 Thread 0x00000272886238c0 Unloading class 0x00000272a01a4000 'java/lang/invoke/LambdaForm$MH+0x00000272a01a4000'
Event: 20.985 Thread 0x00000272886238c0 Unloading class 0x00000272a01a3c00 'java/lang/invoke/LambdaForm$MH+0x00000272a01a3c00'
Event: 20.985 Thread 0x00000272886238c0 Unloading class 0x00000272a01a3800 'java/lang/invoke/LambdaForm$BMH+0x00000272a01a3800'
Event: 20.985 Thread 0x00000272886238c0 Unloading class 0x00000272a01a3400 'java/lang/invoke/LambdaForm$DMH+0x00000272a01a3400'
Event: 20.985 Thread 0x00000272886238c0 Unloading class 0x00000272a01a2000 'java/lang/invoke/LambdaForm$DMH+0x00000272a01a2000'

Classes redefined (0 events):
No events

Internal exceptions (20 events):
Event: 18.823 Thread 0x00000272e17c9790 Exception <a 'java/lang/NoSuchMethodError'{0x00000000d687a4f0}: 'java.lang.Object java.lang.invoke.Invokers$Holder.linkToTargetMethod(java.lang.Object, java.lang.Object, int, java.lang.Object, java.lang.Object)'> (0x00000000d687a4f0) 
thrown [s\src\hotspot\share\interpreter\linkResolver.cpp, line 773]
Event: 18.825 Thread 0x00000272e73aaa20 Exception <a 'java/lang/NoSuchMethodError'{0x00000000d6765a38}: 'java.lang.Object java.lang.invoke.DirectMethodHandle$Holder.invokeSpecial(java.lang.Object, java.lang.Object, int, java.lang.Object, java.lang.Object)'> (0x00000000d6765a38) 
thrown [s\src\hotspot\share\interpreter\linkResolver.cpp, line 773]
Event: 18.880 Thread 0x00000272e17c9790 Exception <a 'java/lang/NoSuchMethodError'{0x00000000d698f8f0}: 'void java.lang.invoke.DirectMethodHandle$Holder.invokeSpecial(java.lang.Object, java.lang.Object, java.lang.Object, java.lang.Object, java.lang.Object)'> (0x00000000d698f8f0) 
thrown [s\src\hotspot\share\interpreter\linkResolver.cpp, line 773]
Event: 19.466 Thread 0x00000272e17c9790 Exception <a 'java/lang/NoSuchMethodError'{0x00000000d59287f0}: 'java.lang.Object java.lang.invoke.DirectMethodHandle$Holder.invokeInterface(java.lang.Object, java.lang.Object, java.lang.Object)'> (0x00000000d59287f0) 
thrown [s\src\hotspot\share\interpreter\linkResolver.cpp, line 773]
Event: 19.809 Thread 0x00000272e17c9790 Exception <a 'java/lang/NoSuchMethodError'{0x00000000d5dada30}: 'java.lang.Object java.lang.invoke.Invokers$Holder.linkToTargetMethod(java.lang.Object, long, java.lang.Object, java.lang.Object)'> (0x00000000d5dada30) 
thrown [s\src\hotspot\share\interpreter\linkResolver.cpp, line 773]
Event: 20.913 Thread 0x00000272e17c9790 Exception <a 'java/lang/NoSuchMethodError'{0x00000000d55d0800}: 'long java.lang.invoke.Invokers$Holder.invokeExact_MT(java.lang.Object, java.lang.Object)'> (0x00000000d55d0800) 
thrown [s\src\hotspot\share\interpreter\linkResolver.cpp, line 773]
Event: 20.946 Thread 0x00000272e17c9790 Exception <a 'java/lang/NoSuchMethodError'{0x00000000d56b7590}: 'long java.lang.invoke.DirectMethodHandle$Holder.invokeStatic(java.lang.Object, java.lang.Object, int)'> (0x00000000d56b7590) 
thrown [s\src\hotspot\share\interpreter\linkResolver.cpp, line 773]
Event: 21.094 Thread 0x00000272e17c9790 Exception <a 'java/lang/NoSuchMethodError'{0x00000000d55a77b8}: 'java.lang.Object java.lang.invoke.DirectMethodHandle$Holder.invokeStatic(java.lang.Object, java.lang.Object, java.lang.Object, java.lang.Object, int, java.lang.Object)'> (0x00000000d55a77b8) 
thrown [s\src\hotspot\share\interpreter\linkResolver.cpp, line 773]
Event: 21.146 Thread 0x00000272e17c9790 Exception <a 'java/lang/NoSuchMethodError'{0x00000000d55f9b50}: 'java.lang.Object java.lang.invoke.DirectMethodHandle$Holder.invokeStaticInit(java.lang.Object, java.lang.Object, java.lang.Object, java.lang.Object, java.lang.Object, java.lang.Object, java.lang.Object)'> (0x00000000d55f9b50) 
thrown [s\src\hotspot\share\interpreter\linkResolver.cpp, line 773]
Event: 21.153 Thread 0x00000272e17c9790 Exception <a 'java/lang/NoSuchMethodError'{0x00000000d55ffdb8}: 'java.lang.Object java.lang.invoke.Invokers$Holder.invoke_MT(java.lang.Object, java.lang.Object, java.lang.Object, java.lang.Object, java.lang.Object, java.lang.Object, java.lang.Object, java.lang.Object, java.lang.Object, java.lang.Object, java.lang.Object)'> (0x00000000d55ffdb8) 
thrown [s\src\hotspot\share\interpreter\linkResolver.cpp, line 773]
Event: 21.176 Thread 0x00000272e17c9790 Exception <a 'java/lang/NoSuchMethodError'{0x00000000d56363a0}: 'int java.lang.invoke.DirectMethodHandle$Holder.invokeVirtual(java.lang.Object, java.lang.Object, java.lang.Object)'> (0x00000000d56363a0) 
thrown [s\src\hotspot\share\interpreter\linkResolver.cpp, line 773]
Event: 21.176 Thread 0x00000272e17c9790 Exception <a 'java/lang/NoSuchMethodError'{0x00000000d563b1a8}: 'int java.lang.invoke.DirectMethodHandle$Holder.invokeStaticInit(java.lang.Object, int, int)'> (0x00000000d563b1a8) 
thrown [s\src\hotspot\share\interpreter\linkResolver.cpp, line 773]
Event: 21.177 Thread 0x00000272e17c9790 Exception <a 'java/lang/NoSuchMethodError'{0x00000000d5643410}: 'int java.lang.invoke.DirectMethodHandle$Holder.invokeStaticInit(java.lang.Object, long, long)'> (0x00000000d5643410) 
thrown [s\src\hotspot\share\interpreter\linkResolver.cpp, line 773]
Event: 21.189 Thread 0x00000272e17c9790 Exception <a 'java/lang/NoSuchMethodError'{0x00000000d564ac18}: 'int java.lang.invoke.DirectMethodHandle$Holder.invokeStaticInit(java.lang.Object, float, float)'> (0x00000000d564ac18) 
thrown [s\src\hotspot\share\interpreter\linkResolver.cpp, line 773]
Event: 21.198 Thread 0x00000272e17c9790 Exception <a 'java/lang/NoSuchMethodError'{0x00000000d5652418}: 'int java.lang.invoke.DirectMethodHandle$Holder.invokeStaticInit(java.lang.Object, double, double)'> (0x00000000d5652418) 
thrown [s\src\hotspot\share\interpreter\linkResolver.cpp, line 773]
Event: 21.215 Thread 0x00000272e17c9790 Exception <a 'java/lang/NoSuchMethodError'{0x00000000d56576f0}: 'int java.lang.invoke.DirectMethodHandle$Holder.invokeStatic(java.lang.Object, long)'> (0x00000000d56576f0) 
thrown [s\src\hotspot\share\interpreter\linkResolver.cpp, line 773]
Event: 21.222 Thread 0x00000272e17c9790 Exception <a 'java/lang/NoSuchMethodError'{0x00000000d5669618}: 'int java.lang.invoke.DirectMethodHandle$Holder.invokeSpecial(java.lang.Object, java.lang.Object, int, int)'> (0x00000000d5669618) 
thrown [s\src\hotspot\share\interpreter\linkResolver.cpp, line 773]
Event: 21.226 Thread 0x00000272e17c9790 Exception <a 'java/lang/NoSuchMethodError'{0x00000000d567cfa8}: 'int java.lang.invoke.Invokers$Holder.linkToTargetMethod(java.lang.Object, java.lang.Object)'> (0x00000000d567cfa8) 
thrown [s\src\hotspot\share\interpreter\linkResolver.cpp, line 773]
Event: 21.718 Thread 0x00000272e17c9790 Exception <a 'java/lang/NoSuchMethodError'{0x00000000d5bac958}: 'double java.lang.invoke.DirectMethodHandle$Holder.invokeStatic(java.lang.Object, java.lang.Object)'> (0x00000000d5bac958) 
thrown [s\src\hotspot\share\interpreter\linkResolver.cpp, line 773]
Event: 21.718 Thread 0x00000272e17c9790 Exception <a 'java/lang/NoSuchMethodError'{0x00000000d5bb0018}: 'double java.lang.invoke.DirectMethodHandle$Holder.invokeStaticInit(java.lang.Object, java.lang.Object)'> (0x00000000d5bb0018) 
thrown [s\src\hotspot\share\interpreter\linkResolver.cpp, line 773]

ZGC Phase Switch (0 events):
No events

VM Operations (20 events):
Event: 18.553 Executing non-safepoint VM operation: HandshakeAllThreads (Deoptimize)
Event: 18.553 Executing non-safepoint VM operation: HandshakeAllThreads (Deoptimize) done
Event: 19.077 Executing non-safepoint VM operation: HandshakeAllThreads (Deoptimize)
Event: 19.077 Executing non-safepoint VM operation: HandshakeAllThreads (Deoptimize) done
Event: 19.077 Executing safepoint VM operation: Cleanup
Event: 19.077 Executing safepoint VM operation: Cleanup done
Event: 19.183 Executing safepoint VM operation: ParallelGCFailedAllocation (Allocation Failure)
Event: 19.202 Executing safepoint VM operation: ParallelGCFailedAllocation (Allocation Failure) done
Event: 19.305 Executing non-safepoint VM operation: HandshakeAllThreads (Deoptimize)
Event: 19.305 Executing non-safepoint VM operation: HandshakeAllThreads (Deoptimize) done
Event: 19.332 Executing non-safepoint VM operation: HandshakeAllThreads (Deoptimize)
Event: 19.332 Executing non-safepoint VM operation: HandshakeAllThreads (Deoptimize) done
Event: 20.335 Executing safepoint VM operation: Cleanup
Event: 20.335 Executing safepoint VM operation: Cleanup done
Event: 20.887 Executing safepoint VM operation: ParallelGCFailedAllocation (Allocation Failure)
Event: 20.899 Executing safepoint VM operation: ParallelGCFailedAllocation (Allocation Failure) done
Event: 20.943 Executing non-safepoint VM operation: HandshakeAllThreads (Deoptimize)
Event: 20.943 Executing non-safepoint VM operation: HandshakeAllThreads (Deoptimize) done
Event: 20.957 Executing safepoint VM operation: CollectForMetadataAllocation (Metadata GC Threshold)
Event: 21.072 Executing safepoint VM operation: CollectForMetadataAllocation (Metadata GC Threshold) done

Memory protections (0 events):
No events

Nmethod flushes (0 events):
No events

Events (20 events):
Event: 8.370 Thread 0x00000272e7abf670 Thread exited: 0x00000272e7abf670
Event: 8.370 Thread 0x00000272e161e0f0 Thread exited: 0x00000272e161e0f0
Event: 8.539 Thread 0x00000272e16bcb90 Thread exited: 0x00000272e16bcb90
Event: 8.775 Thread 0x00000272e15b3660 Thread added: 0x00000272e7c7d790
Event: 8.875 Thread 0x00000272e15b3660 Thread added: 0x00000272e7d44b90
Event: 9.119 Thread 0x00000272e17c9790 Thread added: 0x00000272e17c69a0
Event: 9.410 Thread 0x00000272e7d44b90 Thread exited: 0x00000272e7d44b90
Event: 9.413 Thread 0x00000272e7c7d790 Thread exited: 0x00000272e7c7d790
Event: 16.071 Thread 0x00000272e17c9790 Thread added: 0x00000272e17c7d50
Event: 16.624 Thread 0x00000272e15b3660 Thread added: 0x00000272e166b0f0
Event: 17.498 Thread 0x00000272e17c9790 Thread added: 0x00000272e73ab0b0
Event: 18.084 Thread 0x00000272e166b0f0 Thread added: 0x00000272e74779a0
Event: 18.604 Thread 0x00000272e17c9790 Thread added: 0x00000272e73abdd0
Event: 18.725 Thread 0x00000272e17c9790 Thread added: 0x00000272e73aaa20
Event: 18.823 Thread 0x00000272e74779a0 Thread exited: 0x00000272e74779a0
Event: 18.831 Thread 0x00000272e17c9790 Thread added: 0x00000272e73ac460
Event: 19.123 Thread 0x00000272e166b0f0 Thread added: 0x00000272e74779a0
Event: 19.950 Thread 0x00000272e74779a0 Thread exited: 0x00000272e74779a0
Event: 20.244 Thread 0x00000272e14d9d20 Thread added: 0x00000272e74779a0
Event: 21.080 Thread 0x00000272e74779a0 Thread exited: 0x00000272e74779a0


Dynamic libraries:
0x00007ff7ee5b0000 - 0x00007ff7ee5be000 	c:\Users\vigne\.antigravity\extensions\redhat.java-1.53.0-win32-x64\jre\21.0.10-win32-x86_64\bin\java.exe
0x00007ffc8a800000 - 0x00007ffc8aa67000 	C:\Windows\SYSTEM32\ntdll.dll
0x00007ffc4eb00000 - 0x00007ffc4eb20000 	C:\Program Files\Avast Software\Avast\aswhook.dll
0x00007ffc88a60000 - 0x00007ffc88b29000 	C:\Windows\System32\KERNEL32.DLL
0x00007ffc88110000 - 0x00007ffc88501000 	C:\Windows\System32\KERNELBASE.dll
0x00007ffc87ca0000 - 0x00007ffc87deb000 	C:\Windows\System32\ucrtbase.dll
0x00007ffc73a80000 - 0x00007ffc73a9e000 	c:\Users\vigne\.antigravity\extensions\redhat.java-1.53.0-win32-x64\jre\21.0.10-win32-x86_64\bin\VCRUNTIME140.dll
0x00007ffc74530000 - 0x00007ffc74548000 	c:\Users\vigne\.antigravity\extensions\redhat.java-1.53.0-win32-x64\jre\21.0.10-win32-x86_64\bin\jli.dll
0x00007ffc89bf0000 - 0x00007ffc89db5000 	C:\Windows\System32\USER32.dll
0x00007ffc87f70000 - 0x00007ffc87f97000 	C:\Windows\System32\win32u.dll
0x00007ffc5ed90000 - 0x00007ffc5f023000 	C:\Windows\WinSxS\amd64_microsoft.windows.common-controls_6595b64144ccf1df_6.0.26100.8037_none_3e092faae333b53b\COMCTL32.dll
0x00007ffc88e90000 - 0x00007ffc88ebb000 	C:\Windows\System32\GDI32.dll
0x00007ffc870e0000 - 0x00007ffc8720b000 	C:\Windows\System32\gdi32full.dll
0x00007ffc88d60000 - 0x00007ffc88e09000 	C:\Windows\System32\msvcrt.dll
0x00007ffc87210000 - 0x00007ffc872b3000 	C:\Windows\System32\msvcp_win.dll
0x00007ffc89b60000 - 0x00007ffc89b91000 	C:\Windows\System32\IMM32.DLL
0x00007ffc73a70000 - 0x00007ffc73a7c000 	c:\Users\vigne\.antigravity\extensions\redhat.java-1.53.0-win32-x64\jre\21.0.10-win32-x86_64\bin\vcruntime140_1.dll
0x00007ffc3ea40000 - 0x00007ffc3eacd000 	c:\Users\vigne\.antigravity\extensions\redhat.java-1.53.0-win32-x64\jre\21.0.10-win32-x86_64\bin\msvcp140.dll
0x00007ffc3d8d0000 - 0x00007ffc3e671000 	c:\Users\vigne\.antigravity\extensions\redhat.java-1.53.0-win32-x64\jre\21.0.10-win32-x86_64\bin\server\jvm.dll
0x00007ffc89dd0000 - 0x00007ffc89e8b000 	C:\Windows\System32\ADVAPI32.dll
0x00007ffc88b90000 - 0x00007ffc88c37000 	C:\Windows\System32\sechost.dll
0x00007ffc88c40000 - 0x00007ffc88d58000 	C:\Windows\System32\RPCRT4.dll
0x00007ffc88ec0000 - 0x00007ffc88f34000 	C:\Windows\System32\WS2_32.dll
0x00007ffc86f60000 - 0x00007ffc86fbe000 	C:\Windows\SYSTEM32\POWRPROF.dll
0x00007ffc73560000 - 0x00007ffc7356b000 	C:\Windows\SYSTEM32\VERSION.dll
0x00007ffc7c750000 - 0x00007ffc7c785000 	C:\Windows\SYSTEM32\WINMM.dll
0x00007ffc86f40000 - 0x00007ffc86f54000 	C:\Windows\SYSTEM32\UMPDC.dll
0x00007ffc85e70000 - 0x00007ffc85e8b000 	C:\Windows\SYSTEM32\kernel.appcore.dll
0x00007ffc73a60000 - 0x00007ffc73a6a000 	c:\Users\vigne\.antigravity\extensions\redhat.java-1.53.0-win32-x64\jre\21.0.10-win32-x86_64\bin\jimage.dll
0x00007ffc84fa0000 - 0x00007ffc851e2000 	C:\Windows\SYSTEM32\DBGHELP.DLL
0x00007ffc88f40000 - 0x00007ffc892c2000 	C:\Windows\System32\combase.dll
0x00007ffc89a40000 - 0x00007ffc89b17000 	C:\Windows\System32\OLEAUT32.dll
0x00007ffc72630000 - 0x00007ffc7266b000 	C:\Windows\SYSTEM32\dbgcore.DLL
0x00007ffc88060000 - 0x00007ffc88105000 	C:\Windows\System32\bcryptPrimitives.dll
0x00007ffc715a0000 - 0x00007ffc715af000 	c:\Users\vigne\.antigravity\extensions\redhat.java-1.53.0-win32-x64\jre\21.0.10-win32-x86_64\bin\instrument.dll
0x00007ffc4d9d0000 - 0x00007ffc4d9f0000 	c:\Users\vigne\.antigravity\extensions\redhat.java-1.53.0-win32-x64\jre\21.0.10-win32-x86_64\bin\java.dll
0x00007ffc892d0000 - 0x00007ffc89a2f000 	C:\Windows\System32\SHELL32.dll
0x00007ffc872c0000 - 0x00007ffc8742a000 	C:\Windows\System32\wintypes.dll
0x00007ffc87430000 - 0x00007ffc87c94000 	C:\Windows\System32\windows.storage.dll
0x00007ffc89e90000 - 0x00007ffc89f87000 	C:\Windows\System32\SHCORE.dll
0x00007ffc8a230000 - 0x00007ffc8a297000 	C:\Windows\System32\shlwapi.dll
0x00007ffc87000000 - 0x00007ffc87029000 	C:\Windows\SYSTEM32\profapi.dll
0x00007ffc42460000 - 0x00007ffc42478000 	c:\Users\vigne\.antigravity\extensions\redhat.java-1.53.0-win32-x64\jre\21.0.10-win32-x86_64\bin\zip.dll
0x00007ffc71590000 - 0x00007ffc715a0000 	C:\Users\vigne\.antigravity\extensions\redhat.java-1.53.0-win32-x64\jre\21.0.10-win32-x86_64\bin\net.dll
0x00007ffc7e190000 - 0x00007ffc7e2b7000 	C:\Windows\SYSTEM32\WINHTTP.dll
0x00007ffc863e0000 - 0x00007ffc8644b000 	C:\Windows\system32\mswsock.dll
0x00007ffc3ea20000 - 0x00007ffc3ea36000 	C:\Users\vigne\.antigravity\extensions\redhat.java-1.53.0-win32-x64\jre\21.0.10-win32-x86_64\bin\nio.dll
0x00007ffc5e4c0000 - 0x00007ffc5e4d0000 	c:\Users\vigne\.antigravity\extensions\redhat.java-1.53.0-win32-x64\jre\21.0.10-win32-x86_64\bin\verify.dll
0x00007ffc3e9d0000 - 0x00007ffc3ea15000 	C:\Users\vigne\AppData\Roaming\Antigravity\User\globalStorage\redhat.java\1.53.0\config_win\org.eclipse.equinox.launcher\org.eclipse.equinox.launcher.win32.win32.x86_64_1.3.0.v20260203-2149\eclipse_11919.dll
0x00007ffc887c0000 - 0x00007ffc88955000 	C:\Windows\System32\ole32.dll
0x00007ffc866d0000 - 0x00007ffc866eb000 	C:\Windows\SYSTEM32\CRYPTSP.dll
0x00007ffc85dd0000 - 0x00007ffc85e09000 	C:\Windows\system32\rsaenh.dll
0x00007ffc86490000 - 0x00007ffc864c2000 	C:\Windows\SYSTEM32\USERENV.dll
0x00007ffc86fd0000 - 0x00007ffc86ffa000 	C:\Windows\SYSTEM32\bcrypt.dll
0x00007ffc866c0000 - 0x00007ffc866cc000 	C:\Windows\SYSTEM32\CRYPTBASE.dll
0x00007ffc858f0000 - 0x00007ffc85923000 	C:\Windows\SYSTEM32\IPHLPAPI.DLL
0x00007ffc89b30000 - 0x00007ffc89b3a000 	C:\Windows\System32\NSI.dll
0x00007ffc3e8e0000 - 0x00007ffc3e929000 	C:\Users\vigne\AppData\Local\Temp\jna-112206027\jna2562789383799152216.dll
0x00007ffc89dc0000 - 0x00007ffc89dc8000 	C:\Windows\System32\PSAPI.DLL

JVMTI agents:
c:\Users\vigne\.antigravity\extensions\redhat.java-1.53.0-win32-x64\lombok\lombok-1.18.39-4050.jar path:c:\Users\vigne\.antigravity\extensions\redhat.java-1.53.0-win32-x64\jre\21.0.10-win32-x86_64\bin\instrument.dll, loaded, initialized, instrumentlib options:none

dbghelp: loaded successfully - version: 4.0.5 - missing functions: none
symbol engine: initialized successfully - sym options: 0x614 - pdb path: .;c:\Users\vigne\.antigravity\extensions\redhat.java-1.53.0-win32-x64\jre\21.0.10-win32-x86_64\bin;C:\Windows\SYSTEM32;C:\Program Files\Avast Software\Avast;C:\Windows\WinSxS\amd64_microsoft.windows.common-controls_6595b64144ccf1df_6.0.26100.8037_none_3e092faae333b53b;c:\Users\vigne\.antigravity\extensions\redhat.java-1.53.0-win32-x64\jre\21.0.10-win32-x86_64\bin\server;C:\Users\vigne\AppData\Roaming\Antigravity\User\globalStorage\redhat.java\1.53.0\config_win\org.eclipse.equinox.launcher\org.eclipse.equinox.launcher.win32.win32.x86_64_1.3.0.v20260203-2149;C:\Users\vigne\AppData\Local\Temp\jna-112206027

VM Arguments:
jvm_args: --add-modules=ALL-SYSTEM --add-opens=java.base/java.util=ALL-UNNAMED --add-opens=java.base/java.lang=ALL-UNNAMED --add-opens=java.base/sun.nio.fs=ALL-UNNAMED -Declipse.application=org.eclipse.jdt.ls.core.id1 -Dosgi.bundles.defaultStartLevel=4 -Declipse.product=org.eclipse.jdt.ls.core.product -Djava.import.generatesMetadataFilesAtProjectRoot=false -DDetectVMInstallationsJob.disabled=true -Dfile.encoding=utf8 -XX:+UseParallelGC -XX:GCTimeRatio=4 -XX:AdaptiveSizePolicyWeight=90 -Dsun.zip.disableMemoryMapping=true -Xmx2G -Xms100m -Xlog:disable -javaagent:c:\Users\vigne\.antigravity\extensions\redhat.java-1.53.0-win32-x64\lombok\lombok-1.18.39-4050.jar -XX:+HeapDumpOnOutOfMemoryError -XX:HeapDumpPath=c:\Users\vigne\AppData\Roaming\Antigravity\User\workspaceStorage\b61ed07c5920df7e9600909bd8f1cd97\redhat.java -Daether.dependencyCollector.impl=bf 
java_command: c:\Users\vigne\.antigravity\extensions\redhat.java-1.53.0-win32-x64\server\plugins\org.eclipse.equinox.launcher_1.7.100.v20251111-0406.jar -configuration c:\Users\vigne\AppData\Roaming\Antigravity\User\globalStorage\redhat.java\1.53.0\config_win -data c:\Users\vigne\AppData\Roaming\Antigravity\User\workspaceStorage\b61ed07c5920df7e9600909bd8f1cd97\redhat.java\jdt_ws --pipe=\\.\pipe\lsp-1b6488d1b65fb82639d8dd6ea0161685-sock
java_class_path (initial): c:\Users\vigne\.antigravity\extensions\redhat.java-1.53.0-win32-x64\server\plugins\org.eclipse.equinox.launcher_1.7.100.v20251111-0406.jar
Launcher Type: SUN_STANDARD

[Global flags]
    uintx AdaptiveSizePolicyWeight                 = 90                                        {product} {command line}
     intx CICompilerCount                          = 12                                        {product} {ergonomic}
    uintx GCTimeRatio                              = 4                                         {product} {command line}
     bool HeapDumpOnOutOfMemoryError               = true                                   {manageable} {command line}
    ccstr HeapDumpPath                             = c:\Users\vigne\AppData\Roaming\Antigravity\User\workspaceStorage\b61ed07c5920df7e9600909bd8f1cd97\redhat.java         {manageable} {command line}
   size_t InitialHeapSize                          = 104857600                                 {product} {command line}
   size_t MaxHeapSize                              = 2147483648                                {product} {command line}
   size_t MaxNewSize                               = 715653120                                 {product} {ergonomic}
   size_t MinHeapDeltaBytes                        = 524288                                    {product} {ergonomic}
   size_t MinHeapSize                              = 104857600                                 {product} {command line}
   size_t NewSize                                  = 34603008                                  {product} {ergonomic}
    uintx NonNMethodCodeHeapSize                   = 7602480                                {pd product} {ergonomic}
    uintx NonProfiledCodeHeapSize                  = 122027880                              {pd product} {ergonomic}
   size_t OldSize                                  = 70254592                                  {product} {ergonomic}
    uintx ProfiledCodeHeapSize                     = 122027880                              {pd product} {ergonomic}
    uintx ReservedCodeCacheSize                    = 251658240                              {pd product} {ergonomic}
     bool SegmentedCodeCache                       = true                                      {product} {ergonomic}
   size_t SoftMaxHeapSize                          = 2147483648                             {manageable} {ergonomic}
     bool UseCompressedOops                        = true                           {product lp64_product} {ergonomic}
     bool UseLargePagesIndividualAllocation        = false                                  {pd product} {ergonomic}
     bool UseParallelGC                            = true                                      {product} {command line}

Logging:
Log output configuration:
 #0: stdout all=off uptime,level,tags foldmultilines=false
 #1: stderr all=off uptime,level,tags foldmultilines=false

Release file:
JAVA_VERSION="21.0.10" 
MODULES="java.base java.compiler java.datatransfer java.xml java.prefs java.desktop java.instrument java.logging java.management java.security.sasl java.naming java.rmi java.management.rmi java.net.http java.scripting java.security.jgss java.transaction.xa java.sql java.sql.rowset java.xml.crypto java.se java.smartcardio jdk.accessibility jdk.internal.jvmstat jdk.attach jdk.charsets jdk.internal.opt jdk.zipfs jdk.compiler jdk.crypto.ec jdk.crypto.cryptoki jdk.crypto.mscapi jdk.dynalink jdk.internal.ed jdk.editpad jdk.hotspot.agent jdk.httpserver jdk.internal.le jdk.internal.vm.ci jdk.internal.vm.compiler jdk.internal.vm.compiler.management jdk.jartool jdk.javadoc jdk.jcmd jdk.management jdk.management.agent jdk.jconsole jdk.jdeps jdk.jdwp.agent jdk.jdi jdk.jfr jdk.jshell jdk.jsobject jdk.jstatd jdk.localedata jdk.management.jfr jdk.naming.dns jdk.naming.rmi jdk.net jdk.nio.mapmode jdk.random jdk.sctp jdk.security.auth jdk.security.jgss jdk.unsupported jdk.unsupported.desktop jdk.xml.dom" 

Environment Variables:
PATH=C:\Program Files\Common Files\Oracle\Java\javapath;D:\extentions\bin;C:\Program Files (x86)\Common Files\Oracle\Java\java8path;C:\Program Files (x86)\Common Files\Oracle\Java\javapath;C:\Program Files\Eclipse Adoptium\jdk-17.0.17.10-hotspot\bin;C:\Program Files\Python310\Scripts\;C:\Program Files\Python310\;C:\oraclexe\app\oracle\product\11.2.0\server\bin;C:\Windows\system32;C:\Windows;C:\Windows\System32\Wbem;C:\Windows\System32\WindowsPowerShell\v1.0\;C:\Windows\System32\OpenSSH\;C:\Program Files\Microsoft SQL Server\150\Tools\Binn\;C:\Program Files\Microsoft SQL Server\Client SDK\ODBC\170\Tools\Binn\;C:\Program Files\dotnet\;C:\Program Files (x86)\Windows Kits\10\Windows Performance Toolkit\;C:\Program Files (x86)\Microsoft SQL Server\160\Tools\Binn\;C:\Program Files\Microsoft SQL Server\160\Tools\Binn\;C:\Program Files\Microsoft SQL Server\160\DTS\Binn\;C:\Program Files (x86)\Microsoft SQL Server\160\DTS\Binn\;C:\Program Files\nodejs\;C:\Program Files\Git\cmd;C:\Program Files\MongoDB\Server\8.0\bin;C:\Program Files\Java\jre1.8.0_461\bin;C:\Program Files\Java\jre1.8.0_461\lib;C:\ProgramData\chocolatey\bin;C:\Program Files (x86)\Common Files\Oracle\Java\java8path;C:\Program Files (x86)\Common Files\Oracle\Java\javapath;C:\Program Files\Python310\Scripts\;C:\Program Files\Python310\;C:\oraclexe\app\oracle\product\11.2.0\server\bin;C:\Windows\system32;C:\Windows;C:\Windows\System32\Wbem;C:\Windows\System32\WindowsPowerShell\v1.0\;C:\Windows\System32\OpenSSH\;C:\Program Files\Microsoft SQL Server\150\Tools\Binn\;C:\Program Files\Microsoft SQL Server\Client SDK\ODBC\170\Tools\Binn\;C:\Program Files\dotnet\;C:\Program Files (x86)\Windows Kits\10\Windows Performance Toolkit\;C:\Program Files (x86)\Microsoft SQL Server\160\Tools\Binn\;C:\Program Files\Microsoft SQL Server\160\Tools\Binn\;C:\Program Files\Microsoft SQL Server\160\DTS\Binn\;C:\Program Files (x86)\Microsoft SQL Server\160\DTS\Binn\;C:\Program Files\nodejs\;C:\Program Files\Git\cmd;C:\Program Files\MongoDB\Server\8.0\bin;C:\Program Files\Java\jre1.8.0_461\bin;C:\Program Files\Java\jre1.8.0_461\lib;C:\ProgramData\chocolatey\bin;C:\spring-boot-cli-4.0.0-bin;C:\Users\vigne\AppData\Local\Programs\Microsoft VS Code\bin;D:\extentions\apache-maven-3.9.12\bin;D:\extentions\JDK\bin;C:\spring-boot-cli-4.0.0-bin\spring-4.0.0\bin;C:\Users\vigne\AppData\Local\Programs\Antigravity\bin
USERNAME=vigne
OS=Windows_NT
PROCESSOR_IDENTIFIER=Intel64 Family 6 Model 186 Stepping 2, GenuineIntel
TMP=C:\Users\vigne\AppData\Local\Temp
TEMP=C:\Users\vigne\AppData\Local\Temp




Periodic native trim disabled

---------------  S Y S T E M  ---------------

OS:
 Windows 11 , 64 bit Build 26100 (10.0.26100.7920)
OS uptime: 0 days 16:34 hours
Hyper-V role detected

CPU: total 16 (initial active 16) (8 cores per cpu, 2 threads per core) family 6 model 186 stepping 2 microcode 0x4122, cx8, cmov, fxsr, ht, mmx, 3dnowpref, sse, sse2, sse3, ssse3, sse4.1, sse4.2, popcnt, lzcnt, tsc, tscinvbit, avx, avx2, aes, erms, clmul, bmi1, bmi2, adx, sha, fma, vzeroupper, clflush, clflushopt, clwb, hv, serialize, rdtscp, rdpid, fsrm, f16c, cet_ibt, cet_ss
Processor Information for processor 0
  Max Mhz: 2400, Current Mhz: 1520, Mhz Limit: 2400
Processor Information for processor 1
  Max Mhz: 2400, Current Mhz: 1520, Mhz Limit: 2400
Processor Information for processor 2
  Max Mhz: 2400, Current Mhz: 2400, Mhz Limit: 2400
Processor Information for processor 3
  Max Mhz: 2400, Current Mhz: 2400, Mhz Limit: 2400
Processor Information for processor 4
  Max Mhz: 2400, Current Mhz: 1520, Mhz Limit: 2400
Processor Information for processor 5
  Max Mhz: 2400, Current Mhz: 2400, Mhz Limit: 2400
Processor Information for processor 6
  Max Mhz: 2400, Current Mhz: 2400, Mhz Limit: 2400
Processor Information for processor 7
  Max Mhz: 2400, Current Mhz: 2400, Mhz Limit: 2400
Processor Information for processor 8
  Max Mhz: 2400, Current Mhz: 2400, Mhz Limit: 2400
Processor Information for processor 9
  Max Mhz: 2400, Current Mhz: 2400, Mhz Limit: 2400
Processor Information for processor 10
  Max Mhz: 2400, Current Mhz: 2400, Mhz Limit: 2400
Processor Information for processor 11
  Max Mhz: 2400, Current Mhz: 2400, Mhz Limit: 2400
Processor Information for processor 12
  Max Mhz: 2400, Current Mhz: 1800, Mhz Limit: 1800
Processor Information for processor 13
  Max Mhz: 2400, Current Mhz: 1800, Mhz Limit: 1800
Processor Information for processor 14
  Max Mhz: 2400, Current Mhz: 1800, Mhz Limit: 1800
Processor Information for processor 15
  Max Mhz: 2400, Current Mhz: 1500, Mhz Limit: 1800

Memory: 4k page, system-wide physical 16076M (1998M free)
TotalPageFile size 20530M (AvailPageFile size 15M)
current process WorkingSet (physical memory assigned to process): 149M, peak: 149M
current process commit charge ("private bytes"): 294M, peak: 295M

vm_info: OpenJDK 64-Bit Server VM (21.0.10+7-LTS) for windows-amd64 JRE (21.0.10+7-LTS), built on 2026-01-20T00:00:00Z by "admin" with MS VC++ 17.12 (VS2022)

END.
