#
# There is insufficient memory for the Java Runtime Environment to continue.
# Native memory allocation (malloc) failed to allocate 4207448 bytes. Error detail: Chunk::new
# Possible reasons:
#   The system is out of physical RAM or swap space
#   This process is running with CompressedOops enabled, and the Java Heap may be blocking the growth of the native heap
# Possible solutions:
#   Reduce memory load on the system
#   Increase physical memory or swap space
#   Check if swap backing store is full
#   Decrease Java heap size (-Xmx/-Xms)
#   Decrease number of Java threads
#   Decrease Java thread stack sizes (-Xss)
#   Set larger code cache with -XX:ReservedCodeCacheSize=
#   JVM is running with Zero Based Compressed Oops mode in which the Java heap is
#     placed in the first 32GB address space. The Java Heap base address is the
#     maximum limit for the native heap growth. Please use -XX:HeapBaseMinAddress
#     to set the Java Heap base and to place the Java Heap above 32GB virtual address.
# This output file may be truncated or incomplete.
#
#  Out of Memory Error (arena.cpp:186), pid=9508, tid=20124
#
# JRE version: Java(TM) SE Runtime Environment (25.0.2+10) (build 25.0.2+10-LTS-69)
# Java VM: Java HotSpot(TM) 64-Bit Server VM (25.0.2+10-LTS-69, mixed mode, sharing, tiered, compressed oops, compressed class ptrs, g1 gc, windows-amd64)
# No core dump will be written. Minidumps are not enabled by default on client versions of Windows
#

---------------  S U M M A R Y ------------

Command Line: --enable-native-access=ALL-UNNAMED -Dclassworlds.conf=D:\extentions\apache-maven-3.9.12\bin\m2.conf -Dmaven.home=D:\extentions\apache-maven-3.9.12 -Dlibrary.jansi.path=D:\extentions\apache-maven-3.9.12\lib\jansi-native -Dmaven.multiModuleProjectDirectory=D:\viggu\petrol\backend\server org.codehaus.plexus.classworlds.launcher.Launcher clean compile

Host: 13th Gen Intel(R) Core(TM) i7-13620H, 16 cores, 15G,  Windows 11 , 64 bit Build 26100 (10.0.26100.7920)
Time: Sun Mar 22 23:32:52 2026 India Standard Time elapsed time: 0.906764 seconds (0d 0h 0m 0s)

---------------  T H R E A D  ---------------

Current thread (0x000001e45681f1c0):  JavaThread "C2 CompilerThread0" daemon [_thread_in_native, id=20124, stack(0x0000002e64600000,0x0000002e64700000) (1024K)]


Current CompileTask:
C2:906 1283       4       java.io.InputStreamReader::read (11 bytes)

Stack: [0x0000002e64600000,0x0000002e64700000]
Native frames: (J=compiled Java code, j=interpreted, Vv=VM code, C=native code)
V  [jvm.dll+0x7a70f9]  (no source info available)
V  [jvm.dll+0x772d6d]  (no source info available)
V  [jvm.dll+0x965d53]  (no source info available)
V  [jvm.dll+0x968351]  (no source info available)
V  [jvm.dll+0x968a63]  (no source info available)
V  [jvm.dll+0x2fc846]  (no source info available)
V  [jvm.dll+0x111b16]  (no source info available)
V  [jvm.dll+0x111e3e]  (no source info available)
V  [jvm.dll+0x1a0872]  (no source info available)
V  [jvm.dll+0x3b54c2]  (no source info available)
V  [jvm.dll+0x7aca8f]  (no source info available)
V  [jvm.dll+0x2c0b97]  (no source info available)
V  [jvm.dll+0x2bfb5f]  (no source info available)
V  [jvm.dll+0x2379a0]  (no source info available)
V  [jvm.dll+0x2cfc86]  (no source info available)
V  [jvm.dll+0x2cdf05]  (no source info available)
V  [jvm.dll+0x48e9d1]  (no source info available)
V  [jvm.dll+0x906fcd]  (no source info available)
V  [jvm.dll+0x7a56d5]  (no source info available)
C  [ucrtbase.dll+0x37b0]  (no source info available)
C  [KERNEL32.DLL+0x2e8d7]  (no source info available)
C  [ntdll.dll+0x8c48c]  (no source info available)

Lock stack of current Java thread (top to bottom):


---------------  P R O C E S S  ---------------

Threads class SMR info:
_java_thread_list=0x000001e45bc30a20, length=21, elements={
0x000001e434a99890, 0x000001e456801c30, 0x000001e456802540, 0x000001e456807d20,
0x000001e45680ae00, 0x000001e456810550, 0x000001e456811110, 0x000001e45681f1c0,
0x000001e4568276e0, 0x000001e45b0ec570, 0x000001e45b1143f0, 0x000001e45b122300,
0x000001e45b128ce0, 0x000001e45b1beed0, 0x000001e45b9c6b00, 0x000001e45b9c8330,
0x000001e45b9c8b40, 0x000001e45b9c52d0, 0x000001e45b9ca370, 0x000001e45b9cab80,
0x000001e45b9c9350
}

Java Threads: ( => current thread )
  0x000001e434a99890 JavaThread "main"                              [_thread_in_native_trans, id=23128, stack(0x0000002e63800000,0x0000002e63900000) (1024K)]
  0x000001e456801c30 JavaThread "Reference Handler"          daemon [_thread_blocked, id=9816, stack(0x0000002e64000000,0x0000002e64100000) (1024K)]
  0x000001e456802540 JavaThread "Finalizer"                  daemon [_thread_blocked, id=13124, stack(0x0000002e64100000,0x0000002e64200000) (1024K)]
  0x000001e456807d20 JavaThread "Signal Dispatcher"          daemon [_thread_blocked, id=16732, stack(0x0000002e64200000,0x0000002e64300000) (1024K)]
  0x000001e45680ae00 JavaThread "Attach Listener"            daemon [_thread_blocked, id=23116, stack(0x0000002e64300000,0x0000002e64400000) (1024K)]
  0x000001e456810550 JavaThread "Service Thread"             daemon [_thread_blocked, id=7180, stack(0x0000002e64400000,0x0000002e64500000) (1024K)]
  0x000001e456811110 JavaThread "Monitor Deflation Thread"   daemon [_thread_blocked, id=3060, stack(0x0000002e64500000,0x0000002e64600000) (1024K)]
=>0x000001e45681f1c0 JavaThread "C2 CompilerThread0"         daemon [_thread_in_native, id=20124, stack(0x0000002e64600000,0x0000002e64700000) (1024K)]
  0x000001e4568276e0 JavaThread "C1 CompilerThread0"         daemon [_thread_blocked, id=30580, stack(0x0000002e64700000,0x0000002e64800000) (1024K)]
  0x000001e45b0ec570 JavaThread "C1 CompilerThread1"         daemon [_thread_blocked, id=26404, stack(0x0000002e64800000,0x0000002e64900000) (1024K)]
  0x000001e45b1143f0 JavaThread "C1 CompilerThread2"         daemon [_thread_blocked, id=10744, stack(0x0000002e64900000,0x0000002e64a00000) (1024K)]
  0x000001e45b122300 JavaThread "Notification Thread"        daemon [_thread_blocked, id=2932, stack(0x0000002e64a00000,0x0000002e64b00000) (1024K)]
  0x000001e45b128ce0 JavaThread "Common-Cleaner"             daemon [_thread_blocked, id=14228, stack(0x0000002e64b00000,0x0000002e64c00000) (1024K)]
  0x000001e45b1beed0 JavaThread "C2 CompilerThread1"         daemon [_thread_in_native, id=16380, stack(0x0000002e64c00000,0x0000002e64d00000) (1024K)]
  0x000001e45b9c6b00 JavaThread "C1 CompilerThread3"         daemon [_thread_blocked, id=3916, stack(0x0000002e64d00000,0x0000002e64e00000) (1024K)]
  0x000001e45b9c8330 JavaThread "C2 CompilerThread2"         daemon [_thread_blocked, id=28632, stack(0x0000002e64e00000,0x0000002e64f00000) (1024K)]
  0x000001e45b9c8b40 JavaThread "C2 CompilerThread3"         daemon [_thread_in_native, id=19148, stack(0x0000002e64f00000,0x0000002e65000000) (1024K)]
  0x000001e45b9c52d0 JavaThread "C2 CompilerThread4"         daemon [_thread_blocked, id=1424, stack(0x0000002e65000000,0x0000002e65100000) (1024K)]
  0x000001e45b9ca370 JavaThread "C2 CompilerThread5"         daemon [_thread_blocked, id=5504, stack(0x0000002e65100000,0x0000002e65200000) (1024K)]
  0x000001e45b9cab80 JavaThread "C2 CompilerThread6"         daemon [_thread_in_native, id=29512, stack(0x0000002e65200000,0x0000002e65300000) (1024K)]
  0x000001e45b9c9350 JavaThread "C2 CompilerThread7"         daemon [_thread_blocked, id=28976, stack(0x0000002e65300000,0x0000002e65400000) (1024K)]
Total: 21

Other Threads:
  0x000001e4567eeaf0 VMThread "VM Thread"                           [id=19204, stack(0x0000002e63f00000,0x0000002e64000000) (1024K)]
  0x000001e4567e4080 WatcherThread "VM Periodic Task Thread"        [id=7668, stack(0x0000002e63e00000,0x0000002e63f00000) (1024K)]
  0x000001e436eafb00 WorkerThread "GC Thread#0"                     [id=21712, stack(0x0000002e63900000,0x0000002e63a00000) (1024K)]
  0x000001e436ec9cd0 ConcurrentGCThread "G1 Main Marker"            [id=20524, stack(0x0000002e63a00000,0x0000002e63b00000) (1024K)]
  0x000001e436ecb830 WorkerThread "G1 Conc#0"                       [id=12000, stack(0x0000002e63b00000,0x0000002e63c00000) (1024K)]
  0x000001e4566b00c0 ConcurrentGCThread "G1 Refine#0"               [id=21336, stack(0x0000002e63c00000,0x0000002e63d00000) (1024K)]
  0x000001e4566b0cd0 ConcurrentGCThread "G1 Service"                [id=26688, stack(0x0000002e63d00000,0x0000002e63e00000) (1024K)]
Total: 7

Threads with active compile tasks:
C2 CompilerThread0  1055 1283       4       java.io.InputStreamReader::read (11 bytes)
C2 CompilerThread1  1055 1598       4       jdk.internal.jimage.ImageLocation::readValue (61 bytes)
C2 CompilerThread3  1055 1285       4       org.codehaus.plexus.util.InterpolationFilterReader::read (477 bytes)
C2 CompilerThread6  1055 1593       4       java.lang.String::replace (42 bytes)
Total: 4

VM state: not at safepoint (normal execution)

VM Mutex/Monitor currently owned by a thread:  ([mutex/lock_event])
[0x00007fff3e677f68] MethodCompileQueue_lock - owner thread: 0x000001e45b1beed0

Heap address: 0x0000000704c00000, size: 4020 MB, Compressed Oops mode: Zero based, Oop shift amount: 3

CDS archive(s) mapped at: [0x000000002d000000-0x000000002ddd0000-0x000000002ddd0000), size 14483456, SharedBaseAddress: 0x000000002d000000, ArchiveRelocationMode: 1.
Compressed class space mapped at: 0x000000002e000000-0x000000006e000000, reserved size: 1073741824
UseCompressedClassPointers 1, UseCompactObjectHeaders 0
Narrow klass pointer bits 32, Max shift 3
Narrow klass base: 0x000000002d000000, Narrow klass shift: 0
Encoding Range: [0x000000002d000000 - 0x000000012d000000), (4294967296 bytes)
Klass Range:    [0x000000002d010000 - 0x000000006e000000), (1090453504 bytes)
Klass ID Range:  [65536 - 1090519033) (1090453497)
Protection zone: [0x000000002d000000 - 0x000000002d010000), (65536 bytes)

GC Precious Log:
 CardTable entry size: 512
 Card Set container configuration: InlinePtr #cards 4 size 8 Array Of Cards #cards 16 size 48 Howl #buckets 8 coarsen threshold 3686 Howl Bitmap #cards 512 size 80 coarsen threshold 460 Card regions per heap region 1 cards per card region 4096
 CPUs: 16 total, 16 available
 Memory: 16076M
 Large Page Support: Disabled
 NUMA Support: Disabled
 Compressed Oops: Enabled (Zero based)
 Heap Region Size: 2M
 Heap Min Capacity: 8M
 Heap Initial Capacity: 252M
 Heap Max Capacity: 4020M
 Pre-touch: Disabled
 Parallel Workers: 13
 Concurrent Workers: 3
 Concurrent Refinement Workers: 13
 Periodic GC: Disabled

Heap:
 garbage-first heap   total reserved 4116480K, committed 260096K, used 31893K [0x0000000704c00000, 0x0000000800000000)
  region size 2048K, 16 young (32768K), 0 survivors (0K)

Heap Regions: E=young(eden), S=young(survivor), O=old, HS=humongous(starts), HC=humongous(continues), CS=collection set, F=free, TAMS=top-at-mark-start, PB=parsable bottom
|   0|0x0000000704c00000, 0x0000000704c00000, 0x0000000704e00000|  0%| F|  |TAMS 0x0000000704c00000| PB 0x0000000704c00000| Untracked |  0
|   1|0x0000000704e00000, 0x0000000704e00000, 0x0000000705000000|  0%| F|  |TAMS 0x0000000704e00000| PB 0x0000000704e00000| Untracked |  0
|   2|0x0000000705000000, 0x0000000705000000, 0x0000000705200000|  0%| F|  |TAMS 0x0000000705000000| PB 0x0000000705000000| Untracked |  0
|   3|0x0000000705200000, 0x0000000705200000, 0x0000000705400000|  0%| F|  |TAMS 0x0000000705200000| PB 0x0000000705200000| Untracked |  0
|   4|0x0000000705400000, 0x0000000705400000, 0x0000000705600000|  0%| F|  |TAMS 0x0000000705400000| PB 0x0000000705400000| Untracked |  0
|   5|0x0000000705600000, 0x0000000705600000, 0x0000000705800000|  0%| F|  |TAMS 0x0000000705600000| PB 0x0000000705600000| Untracked |  0
|   6|0x0000000705800000, 0x0000000705800000, 0x0000000705a00000|  0%| F|  |TAMS 0x0000000705800000| PB 0x0000000705800000| Untracked |  0
|   7|0x0000000705a00000, 0x0000000705a00000, 0x0000000705c00000|  0%| F|  |TAMS 0x0000000705a00000| PB 0x0000000705a00000| Untracked |  0
|   8|0x0000000705c00000, 0x0000000705c00000, 0x0000000705e00000|  0%| F|  |TAMS 0x0000000705c00000| PB 0x0000000705c00000| Untracked |  0
|   9|0x0000000705e00000, 0x0000000705e00000, 0x0000000706000000|  0%| F|  |TAMS 0x0000000705e00000| PB 0x0000000705e00000| Untracked |  0
|  10|0x0000000706000000, 0x0000000706000000, 0x0000000706200000|  0%| F|  |TAMS 0x0000000706000000| PB 0x0000000706000000| Untracked |  0
|  11|0x0000000706200000, 0x0000000706200000, 0x0000000706400000|  0%| F|  |TAMS 0x0000000706200000| PB 0x0000000706200000| Untracked |  0
|  12|0x0000000706400000, 0x0000000706400000, 0x0000000706600000|  0%| F|  |TAMS 0x0000000706400000| PB 0x0000000706400000| Untracked |  0
|  13|0x0000000706600000, 0x0000000706600000, 0x0000000706800000|  0%| F|  |TAMS 0x0000000706600000| PB 0x0000000706600000| Untracked |  0
|  14|0x0000000706800000, 0x0000000706800000, 0x0000000706a00000|  0%| F|  |TAMS 0x0000000706800000| PB 0x0000000706800000| Untracked |  0
|  15|0x0000000706a00000, 0x0000000706a00000, 0x0000000706c00000|  0%| F|  |TAMS 0x0000000706a00000| PB 0x0000000706a00000| Untracked |  0
|  16|0x0000000706c00000, 0x0000000706c00000, 0x0000000706e00000|  0%| F|  |TAMS 0x0000000706c00000| PB 0x0000000706c00000| Untracked |  0
|  17|0x0000000706e00000, 0x0000000706e00000, 0x0000000707000000|  0%| F|  |TAMS 0x0000000706e00000| PB 0x0000000706e00000| Untracked |  0
|  18|0x0000000707000000, 0x0000000707000000, 0x0000000707200000|  0%| F|  |TAMS 0x0000000707000000| PB 0x0000000707000000| Untracked |  0
|  19|0x0000000707200000, 0x0000000707200000, 0x0000000707400000|  0%| F|  |TAMS 0x0000000707200000| PB 0x0000000707200000| Untracked |  0
|  20|0x0000000707400000, 0x0000000707400000, 0x0000000707600000|  0%| F|  |TAMS 0x0000000707400000| PB 0x0000000707400000| Untracked |  0
|  21|0x0000000707600000, 0x0000000707600000, 0x0000000707800000|  0%| F|  |TAMS 0x0000000707600000| PB 0x0000000707600000| Untracked |  0
|  22|0x0000000707800000, 0x0000000707800000, 0x0000000707a00000|  0%| F|  |TAMS 0x0000000707800000| PB 0x0000000707800000| Untracked |  0
|  23|0x0000000707a00000, 0x0000000707a00000, 0x0000000707c00000|  0%| F|  |TAMS 0x0000000707a00000| PB 0x0000000707a00000| Untracked |  0
|  24|0x0000000707c00000, 0x0000000707c00000, 0x0000000707e00000|  0%| F|  |TAMS 0x0000000707c00000| PB 0x0000000707c00000| Untracked |  0
|  25|0x0000000707e00000, 0x0000000707e00000, 0x0000000708000000|  0%| F|  |TAMS 0x0000000707e00000| PB 0x0000000707e00000| Untracked |  0
|  26|0x0000000708000000, 0x0000000708000000, 0x0000000708200000|  0%| F|  |TAMS 0x0000000708000000| PB 0x0000000708000000| Untracked |  0
|  27|0x0000000708200000, 0x0000000708200000, 0x0000000708400000|  0%| F|  |TAMS 0x0000000708200000| PB 0x0000000708200000| Untracked |  0
|  28|0x0000000708400000, 0x0000000708400000, 0x0000000708600000|  0%| F|  |TAMS 0x0000000708400000| PB 0x0000000708400000| Untracked |  0
|  29|0x0000000708600000, 0x0000000708600000, 0x0000000708800000|  0%| F|  |TAMS 0x0000000708600000| PB 0x0000000708600000| Untracked |  0
|  30|0x0000000708800000, 0x0000000708800000, 0x0000000708a00000|  0%| F|  |TAMS 0x0000000708800000| PB 0x0000000708800000| Untracked |  0
|  31|0x0000000708a00000, 0x0000000708a00000, 0x0000000708c00000|  0%| F|  |TAMS 0x0000000708a00000| PB 0x0000000708a00000| Untracked |  0
|  32|0x0000000708c00000, 0x0000000708c00000, 0x0000000708e00000|  0%| F|  |TAMS 0x0000000708c00000| PB 0x0000000708c00000| Untracked |  0
|  33|0x0000000708e00000, 0x0000000708e00000, 0x0000000709000000|  0%| F|  |TAMS 0x0000000708e00000| PB 0x0000000708e00000| Untracked |  0
|  34|0x0000000709000000, 0x0000000709000000, 0x0000000709200000|  0%| F|  |TAMS 0x0000000709000000| PB 0x0000000709000000| Untracked |  0
|  35|0x0000000709200000, 0x0000000709200000, 0x0000000709400000|  0%| F|  |TAMS 0x0000000709200000| PB 0x0000000709200000| Untracked |  0
|  36|0x0000000709400000, 0x0000000709400000, 0x0000000709600000|  0%| F|  |TAMS 0x0000000709400000| PB 0x0000000709400000| Untracked |  0
|  37|0x0000000709600000, 0x0000000709600000, 0x0000000709800000|  0%| F|  |TAMS 0x0000000709600000| PB 0x0000000709600000| Untracked |  0
|  38|0x0000000709800000, 0x0000000709800000, 0x0000000709a00000|  0%| F|  |TAMS 0x0000000709800000| PB 0x0000000709800000| Untracked |  0
|  39|0x0000000709a00000, 0x0000000709a00000, 0x0000000709c00000|  0%| F|  |TAMS 0x0000000709a00000| PB 0x0000000709a00000| Untracked |  0
|  40|0x0000000709c00000, 0x0000000709c00000, 0x0000000709e00000|  0%| F|  |TAMS 0x0000000709c00000| PB 0x0000000709c00000| Untracked |  0
|  41|0x0000000709e00000, 0x0000000709e00000, 0x000000070a000000|  0%| F|  |TAMS 0x0000000709e00000| PB 0x0000000709e00000| Untracked |  0
|  42|0x000000070a000000, 0x000000070a000000, 0x000000070a200000|  0%| F|  |TAMS 0x000000070a000000| PB 0x000000070a000000| Untracked |  0
|  43|0x000000070a200000, 0x000000070a200000, 0x000000070a400000|  0%| F|  |TAMS 0x000000070a200000| PB 0x000000070a200000| Untracked |  0
|  44|0x000000070a400000, 0x000000070a400000, 0x000000070a600000|  0%| F|  |TAMS 0x000000070a400000| PB 0x000000070a400000| Untracked |  0
|  45|0x000000070a600000, 0x000000070a600000, 0x000000070a800000|  0%| F|  |TAMS 0x000000070a600000| PB 0x000000070a600000| Untracked |  0
|  46|0x000000070a800000, 0x000000070a800000, 0x000000070aa00000|  0%| F|  |TAMS 0x000000070a800000| PB 0x000000070a800000| Untracked |  0
|  47|0x000000070aa00000, 0x000000070aa00000, 0x000000070ac00000|  0%| F|  |TAMS 0x000000070aa00000| PB 0x000000070aa00000| Untracked |  0
|  48|0x000000070ac00000, 0x000000070ac00000, 0x000000070ae00000|  0%| F|  |TAMS 0x000000070ac00000| PB 0x000000070ac00000| Untracked |  0
|  49|0x000000070ae00000, 0x000000070ae00000, 0x000000070b000000|  0%| F|  |TAMS 0x000000070ae00000| PB 0x000000070ae00000| Untracked |  0
|  50|0x000000070b000000, 0x000000070b000000, 0x000000070b200000|  0%| F|  |TAMS 0x000000070b000000| PB 0x000000070b000000| Untracked |  0
|  51|0x000000070b200000, 0x000000070b200000, 0x000000070b400000|  0%| F|  |TAMS 0x000000070b200000| PB 0x000000070b200000| Untracked |  0
|  52|0x000000070b400000, 0x000000070b400000, 0x000000070b600000|  0%| F|  |TAMS 0x000000070b400000| PB 0x000000070b400000| Untracked |  0
|  53|0x000000070b600000, 0x000000070b600000, 0x000000070b800000|  0%| F|  |TAMS 0x000000070b600000| PB 0x000000070b600000| Untracked |  0
|  54|0x000000070b800000, 0x000000070b800000, 0x000000070ba00000|  0%| F|  |TAMS 0x000000070b800000| PB 0x000000070b800000| Untracked |  0
|  55|0x000000070ba00000, 0x000000070ba00000, 0x000000070bc00000|  0%| F|  |TAMS 0x000000070ba00000| PB 0x000000070ba00000| Untracked |  0
|  56|0x000000070bc00000, 0x000000070bc00000, 0x000000070be00000|  0%| F|  |TAMS 0x000000070bc00000| PB 0x000000070bc00000| Untracked |  0
|  57|0x000000070be00000, 0x000000070be00000, 0x000000070c000000|  0%| F|  |TAMS 0x000000070be00000| PB 0x000000070be00000| Untracked |  0
|  58|0x000000070c000000, 0x000000070c000000, 0x000000070c200000|  0%| F|  |TAMS 0x000000070c000000| PB 0x000000070c000000| Untracked |  0
|  59|0x000000070c200000, 0x000000070c200000, 0x000000070c400000|  0%| F|  |TAMS 0x000000070c200000| PB 0x000000070c200000| Untracked |  0
|  60|0x000000070c400000, 0x000000070c400000, 0x000000070c600000|  0%| F|  |TAMS 0x000000070c400000| PB 0x000000070c400000| Untracked |  0
|  61|0x000000070c600000, 0x000000070c600000, 0x000000070c800000|  0%| F|  |TAMS 0x000000070c600000| PB 0x000000070c600000| Untracked |  0
|  62|0x000000070c800000, 0x000000070c800000, 0x000000070ca00000|  0%| F|  |TAMS 0x000000070c800000| PB 0x000000070c800000| Untracked |  0
|  63|0x000000070ca00000, 0x000000070ca00000, 0x000000070cc00000|  0%| F|  |TAMS 0x000000070ca00000| PB 0x000000070ca00000| Untracked |  0
|  64|0x000000070cc00000, 0x000000070cc00000, 0x000000070ce00000|  0%| F|  |TAMS 0x000000070cc00000| PB 0x000000070cc00000| Untracked |  0
|  65|0x000000070ce00000, 0x000000070ce00000, 0x000000070d000000|  0%| F|  |TAMS 0x000000070ce00000| PB 0x000000070ce00000| Untracked |  0
|  66|0x000000070d000000, 0x000000070d000000, 0x000000070d200000|  0%| F|  |TAMS 0x000000070d000000| PB 0x000000070d000000| Untracked |  0
|  67|0x000000070d200000, 0x000000070d200000, 0x000000070d400000|  0%| F|  |TAMS 0x000000070d200000| PB 0x000000070d200000| Untracked |  0
|  68|0x000000070d400000, 0x000000070d400000, 0x000000070d600000|  0%| F|  |TAMS 0x000000070d400000| PB 0x000000070d400000| Untracked |  0
|  69|0x000000070d600000, 0x000000070d600000, 0x000000070d800000|  0%| F|  |TAMS 0x000000070d600000| PB 0x000000070d600000| Untracked |  0
|  70|0x000000070d800000, 0x000000070d800000, 0x000000070da00000|  0%| F|  |TAMS 0x000000070d800000| PB 0x000000070d800000| Untracked |  0
|  71|0x000000070da00000, 0x000000070da00000, 0x000000070dc00000|  0%| F|  |TAMS 0x000000070da00000| PB 0x000000070da00000| Untracked |  0
|  72|0x000000070dc00000, 0x000000070dc00000, 0x000000070de00000|  0%| F|  |TAMS 0x000000070dc00000| PB 0x000000070dc00000| Untracked |  0
|  73|0x000000070de00000, 0x000000070de00000, 0x000000070e000000|  0%| F|  |TAMS 0x000000070de00000| PB 0x000000070de00000| Untracked |  0
|  74|0x000000070e000000, 0x000000070e000000, 0x000000070e200000|  0%| F|  |TAMS 0x000000070e000000| PB 0x000000070e000000| Untracked |  0
|  75|0x000000070e200000, 0x000000070e200000, 0x000000070e400000|  0%| F|  |TAMS 0x000000070e200000| PB 0x000000070e200000| Untracked |  0
|  76|0x000000070e400000, 0x000000070e400000, 0x000000070e600000|  0%| F|  |TAMS 0x000000070e400000| PB 0x000000070e400000| Untracked |  0
|  77|0x000000070e600000, 0x000000070e600000, 0x000000070e800000|  0%| F|  |TAMS 0x000000070e600000| PB 0x000000070e600000| Untracked |  0
|  78|0x000000070e800000, 0x000000070e800000, 0x000000070ea00000|  0%| F|  |TAMS 0x000000070e800000| PB 0x000000070e800000| Untracked |  0
|  79|0x000000070ea00000, 0x000000070ea00000, 0x000000070ec00000|  0%| F|  |TAMS 0x000000070ea00000| PB 0x000000070ea00000| Untracked |  0
|  80|0x000000070ec00000, 0x000000070ec00000, 0x000000070ee00000|  0%| F|  |TAMS 0x000000070ec00000| PB 0x000000070ec00000| Untracked |  0
|  81|0x000000070ee00000, 0x000000070ee00000, 0x000000070f000000|  0%| F|  |TAMS 0x000000070ee00000| PB 0x000000070ee00000| Untracked |  0
|  82|0x000000070f000000, 0x000000070f000000, 0x000000070f200000|  0%| F|  |TAMS 0x000000070f000000| PB 0x000000070f000000| Untracked |  0
|  83|0x000000070f200000, 0x000000070f200000, 0x000000070f400000|  0%| F|  |TAMS 0x000000070f200000| PB 0x000000070f200000| Untracked |  0
|  84|0x000000070f400000, 0x000000070f400000, 0x000000070f600000|  0%| F|  |TAMS 0x000000070f400000| PB 0x000000070f400000| Untracked |  0
|  85|0x000000070f600000, 0x000000070f600000, 0x000000070f800000|  0%| F|  |TAMS 0x000000070f600000| PB 0x000000070f600000| Untracked |  0
|  86|0x000000070f800000, 0x000000070f800000, 0x000000070fa00000|  0%| F|  |TAMS 0x000000070f800000| PB 0x000000070f800000| Untracked |  0
|  87|0x000000070fa00000, 0x000000070fa00000, 0x000000070fc00000|  0%| F|  |TAMS 0x000000070fa00000| PB 0x000000070fa00000| Untracked |  0
|  88|0x000000070fc00000, 0x000000070fc00000, 0x000000070fe00000|  0%| F|  |TAMS 0x000000070fc00000| PB 0x000000070fc00000| Untracked |  0
|  89|0x000000070fe00000, 0x000000070fe00000, 0x0000000710000000|  0%| F|  |TAMS 0x000000070fe00000| PB 0x000000070fe00000| Untracked |  0
|  90|0x0000000710000000, 0x0000000710000000, 0x0000000710200000|  0%| F|  |TAMS 0x0000000710000000| PB 0x0000000710000000| Untracked |  0
|  91|0x0000000710200000, 0x0000000710200000, 0x0000000710400000|  0%| F|  |TAMS 0x0000000710200000| PB 0x0000000710200000| Untracked |  0
|  92|0x0000000710400000, 0x0000000710400000, 0x0000000710600000|  0%| F|  |TAMS 0x0000000710400000| PB 0x0000000710400000| Untracked |  0
|  93|0x0000000710600000, 0x0000000710600000, 0x0000000710800000|  0%| F|  |TAMS 0x0000000710600000| PB 0x0000000710600000| Untracked |  0
|  94|0x0000000710800000, 0x0000000710800000, 0x0000000710a00000|  0%| F|  |TAMS 0x0000000710800000| PB 0x0000000710800000| Untracked |  0
|  95|0x0000000710a00000, 0x0000000710a00000, 0x0000000710c00000|  0%| F|  |TAMS 0x0000000710a00000| PB 0x0000000710a00000| Untracked |  0
|  96|0x0000000710c00000, 0x0000000710c00000, 0x0000000710e00000|  0%| F|  |TAMS 0x0000000710c00000| PB 0x0000000710c00000| Untracked |  0
|  97|0x0000000710e00000, 0x0000000710e00000, 0x0000000711000000|  0%| F|  |TAMS 0x0000000710e00000| PB 0x0000000710e00000| Untracked |  0
|  98|0x0000000711000000, 0x0000000711000000, 0x0000000711200000|  0%| F|  |TAMS 0x0000000711000000| PB 0x0000000711000000| Untracked |  0
|  99|0x0000000711200000, 0x0000000711200000, 0x0000000711400000|  0%| F|  |TAMS 0x0000000711200000| PB 0x0000000711200000| Untracked |  0
| 100|0x0000000711400000, 0x0000000711400000, 0x0000000711600000|  0%| F|  |TAMS 0x0000000711400000| PB 0x0000000711400000| Untracked |  0
| 101|0x0000000711600000, 0x0000000711600000, 0x0000000711800000|  0%| F|  |TAMS 0x0000000711600000| PB 0x0000000711600000| Untracked |  0
| 102|0x0000000711800000, 0x0000000711800000, 0x0000000711a00000|  0%| F|  |TAMS 0x0000000711800000| PB 0x0000000711800000| Untracked |  0
| 103|0x0000000711a00000, 0x0000000711a00000, 0x0000000711c00000|  0%| F|  |TAMS 0x0000000711a00000| PB 0x0000000711a00000| Untracked |  0
| 104|0x0000000711c00000, 0x0000000711c00000, 0x0000000711e00000|  0%| F|  |TAMS 0x0000000711c00000| PB 0x0000000711c00000| Untracked |  0
| 105|0x0000000711e00000, 0x0000000711e00000, 0x0000000712000000|  0%| F|  |TAMS 0x0000000711e00000| PB 0x0000000711e00000| Untracked |  0
| 106|0x0000000712000000, 0x0000000712000000, 0x0000000712200000|  0%| F|  |TAMS 0x0000000712000000| PB 0x0000000712000000| Untracked |  0
| 107|0x0000000712200000, 0x0000000712200000, 0x0000000712400000|  0%| F|  |TAMS 0x0000000712200000| PB 0x0000000712200000| Untracked |  0
| 108|0x0000000712400000, 0x0000000712400000, 0x0000000712600000|  0%| F|  |TAMS 0x0000000712400000| PB 0x0000000712400000| Untracked |  0
| 109|0x0000000712600000, 0x0000000712600000, 0x0000000712800000|  0%| F|  |TAMS 0x0000000712600000| PB 0x0000000712600000| Untracked |  0
| 110|0x0000000712800000, 0x00000007129ebfc0, 0x0000000712a00000| 96%| E|  |TAMS 0x0000000712800000| PB 0x0000000712800000| Complete |  0
| 111|0x0000000712a00000, 0x0000000712c00000, 0x0000000712c00000|100%| E|CS|TAMS 0x0000000712a00000| PB 0x0000000712a00000| Complete |  0
| 112|0x0000000712c00000, 0x0000000712e00000, 0x0000000712e00000|100%| E|CS|TAMS 0x0000000712c00000| PB 0x0000000712c00000| Complete |  0
| 113|0x0000000712e00000, 0x0000000713000000, 0x0000000713000000|100%| E|CS|TAMS 0x0000000712e00000| PB 0x0000000712e00000| Complete |  0
| 114|0x0000000713000000, 0x0000000713200000, 0x0000000713200000|100%| E|CS|TAMS 0x0000000713000000| PB 0x0000000713000000| Complete |  0
| 115|0x0000000713200000, 0x0000000713400000, 0x0000000713400000|100%| E|CS|TAMS 0x0000000713200000| PB 0x0000000713200000| Complete |  0
| 116|0x0000000713400000, 0x0000000713600000, 0x0000000713600000|100%| E|CS|TAMS 0x0000000713400000| PB 0x0000000713400000| Complete |  0
| 117|0x0000000713600000, 0x0000000713800000, 0x0000000713800000|100%| E|CS|TAMS 0x0000000713600000| PB 0x0000000713600000| Complete |  0
| 118|0x0000000713800000, 0x0000000713a00000, 0x0000000713a00000|100%| E|CS|TAMS 0x0000000713800000| PB 0x0000000713800000| Complete |  0
| 119|0x0000000713a00000, 0x0000000713c00000, 0x0000000713c00000|100%| E|CS|TAMS 0x0000000713a00000| PB 0x0000000713a00000| Complete |  0
| 120|0x0000000713c00000, 0x0000000713e00000, 0x0000000713e00000|100%| E|CS|TAMS 0x0000000713c00000| PB 0x0000000713c00000| Complete |  0
| 121|0x0000000713e00000, 0x0000000714000000, 0x0000000714000000|100%| E|CS|TAMS 0x0000000713e00000| PB 0x0000000713e00000| Complete |  0
| 122|0x0000000714000000, 0x0000000714200000, 0x0000000714200000|100%| E|CS|TAMS 0x0000000714000000| PB 0x0000000714000000| Complete |  0
| 123|0x0000000714200000, 0x0000000714400000, 0x0000000714400000|100%| E|CS|TAMS 0x0000000714200000| PB 0x0000000714200000| Complete |  0
| 124|0x0000000714400000, 0x0000000714600000, 0x0000000714600000|100%| E|CS|TAMS 0x0000000714400000| PB 0x0000000714400000| Complete |  0
| 125|0x0000000714600000, 0x0000000714800000, 0x0000000714800000|100%| E|CS|TAMS 0x0000000714600000| PB 0x0000000714600000| Complete |  0
|2009|0x00000007ffe00000, 0x00000007fff257b8, 0x0000000800000000| 57%| O|  |TAMS 0x00000007ffe00000| PB 0x00000007ffe00000| Untracked |  0

Card table byte_map: [0x000001e44f730000,0x000001e44ff10000] _byte_map_base: 0x000001e44bf0a000

Marking Bits: (CMBitMap*) 0x000001e436eb1ab0
 Bits: [0x000001e44ff10000, 0x000001e453de0000)

Polling page: 0x000001e434a50000

Metaspace:
Metaspace        used 6325K, committed 6528K, reserved 1114112K
 class space     used 762K, committed 896K, reserved 1048576K

Usage:
  Non-class:      5.43 MB used.
      Class:    762.86 KB used.
       Both:      6.18 MB used.

Virtual space:
  Non-class space:       64.00 MB reserved,       5.50 MB (  9%) committed,  1 nodes.
      Class space:        1.00 GB reserved,     896.00 KB ( <1%) committed,  1 nodes.
             Both:        1.06 GB reserved,       6.38 MB ( <1%) committed. 

Chunk freelists:
   Non-Class:  8.66 MB
       Class:  15.17 MB
        Both:  23.83 MB

MaxMetaspaceSize: unlimited
CompressedClassSpaceSize: 1.00 GB
Initial GC threshold: 21.00 MB
Current GC threshold: 21.00 MB
CDS: on
 - commit_granule_bytes: 65536.
 - commit_granule_words: 8192.
 - virtual_space_node_default_size: 8388608.
 - enlarge_chunks_in_place: 1.
UseCompressedClassPointers 1, UseCompactObjectHeaders 0
Narrow klass pointer bits 32, Max shift 3
Narrow klass base: 0x000000002d000000, Narrow klass shift: 0
Encoding Range: [0x000000002d000000 - 0x000000012d000000), (4294967296 bytes)
Klass Range:    [0x000000002d010000 - 0x000000006e000000), (1090453504 bytes)
Klass ID Range:  [65536 - 1090519033) (1090453497)
Protection zone: [0x000000002d000000 - 0x000000002d010000), (65536 bytes)


Internal statistics:

num_allocs_failed_limit: 0.
num_arena_births: 60.
num_arena_deaths: 0.
num_vsnodes_births: 2.
num_vsnodes_deaths: 0.
num_space_committed: 102.
num_space_uncommitted: 0.
num_chunks_returned_to_freelist: 0.
num_chunks_taken_from_freelist: 251.
num_chunk_merges: 0.
num_chunk_splits: 163.
num_chunks_enlarged: 134.
num_inconsistent_stats: 0.

CodeHeap 'non-profiled nmethods': size=119232Kb used=478Kb max_used=478Kb free=118753Kb
 bounds [0x000001e447260000, 0x000001e4474d0000, 0x000001e44e6d0000]
CodeHeap 'profiled nmethods': size=119104Kb used=2342Kb max_used=2342Kb free=116761Kb
 bounds [0x000001e43f6d0000, 0x000001e43f940000, 0x000001e446b20000]
CodeHeap 'non-nmethods': size=7424Kb used=3049Kb max_used=3085Kb free=4374Kb
 bounds [0x000001e446b20000, 0x000001e446e30000, 0x000001e447260000]
CodeCache: size=245760Kb, used=5869Kb, max_used=5905Kb, free=239888Kb
 total_blobs=2084, nmethods=1603, adapters=380, full_count=0
Compilation: enabled, stopped_count=0, restarted_count=0

Compilation events (20 events):
Event: 0.881 Thread 0x000001e45b9c6b00 nmethod 1324 0x000001e43f8b8288 code [0x000001e43f8b8380, 0x000001e43f8b8470]
Event: 0.882 Thread 0x000001e45b9cab80 nmethod 1315 0x000001e4472b2a88 code [0x000001e4472b2b80, 0x000001e4472b2fe8]
Event: 0.882 Thread 0x000001e45b9cab80 1325       4       org.codehaus.plexus.util.xml.pull.MXParser::parseEndTag (438 bytes)
Event: 0.884 Thread 0x000001e45b0ec570 1326 %     3       org.codehaus.plexus.util.InterpolationFilterReader::read @ 3 (48 bytes)
Event: 0.884 Thread 0x000001e45b0ec570 nmethod 1326% 0x000001e43f8b8588 code [0x000001e43f8b8680, 0x000001e43f8b8a58]
Event: 0.886 Thread 0x000001e45b1beed0 nmethod 1279 0x000001e4472b3008 code [0x000001e4472b3100, 0x000001e4472b59d8]
Event: 0.887 Thread 0x000001e45b1beed0 1320       4       java.lang.AbstractStringBuilder::isLatin1 (16 bytes)
Event: 0.887 Thread 0x000001e4568276e0 1327       3       org.codehaus.plexus.util.xml.pull.MXParser::require (468 bytes)
Event: 0.887 Thread 0x000001e45b1beed0 nmethod 1320 0x000001e4472b5a08 code [0x000001e4472b5b00, 0x000001e4472b5b70]
Event: 0.887 Thread 0x000001e45b1beed0 1314       4       java.nio.CharBuffer::limit (6 bytes)
Event: 0.888 Thread 0x000001e45b1beed0 nmethod 1314 0x000001e4472b5d08 code [0x000001e4472b5e00, 0x000001e4472b5f10]
Event: 0.888 Thread 0x000001e45b1beed0 1322       4       java.lang.StringBuilder::append (8 bytes)
Event: 0.889 Thread 0x000001e45b1143f0 1328   !   3       sun.nio.cs.StreamDecoder::read (220 bytes)
Event: 0.890 Thread 0x000001e45b9c6b00 1329       3       org.codehaus.plexus.util.InterpolationFilterReader::read (48 bytes)
Event: 0.890 Thread 0x000001e45b9c6b00 nmethod 1329 0x000001e43f8b8a88 code [0x000001e43f8b8b80, 0x000001e43f8b8e70]
Event: 0.890 Thread 0x000001e4568276e0 nmethod 1327 0x000001e43f8b8e88 code [0x000001e43f8b8f80, 0x000001e43f8bdff0]
Event: 0.891 Thread 0x000001e45b1143f0 nmethod 1328 0x000001e43f8be088 code [0x000001e43f8be180, 0x000001e43f8bef30]
Event: 0.891 Thread 0x000001e45b9c52d0 nmethod 1321 0x000001e4472b6008 code [0x000001e4472b6100, 0x000001e4472b6df0]
Event: 0.891 Thread 0x000001e45b9c52d0 1331   !   4       sun.nio.cs.StreamDecoder::read (220 bytes)
Event: 0.893 Thread 0x000001e45b1143f0 1332       3       org.codehaus.plexus.util.xml.pull.MXParser::nextImpl (1208 bytes)

GC Heap Usage History (0 events):
No events

Metaspace Usage History (0 events):
No events

Dll operation events (7 events):
Event: 0.014 Loaded shared library C:\Program Files\Java\jdk-25.0.2\bin\java.dll
Event: 0.112 Loaded shared library C:\Program Files\Java\jdk-25.0.2\bin\net.dll
Event: 0.117 Loaded shared library C:\Program Files\Java\jdk-25.0.2\bin\nio.dll
Event: 0.122 Loaded shared library C:\Program Files\Java\jdk-25.0.2\bin\zip.dll
Event: 0.309 Loaded shared library D:\extentions\apache-maven-3.9.12\lib\jansi-native\Windows\x86_64\jansi.dll
Event: 0.309 Loaded shared library C:\Program Files\Java\jdk-25.0.2\bin\jimage.dll
Event: 0.334 Loaded shared library C:\Program Files\Java\jdk-25.0.2\bin\verify.dll

Deoptimization events (20 events):
Event: 0.825 Thread 0x000001e434a99890 Uncommon trap: trap_request=0xffffff6e fr.pc=0x000001e44729148c relative=0x000000000000030c
Event: 0.825 Thread 0x000001e434a99890 Uncommon trap: reason=predicate action=maybe_recompile pc=0x000001e44729148c method=java.util.regex.Pattern$BmpCharPropertyGreedy.match(Ljava/util/regex/Matcher;ILjava/lang/CharSequence;)Z @ 12 c2
Event: 0.825 Thread 0x000001e434a99890 DEOPT PACKING pc=0x000001e44729148c sp=0x0000002e638fe1e0
Event: 0.825 Thread 0x000001e434a99890 DEOPT UNPACKING pc=0x000001e446c3fc02 sp=0x0000002e638fe198 mode 2
Event: 0.825 Thread 0x000001e434a99890 Uncommon trap: trap_request=0xffffff45 fr.pc=0x000001e44728bfb0 relative=0x00000000000000b0
Event: 0.825 Thread 0x000001e434a99890 Uncommon trap: reason=unstable_if action=reinterpret pc=0x000001e44728bfb0 method=org.codehaus.plexus.util.xml.pull.MXParser.more()C @ 8 c2
Event: 0.825 Thread 0x000001e434a99890 DEOPT PACKING pc=0x000001e44728bfb0 sp=0x0000002e638fe650
Event: 0.825 Thread 0x000001e434a99890 DEOPT UNPACKING pc=0x000001e446c3fc02 sp=0x0000002e638fe5e0 mode 2
Event: 0.864 Thread 0x000001e434a99890 Uncommon trap: trap_request=0xffffffde fr.pc=0x000001e4472af190 relative=0x0000000000000110
Event: 0.864 Thread 0x000001e434a99890 Uncommon trap: reason=class_check action=maybe_recompile pc=0x000001e4472af190 method=java.nio.Buffer.<init>(IIIILjava/lang/foreign/MemorySegment;)V @ 39 c2
Event: 0.864 Thread 0x000001e434a99890 DEOPT PACKING pc=0x000001e4472af190 sp=0x0000002e638fe130
Event: 0.864 Thread 0x000001e434a99890 DEOPT UNPACKING pc=0x000001e446c3fc02 sp=0x0000002e638fe0e8 mode 2
Event: 0.889 Thread 0x000001e434a99890 Uncommon trap: trap_request=0xffffff45 fr.pc=0x000001e4472b50d4 relative=0x0000000000001fd4
Event: 0.889 Thread 0x000001e434a99890 Uncommon trap: reason=unstable_if action=reinterpret pc=0x000001e4472b50d4 method=sun.nio.cs.StreamDecoder.implRead([CII)I @ 71 c2
Event: 0.889 Thread 0x000001e434a99890 DEOPT PACKING pc=0x000001e4472b50d4 sp=0x0000002e638fe090
Event: 0.889 Thread 0x000001e434a99890 DEOPT UNPACKING pc=0x000001e446c3fc02 sp=0x0000002e638fdec0 mode 2
Event: 0.893 Thread 0x000001e434a99890 Uncommon trap: trap_request=0xffffff45 fr.pc=0x000001e4472b6a04 relative=0x0000000000000904
Event: 0.893 Thread 0x000001e434a99890 Uncommon trap: reason=unstable_if action=reinterpret pc=0x000001e4472b6a04 method=org.codehaus.plexus.util.xml.pull.MXParser.nextImpl()I @ 200 c2
Event: 0.893 Thread 0x000001e434a99890 DEOPT PACKING pc=0x000001e4472b6a04 sp=0x0000002e638fe760
Event: 0.893 Thread 0x000001e434a99890 DEOPT UNPACKING pc=0x000001e446c3fc02 sp=0x0000002e638fe6c0 mode 2

Classes loaded (20 events):
Event: 0.760 Loading class java/lang/annotation/Documented
Event: 0.760 Loading class java/lang/annotation/Documented done
Event: 0.767 Loading class jdk/internal/foreign/MemorySessionImpl
Event: 0.768 Loading class java/lang/foreign/MemorySegment$Scope
Event: 0.768 Loading class java/lang/foreign/MemorySegment$Scope done
Event: 0.768 Loading class jdk/internal/foreign/MemorySessionImpl done
Event: 0.780 Loading class java/util/concurrent/TimeoutException
Event: 0.780 Loading class java/util/concurrent/TimeoutException done
Event: 0.780 Loading class java/util/concurrent/CancellationException
Event: 0.780 Loading class java/util/concurrent/CancellationException done
Event: 0.790 Loading class java/lang/reflect/ParameterizedType
Event: 0.790 Loading class java/lang/reflect/ParameterizedType done
Event: 0.795 Loading class java/lang/reflect/WildcardType
Event: 0.795 Loading class java/lang/reflect/WildcardType done
Event: 0.799 Loading class sun/reflect/generics/tree/TypeVariableSignature
Event: 0.799 Loading class sun/reflect/generics/tree/TypeVariableSignature done
Event: 0.819 Loading class java/lang/annotation/IncompleteAnnotationException
Event: 0.819 Loading class java/lang/annotation/IncompleteAnnotationException done
Event: 0.845 Loading class java/lang/foreign/MemorySegment
Event: 0.846 Loading class java/lang/foreign/MemorySegment done

Classes unloaded (0 events):
No events

Classes redefined (0 events):
No events

Internal exceptions (20 events):
Event: 0.319 Thread 0x000001e434a99890 Exception <a 'java/lang/NullPointerException'{0x00000007143b26f0}> (0x00000007143b26f0) 
thrown [s\open\src\hotspot\share\interpreter\linkResolver.cpp, line 1416]
Event: 0.319 Thread 0x000001e434a99890 Exception <a 'java/lang/NullPointerException'{0x00000007143b29d0}> (0x00000007143b29d0) 
thrown [s\open\src\hotspot\share\interpreter\linkResolver.cpp, line 1416]
Event: 0.319 Thread 0x000001e434a99890 Exception <a 'java/lang/NullPointerException'{0x00000007143b2cb0}> (0x00000007143b2cb0) 
thrown [s\open\src\hotspot\share\interpreter\linkResolver.cpp, line 1416]
Event: 0.321 Thread 0x000001e434a99890 Exception <a 'java/lang/NullPointerException'{0x00000007143b74c8}> (0x00000007143b74c8) 
thrown [s\open\src\hotspot\share\interpreter\linkResolver.cpp, line 1416]
Event: 0.323 Thread 0x000001e434a99890 Exception <a 'java/lang/NullPointerException'{0x00000007143c8778}> (0x00000007143c8778) 
thrown [s\open\src\hotspot\share\interpreter\linkResolver.cpp, line 1416]
Event: 0.324 Thread 0x000001e434a99890 Exception <a 'java/lang/NullPointerException'{0x00000007143c8a58}> (0x00000007143c8a58) 
thrown [s\open\src\hotspot\share\interpreter\linkResolver.cpp, line 1416]
Event: 0.324 Thread 0x000001e434a99890 Exception <a 'java/lang/NullPointerException'{0x00000007143c8d38}> (0x00000007143c8d38) 
thrown [s\open\src\hotspot\share\interpreter\linkResolver.cpp, line 1416]
Event: 0.324 Thread 0x000001e434a99890 Exception <a 'java/lang/NullPointerException'{0x00000007143c9018}> (0x00000007143c9018) 
thrown [s\open\src\hotspot\share\interpreter\linkResolver.cpp, line 1416]
Event: 0.346 Thread 0x000001e434a99890 Exception <a 'java/lang/NoSuchMethodError'{0x0000000713e22c00}: 'void java.lang.invoke.DirectMethodHandle$Holder.invokeVirtual(java.lang.Object, java.lang.Object)'> (0x0000000713e22c00) 
thrown [s\open\src\hotspot\share\interpreter\linkResolver.cpp, line 804]
Event: 0.352 Thread 0x000001e434a99890 Exception <a 'java/lang/NoSuchMethodError'{0x0000000713e43db8}: 'void java.lang.invoke.DirectMethodHandle$Holder.invokeStatic(java.lang.Object, java.lang.Object)'> (0x0000000713e43db8) 
thrown [s\open\src\hotspot\share\interpreter\linkResolver.cpp, line 804]
Event: 0.353 Thread 0x000001e434a99890 Exception <a 'java/lang/NoSuchMethodError'{0x0000000713e4bb60}: 'void java.lang.invoke.DirectMethodHandle$Holder.invokeStaticInit(java.lang.Object, java.lang.Object)'> (0x0000000713e4bb60) 
thrown [s\open\src\hotspot\share\interpreter\linkResolver.cpp, line 804]
Event: 0.371 Thread 0x000001e434a99890 Exception <a 'java/lang/NoSuchMethodError'{0x0000000713e9af18}: 'void java.lang.invoke.DirectMethodHandle$Holder.invokeStatic(java.lang.Object, java.lang.Object, java.lang.Object)'> (0x0000000713e9af18) 
thrown [s\open\src\hotspot\share\interpreter\linkResolver.cpp, line 804]
Event: 0.459 Thread 0x000001e434a99890 Exception <a 'java/lang/NoSuchMethodError'{0x0000000713c139c8}: 'java.lang.Object java.lang.invoke.DirectMethodHandle$Holder.invokeSpecialIFC(java.lang.Object, java.lang.Object, java.lang.Object, java.lang.Object)'> (0x0000000713c139c8) 
thrown [s\open\src\hotspot\share\interpreter\linkResolver.cpp, line 804]
Event: 0.634 Thread 0x000001e434a99890 Exception <a 'java/lang/NoSuchMethodError'{0x000000071390bc80}: 'void java.lang.invoke.DirectMethodHandle$Holder.invokeSpecial(java.lang.Object, java.lang.Object, java.lang.Object)'> (0x000000071390bc80) 
thrown [s\open\src\hotspot\share\interpreter\linkResolver.cpp, line 804]
Event: 0.665 Thread 0x000001e434a99890 Exception <a 'java/lang/NoSuchMethodError'{0x0000000713623420}: 'java.lang.Object java.lang.invoke.DirectMethodHandle$Holder.invokeInterface(java.lang.Object, java.lang.Object)'> (0x0000000713623420) 
thrown [s\open\src\hotspot\share\interpreter\linkResolver.cpp, line 804]
Event: 0.681 Thread 0x000001e434a99890 Exception <a 'java/lang/NoSuchMethodError'{0x00000007136cc198}: 'int java.lang.invoke.DirectMethodHandle$Holder.invokeStatic(java.lang.Object, java.lang.Object, java.lang.Object, java.lang.Object)'> (0x00000007136cc198) 
thrown [s\open\src\hotspot\share\interpreter\linkResolver.cpp, line 804]
Event: 0.686 Thread 0x000001e434a99890 Exception <a 'java/lang/NoSuchMethodError'{0x00000007136f5fc0}: 'int java.lang.invoke.DirectMethodHandle$Holder.invokeSpecialIFC(java.lang.Object, java.lang.Object, java.lang.Object, java.lang.Object, java.lang.Object)'> (0x00000007136f5fc0) 
thrown [s\open\src\hotspot\share\interpreter\linkResolver.cpp, line 804]
Event: 0.762 Thread 0x000001e434a99890 Exception <a 'java/lang/NoSuchMethodError'{0x00000007134be740}: 'java.lang.Object java.lang.invoke.DirectMethodHandle$Holder.newInvokeSpecial(java.lang.Object, java.lang.Object, java.lang.Object, java.lang.Object, java.lang.Object)'> (0x00000007134be740) 
thrown [s\open\src\hotspot\share\interpreter\linkResolver.cpp, line 804]
Event: 0.808 Thread 0x000001e434a99890 Exception <a 'java/lang/NoSuchMethodError'{0x00000007135d5ba0}: 'int java.lang.invoke.DirectMethodHandle$Holder.invokeStaticInit(java.lang.Object, java.lang.Object)'> (0x00000007135d5ba0) 
thrown [s\open\src\hotspot\share\interpreter\linkResolver.cpp, line 804]
Event: 0.819 Thread 0x000001e434a99890 Exception <a 'java/lang/NoClassDefFoundError'{0x000000071320fae0}: javax/enterprise/inject/Typed> (0x000000071320fae0) 
thrown [s\open\src\hotspot\share\classfile\systemDictionary.cpp, line 316]

VM Operations (8 events):
Event: 0.124 Executing non-safepoint VM operation: HandshakeAllThreads (Deoptimize)
Event: 0.124 Executing non-safepoint VM operation: HandshakeAllThreads (Deoptimize) done
Event: 0.296 Executing non-safepoint VM operation: HandshakeAllThreads (Deoptimize)
Event: 0.296 Executing non-safepoint VM operation: HandshakeAllThreads (Deoptimize) done
Event: 0.315 Executing non-safepoint VM operation: HandshakeAllThreads (Deoptimize)
Event: 0.315 Executing non-safepoint VM operation: HandshakeAllThreads (Deoptimize) done
Event: 0.682 Executing non-safepoint VM operation: HandshakeAllThreads (Deoptimize)
Event: 0.683 Executing non-safepoint VM operation: HandshakeAllThreads (Deoptimize) done

Memory protections (0 events):
No events

Nmethod flushes (0 events):
No events

Events (20 events):
Event: 0.090 Thread 0x000001e434a99890 Thread added: 0x000001e456807d20
Event: 0.090 Thread 0x000001e434a99890 Thread added: 0x000001e45680ae00
Event: 0.090 Thread 0x000001e434a99890 Thread added: 0x000001e456810550
Event: 0.090 Thread 0x000001e434a99890 Thread added: 0x000001e456811110
Event: 0.091 Thread 0x000001e434a99890 Thread added: 0x000001e45681f1c0
Event: 0.091 Thread 0x000001e434a99890 Thread added: 0x000001e4568276e0
Event: 0.100 Thread 0x000001e4568276e0 Thread added: 0x000001e45b0ec570
Event: 0.102 Thread 0x000001e45b0ec570 Thread added: 0x000001e45b1143f0
Event: 0.104 Thread 0x000001e434a99890 Thread added: 0x000001e45b122300
Event: 0.108 Thread 0x000001e434a99890 Thread added: 0x000001e45b128ce0
Event: 0.194 Thread 0x000001e45b1143f0 Thread added: 0x000001e45b1beed0
Event: 0.303 Thread 0x000001e434a99890 Thread added: 0x000001e45b45fae0
Event: 0.321 Thread 0x000001e45b45fae0 Thread exited: 0x000001e45b45fae0
Event: 0.514 Thread 0x000001e45b0ec570 Thread added: 0x000001e45b9c6b00
Event: 0.833 Thread 0x000001e45681f1c0 Thread added: 0x000001e45b9c8330
Event: 0.847 Thread 0x000001e4568276e0 Thread added: 0x000001e45b9c8b40
Event: 0.847 Thread 0x000001e4568276e0 Thread added: 0x000001e45b9c52d0
Event: 0.858 Thread 0x000001e45b1143f0 Thread added: 0x000001e45b9ca370
Event: 0.858 Thread 0x000001e45b1143f0 Thread added: 0x000001e45b9cab80
Event: 0.858 Thread 0x000001e45b1143f0 Thread added: 0x000001e45b9c9350


Dynamic libraries:
0x00007ff637020000 - 0x00007ff637030000 	C:\Program Files\Java\jdk-25.0.2\bin\java.exe
0x00007ff836ac0000 - 0x00007ff836d27000 	C:\Windows\SYSTEM32\ntdll.dll
0x00007ffffcfc0000 - 0x00007ffffcfe0000 	C:\Program Files\Avast Software\Avast\aswhook.dll
0x00007ff834e60000 - 0x00007ff834f29000 	C:\Windows\System32\KERNEL32.DLL
0x00007ff834030000 - 0x00007ff834421000 	C:\Windows\System32\KERNELBASE.dll
0x00007ff834710000 - 0x00007ff83485b000 	C:\Windows\System32\ucrtbase.dll
0x00007ff81ab80000 - 0x00007ff81ab97000 	C:\Program Files\Java\jdk-25.0.2\bin\jli.dll
0x00007ff835da0000 - 0x00007ff835f65000 	C:\Windows\System32\USER32.dll
0x00007ff81ab60000 - 0x00007ff81ab7e000 	C:\Program Files\Java\jdk-25.0.2\bin\VCRUNTIME140.dll
0x00007ff833eb0000 - 0x00007ff833ed7000 	C:\Windows\System32\win32u.dll
0x00007ff80d280000 - 0x00007ff80d513000 	C:\Windows\WinSxS\amd64_microsoft.windows.common-controls_6595b64144ccf1df_6.0.26100.8037_none_3e092faae333b53b\COMCTL32.dll
0x00007ff834b90000 - 0x00007ff834bbb000 	C:\Windows\System32\GDI32.dll
0x00007ff835930000 - 0x00007ff8359d9000 	C:\Windows\System32\msvcrt.dll
0x00007ff833c10000 - 0x00007ff833d3b000 	C:\Windows\System32\gdi32full.dll
0x00007ff834430000 - 0x00007ff8344d3000 	C:\Windows\System32\msvcp_win.dll
0x00007ff835b20000 - 0x00007ff835b51000 	C:\Windows\System32\IMM32.DLL
0x00007ff82a4d0000 - 0x00007ff82a4dc000 	C:\Program Files\Java\jdk-25.0.2\bin\vcruntime140_1.dll
0x00007fff672e0000 - 0x00007fff6736d000 	C:\Program Files\Java\jdk-25.0.2\bin\msvcp140.dll
0x00007fff3d900000 - 0x00007fff3e75f000 	C:\Program Files\Java\jdk-25.0.2\bin\server\jvm.dll
0x00007ff836250000 - 0x00007ff83630b000 	C:\Windows\System32\ADVAPI32.dll
0x00007ff834c50000 - 0x00007ff834cf7000 	C:\Windows\System32\sechost.dll
0x00007ff836000000 - 0x00007ff836118000 	C:\Windows\System32\RPCRT4.dll
0x00007ff834b10000 - 0x00007ff834b84000 	C:\Windows\System32\WS2_32.dll
0x00007ff833200000 - 0x00007ff83325e000 	C:\Windows\SYSTEM32\POWRPROF.dll
0x00007ff82a6a0000 - 0x00007ff82a6d5000 	C:\Windows\SYSTEM32\WINMM.dll
0x00007ff8221b0000 - 0x00007ff8221bb000 	C:\Windows\SYSTEM32\VERSION.dll
0x00007ff8331d0000 - 0x00007ff8331e4000 	C:\Windows\SYSTEM32\UMPDC.dll
0x00007ff832130000 - 0x00007ff83214b000 	C:\Windows\SYSTEM32\kernel.appcore.dll
0x00007ff81ab50000 - 0x00007ff81ab5a000 	C:\Program Files\Java\jdk-25.0.2\bin\jimage.dll
0x00007ff831260000 - 0x00007ff8314a2000 	C:\Windows\SYSTEM32\DBGHELP.DLL
0x00007ff835060000 - 0x00007ff8353e2000 	C:\Windows\System32\combase.dll
0x00007ff835a40000 - 0x00007ff835b17000 	C:\Windows\System32\OLEAUT32.dll
0x00007ff8203d0000 - 0x00007ff82040b000 	C:\Windows\SYSTEM32\dbgcore.DLL
0x00007ff834660000 - 0x00007ff834705000 	C:\Windows\System32\bcryptPrimitives.dll
0x00007ff807cc0000 - 0x00007ff807cdf000 	C:\Program Files\Java\jdk-25.0.2\bin\java.dll
0x00007ff834970000 - 0x00007ff834b05000 	C:\Windows\System32\ole32.dll
0x00007ff836310000 - 0x00007ff836a6f000 	C:\Windows\System32\SHELL32.dll
0x00007ff833d40000 - 0x00007ff833eaa000 	C:\Windows\System32\wintypes.dll
0x00007ff8333a0000 - 0x00007ff833c04000 	C:\Windows\System32\windows.storage.dll
0x00007ff834f40000 - 0x00007ff835037000 	C:\Windows\System32\SHCORE.dll
0x00007ff836120000 - 0x00007ff836187000 	C:\Windows\System32\shlwapi.dll
0x00007ff8332c0000 - 0x00007ff8332e9000 	C:\Windows\SYSTEM32\profapi.dll
0x00007ff807ca0000 - 0x00007ff807cb2000 	C:\Program Files\Java\jdk-25.0.2\bin\net.dll
0x00007ff8326a0000 - 0x00007ff83270b000 	C:\Windows\system32\mswsock.dll
0x00007fffff890000 - 0x00007fffff8a6000 	C:\Program Files\Java\jdk-25.0.2\bin\nio.dll
0x00007ffffa8a0000 - 0x00007ffffa8b7000 	C:\Program Files\Java\jdk-25.0.2\bin\zip.dll
0x00007fffcffe0000 - 0x00007fffd0004000 	D:\extentions\apache-maven-3.9.12\lib\jansi-native\Windows\x86_64\jansi.dll
0x00007ff810990000 - 0x00007ff8109a0000 	C:\Program Files\Java\jdk-25.0.2\bin\verify.dll

JVMTI agents: none

dbghelp: loaded successfully - version: 4.0.5 - missing functions: none
symbol engine: initialized successfully - sym options: 0x614 - pdb path: .;C:\Program Files\Java\jdk-25.0.2\bin;C:\Windows\SYSTEM32;C:\Program Files\Avast Software\Avast;C:\Windows\WinSxS\amd64_microsoft.windows.common-controls_6595b64144ccf1df_6.0.26100.8037_none_3e092faae333b53b;C:\Program Files\Java\jdk-25.0.2\bin\server;D:\extentions\apache-maven-3.9.12\lib\jansi-native\Windows\x86_64

VM Arguments:
jvm_args: --enable-native-access=ALL-UNNAMED -Dclassworlds.conf=D:\extentions\apache-maven-3.9.12\bin\m2.conf -Dmaven.home=D:\extentions\apache-maven-3.9.12 -Dlibrary.jansi.path=D:\extentions\apache-maven-3.9.12\lib\jansi-native -Dmaven.multiModuleProjectDirectory=D:\viggu\petrol\backend\server 
java_command: org.codehaus.plexus.classworlds.launcher.Launcher clean compile
java_class_path (initial): D:\extentions\apache-maven-3.9.12\boot\plexus-classworlds-2.9.0.jar
Launcher Type: SUN_STANDARD

[Global flags]
     intx CICompilerCount                          = 12                                        {product} {ergonomic}
     uint ConcGCThreads                            = 3                                         {product} {ergonomic}
     uint G1ConcRefinementThreads                  = 13                                        {product} {ergonomic}
   size_t G1HeapRegionSize                         = 2097152                                   {product} {ergonomic}
   size_t InitialHeapSize                          = 264241152                                 {product} {ergonomic}
   size_t MarkStackSize                            = 4194304                                   {product} {ergonomic}
   size_t MarkStackSizeMax                         = 536870912                                 {product} {ergonomic}
   size_t MaxHeapSize                              = 4215275520                                {product} {ergonomic}
   size_t MaxNewSize                               = 2529165312                                {product} {ergonomic}
   size_t MinHeapDeltaBytes                        = 2097152                                   {product} {ergonomic}
   size_t MinHeapSize                              = 8388608                                   {product} {ergonomic}
    uintx NonNMethodCodeHeapSize                   = 7602176                                {pd product} {ergonomic}
    uintx NonProfiledCodeHeapSize                  = 122093568                              {pd product} {ergonomic}
    uintx ProfiledCodeHeapSize                     = 121962496                              {pd product} {ergonomic}
    uintx ReservedCodeCacheSize                    = 251658240                              {pd product} {ergonomic}
     bool SegmentedCodeCache                       = true                                      {product} {ergonomic}
   size_t SoftMaxHeapSize                          = 4215275520                             {manageable} {ergonomic}
     bool UseCompressedOops                        = true                           {product lp64_product} {ergonomic}
     bool UseG1GC                                  = true                                      {product} {ergonomic}
     bool UseLargePagesIndividualAllocation        = false                                  {pd product} {ergonomic}

Logging:
Log output configuration:
 #0: stdout all=warning uptime,level,tags foldmultilines=false
 #1: stderr all=off uptime,level,tags foldmultilines=false

Release file:
IMPLEMENTOR="Oracle Corporation" 
JAVA_RUNTIME_VERSION="25.0.2+10-LTS-69" 
JAVA_VERSION="25.0.2" 
JAVA_VERSION_DATE="2026-01-20" 
LIBC="default" 
MODULES="java.base java.compiler java.datatransfer java.xml java.prefs java.desktop java.instrument java.logging java.management java.security.sasl java.naming java.rmi java.management.rmi java.net.http java.scripting java.security.jgss java.transaction.xa java.sql java.sql.rowset java.xml.crypto java.se java.smartcardio jdk.accessibility jdk.internal.jvmstat jdk.attach jdk.charsets jdk.internal.opt jdk.zipfs jdk.compiler jdk.crypto.cryptoki jdk.crypto.ec jdk.crypto.mscapi jdk.dynalink jdk.internal.ed jdk.editpad jdk.internal.vm.ci jdk.graal.compiler jdk.graal.compiler.management jdk.hotspot.agent jdk.httpserver jdk.incubator.vector jdk.internal.le jdk.internal.md jdk.jartool jdk.javadoc jdk.jcmd jdk.management jdk.management.agent jdk.jconsole jdk.jdeps jdk.jdwp.agent jdk.jdi jdk.jfr jdk.jlink jdk.jpackage jdk.jshell jdk.jsobject jdk.jstatd jdk.localedata jdk.management.jfr jdk.naming.dns jdk.naming.rmi jdk.net jdk.nio.mapmode jdk.sctp jdk.security.auth jdk.security.jgss jdk.unsupported jdk.unsupported.desktop jdk.xml.dom" 
OS_ARCH="x86_64" 
OS_NAME="Windows" 
SOURCE=".:git:b75efb40c93a open:git:405a5699ebd0" 

Environment Variables:
PATH=C:\Program Files\Common Files\Oracle\Java\javapath;D:\extentions\bin;C:\Program Files (x86)\Common Files\Oracle\Java\java8path;C:\Program Files (x86)\Common Files\Oracle\Java\javapath;C:\Program Files\Eclipse Adoptium\jdk-17.0.17.10-hotspot\bin;C:\Program Files\Python310\Scripts\;C:\Program Files\Python310\;C:\oraclexe\app\oracle\product\11.2.0\server\bin;C:\Windows\system32;C:\Windows;C:\Windows\System32\Wbem;C:\Windows\System32\WindowsPowerShell\v1.0\;C:\Windows\System32\OpenSSH\;C:\Program Files\Microsoft SQL Server\150\Tools\Binn\;C:\Program Files\Microsoft SQL Server\Client SDK\ODBC\170\Tools\Binn\;C:\Program Files\dotnet\;C:\Program Files (x86)\Windows Kits\10\Windows Performance Toolkit\;C:\Program Files (x86)\Microsoft SQL Server\160\Tools\Binn\;C:\Program Files\Microsoft SQL Server\160\Tools\Binn\;C:\Program Files\Microsoft SQL Server\160\DTS\Binn\;C:\Program Files (x86)\Microsoft SQL Server\160\DTS\Binn\;C:\Program Files\nodejs\;C:\Program Files\Git\cmd;C:\Program Files\MongoDB\Server\8.0\bin;C:\Program Files\Java\jre1.8.0_461\bin;C:\Program Files\Java\jre1.8.0_461\lib;C:\ProgramData\chocolatey\bin;C:\Program Files (x86)\Common Files\Oracle\Java\java8path;C:\Program Files (x86)\Common Files\Oracle\Java\javapath;C:\Program Files\Python310\Scripts\;C:\Program Files\Python310\;C:\oraclexe\app\oracle\product\11.2.0\server\bin;C:\Windows\system32;C:\Windows;C:\Windows\System32\Wbem;C:\Windows\System32\WindowsPowerShell\v1.0\;C:\Windows\System32\OpenSSH\;C:\Program Files\Microsoft SQL Server\150\Tools\Binn\;C:\Program Files\Microsoft SQL Server\Client SDK\ODBC\170\Tools\Binn\;C:\Program Files\dotnet\;C:\Program Files (x86)\Windows Kits\10\Windows Performance Toolkit\;C:\Program Files (x86)\Microsoft SQL Server\160\Tools\Binn\;C:\Program Files\Microsoft SQL Server\160\Tools\Binn\;C:\Program Files\Microsoft SQL Server\160\DTS\Binn\;C:\Program Files (x86)\Microsoft SQL Server\160\DTS\Binn\;C:\Program Files\nodejs\;C:\Program Files\Git\cmd;C:\Program Files\MongoDB\Server\8.0\bin;C:\Program Files\Java\jre1.8.0_461\bin;C:\Program Files\Java\jre1.8.0_461\lib;C:\ProgramData\chocolatey\bin;C:\spring-boot-cli-4.0.0-bin;C:\Users\vigne\AppData\Local\Programs\Microsoft VS Code\bin;D:\extentions\apache-maven-3.9.12\bin;D:\extentions\JDK\bin;C:\spring-boot-cli-4.0.0-bin\spring-4.0.0\bin;C:\Users\vigne\AppData\Local\Programs\Antigravity\bin;c:\Users\vigne\.antigravity\extensions\vscjava.vscode-java-debug-0.58.5-universal\bundled\scripts\noConfigScripts
USERNAME=vigne
LANG=en_US.UTF-8
OS=Windows_NT
PROCESSOR_IDENTIFIER=Intel64 Family 6 Model 186 Stepping 2, GenuineIntel
TMP=C:\Users\vigne\AppData\Local\Temp
TEMP=C:\Users\vigne\AppData\Local\Temp




Compilation memory statistics disabled.

Periodic native trim disabled

---------------  S Y S T E M  ---------------

OS:
 Windows 11 , 64 bit Build 26100 (10.0.26100.7920)
OS uptime: 1 days 2:11 hours
Hyper-V role detected

CPU: total 16 (initial active 16) (8 cores per cpu, 2 threads per core) family 6 model 186 stepping 2 microcode 0x4122, cx8, cmov, fxsr, ht, mmx, 3dnowpref, sse, sse2, sse3, ssse3, sse4.1, sse4.2, popcnt, lzcnt, tsc, tscinvbit, avx, avx2, aes, erms, clmul, bmi1, bmi2, adx, sha, fma, vzeroupper, clflush, clflushopt, clwb, hv, serialize, rdtscp, rdpid, fsrm, gfni, f16c, cet_ibt, cet_ss
Processor Information for processor 0
  Max Mhz: 2400, Current Mhz: 2400, Mhz Limit: 2400
Processor Information for processor 1
  Max Mhz: 2400, Current Mhz: 2400, Mhz Limit: 2400
Processor Information for processor 2
  Max Mhz: 2400, Current Mhz: 2400, Mhz Limit: 2400
Processor Information for processor 3
  Max Mhz: 2400, Current Mhz: 2400, Mhz Limit: 2400
Processor Information for processor 4
  Max Mhz: 2400, Current Mhz: 2400, Mhz Limit: 2400
Processor Information for processor 5
  Max Mhz: 2400, Current Mhz: 2400, Mhz Limit: 2400
Processor Information for processor 6
  Max Mhz: 2400, Current Mhz: 2400, Mhz Limit: 2400
Processor Information for processor 7
  Max Mhz: 2400, Current Mhz: 2400, Mhz Limit: 2400
Processor Information for processor 8
  Max Mhz: 2400, Current Mhz: 2400, Mhz Limit: 2400
Processor Information for processor 9
  Max Mhz: 2400, Current Mhz: 2400, Mhz Limit: 2400
Processor Information for processor 10
  Max Mhz: 2400, Current Mhz: 2400, Mhz Limit: 2400
Processor Information for processor 11
  Max Mhz: 2400, Current Mhz: 2400, Mhz Limit: 2400
Processor Information for processor 12
  Max Mhz: 2400, Current Mhz: 1800, Mhz Limit: 1800
Processor Information for processor 13
  Max Mhz: 2400, Current Mhz: 1500, Mhz Limit: 1800
Processor Information for processor 14
  Max Mhz: 2400, Current Mhz: 1500, Mhz Limit: 1800
Processor Information for processor 15
  Max Mhz: 2400, Current Mhz: 1500, Mhz Limit: 1800

Memory: 4k page, system-wide physical 16076M (2716M free)
TotalPageFile size 19548M (AvailPageFile size 13M)
current process WorkingSet (physical memory assigned to process): 112M, peak: 112M
current process commit charge ("private bytes"): 390M, peak: 395M

vm_info: Java HotSpot(TM) 64-Bit Server VM (25.0.2+10-LTS-69) for windows-amd64 JRE (25.0.2+10-LTS-69), built on 2025-12-18T11:36:35Z with MS VC++ 17.13 (VS2022)

END.
