#
# There is insufficient memory for the Java Runtime Environment to continue.
# Native memory allocation (malloc) failed to allocate 7993048 bytes. Error detail: Chunk::new
# Possible reasons:
#   The system is out of physical RAM or swap space
#   This process is running with CompressedOops enabled, and the Java Heap may be blocking the growth of the native heap
# Possible solutions:
#   Reduce memory load on the system
#   Increase physical memory or swap space
#   Check if swap backing store is full
#   Decrease Java heap size (-Xmx/-Xms)
#   Decrease number of Java threads
#   Decrease Java thread stack sizes (-Xss)
#   Set larger code cache with -XX:ReservedCodeCacheSize=
#   JVM is running with Zero Based Compressed Oops mode in which the Java heap is
#     placed in the first 32GB address space. The Java Heap base address is the
#     maximum limit for the native heap growth. Please use -XX:HeapBaseMinAddress
#     to set the Java Heap base and to place the Java Heap above 32GB virtual address.
# This output file may be truncated or incomplete.
#
#  Out of Memory Error (arena.cpp:186), pid=13240, tid=5424
#
# JRE version: Java(TM) SE Runtime Environment (25.0.2+10) (build 25.0.2+10-LTS-69)
# Java VM: Java HotSpot(TM) 64-Bit Server VM (25.0.2+10-LTS-69, mixed mode, sharing, tiered, compressed oops, compressed class ptrs, g1 gc, windows-amd64)
# No core dump will be written. Minidumps are not enabled by default on client versions of Windows
#

---------------  S U M M A R Y ------------

Command Line: --enable-native-access=ALL-UNNAMED -Dclassworlds.conf=D:\extentions\apache-maven-3.9.12\bin\m2.conf -Dmaven.home=D:\extentions\apache-maven-3.9.12 -Dlibrary.jansi.path=D:\extentions\apache-maven-3.9.12\lib\jansi-native -Dmaven.multiModuleProjectDirectory=D:\viggu\petrol\backend\server org.codehaus.plexus.classworlds.launcher.Launcher spring-boot:run

Host: 13th Gen Intel(R) Core(TM) i7-13620H, 16 cores, 15G,  Windows 11 , 64 bit Build 26100 (10.0.26100.7920)
Time: Sun Mar 22 23:19:47 2026 India Standard Time elapsed time: 1.791476 seconds (0d 0h 0m 1s)

---------------  T H R E A D  ---------------

Current thread (0x00000191d0a933b0):  JavaThread "C2 CompilerThread4" daemon [_thread_in_native, id=5424, stack(0x0000002199100000,0x0000002199200000) (1024K)]


Current CompileTask:
C2:1791 3115   !   4       java.net.URL::<init> (523 bytes)

Stack: [0x0000002199100000,0x0000002199200000]
Native frames: (J=compiled Java code, j=interpreted, Vv=VM code, C=native code)
V  [jvm.dll+0x7a70f9]  (no source info available)
V  [jvm.dll+0x772d6d]  (no source info available)
V  [jvm.dll+0x965d53]  (no source info available)
V  [jvm.dll+0x968351]  (no source info available)
V  [jvm.dll+0x968a63]  (no source info available)
V  [jvm.dll+0x2fc846]  (no source info available)
V  [jvm.dll+0x111b16]  (no source info available)
V  [jvm.dll+0x111e3e]  (no source info available)
V  [jvm.dll+0x1a0872]  (no source info available)
V  [jvm.dll+0x3b54c2]  (no source info available)
V  [jvm.dll+0x7aca8f]  (no source info available)
V  [jvm.dll+0x2c0b97]  (no source info available)
V  [jvm.dll+0x2bfb5f]  (no source info available)
V  [jvm.dll+0x2379a0]  (no source info available)
V  [jvm.dll+0x2cfc86]  (no source info available)
V  [jvm.dll+0x2cdf05]  (no source info available)
V  [jvm.dll+0x48e9d1]  (no source info available)
V  [jvm.dll+0x906fcd]  (no source info available)
V  [jvm.dll+0x7a56d5]  (no source info available)
C  [ucrtbase.dll+0x37b0]  (no source info available)
C  [KERNEL32.DLL+0x2e8d7]  (no source info available)
C  [ntdll.dll+0x8c48c]  (no source info available)

Lock stack of current Java thread (top to bottom):


---------------  P R O C E S S  ---------------

Threads class SMR info:
_java_thread_list=0x00000191d20858e0, length=21, elements={
0x00000191a9309670, 0x00000191caf394f0, 0x00000191caf39cb0, 0x00000191caf3d510,
0x00000191caf3f5e0, 0x00000191caf426c0, 0x00000191caf4b9d0, 0x00000191caf4ee50,
0x00000191caf74280, 0x00000191caf9e750, 0x00000191cb857f30, 0x00000191cb86e240,
0x00000191cb91b650, 0x00000191d076e040, 0x00000191d07988a0, 0x00000191d098ba20,
0x00000191d0a953f0, 0x00000191d0a933b0, 0x00000191d0a95c00, 0x00000191d144a7f0,
0x00000191d0a98450
}

Java Threads: ( => current thread )
  0x00000191a9309670 JavaThread "main"                              [_thread_in_Java, id=17380, stack(0x0000002197900000,0x0000002197a00000) (1024K)]
  0x00000191caf394f0 JavaThread "Reference Handler"          daemon [_thread_blocked, id=20160, stack(0x0000002198100000,0x0000002198200000) (1024K)]
  0x00000191caf39cb0 JavaThread "Finalizer"                  daemon [_thread_blocked, id=5356, stack(0x0000002198200000,0x0000002198300000) (1024K)]
  0x00000191caf3d510 JavaThread "Signal Dispatcher"          daemon [_thread_blocked, id=21268, stack(0x0000002198300000,0x0000002198400000) (1024K)]
  0x00000191caf3f5e0 JavaThread "Attach Listener"            daemon [_thread_blocked, id=5916, stack(0x0000002198400000,0x0000002198500000) (1024K)]
  0x00000191caf426c0 JavaThread "Service Thread"             daemon [_thread_blocked, id=25088, stack(0x0000002198500000,0x0000002198600000) (1024K)]
  0x00000191caf4b9d0 JavaThread "Monitor Deflation Thread"   daemon [_thread_blocked, id=11748, stack(0x0000002198600000,0x0000002198700000) (1024K)]
  0x00000191caf4ee50 JavaThread "C2 CompilerThread0"         daemon [_thread_in_native, id=29912, stack(0x0000002198700000,0x0000002198800000) (1024K)]
  0x00000191caf74280 JavaThread "C1 CompilerThread0"         daemon [_thread_blocked, id=23756, stack(0x0000002198800000,0x0000002198900000) (1024K)]
  0x00000191caf9e750 JavaThread "C1 CompilerThread1"         daemon [_thread_blocked, id=21208, stack(0x0000002198900000,0x0000002198a00000) (1024K)]
  0x00000191cb857f30 JavaThread "Notification Thread"        daemon [_thread_blocked, id=5308, stack(0x0000002198a00000,0x0000002198b00000) (1024K)]
  0x00000191cb86e240 JavaThread "Common-Cleaner"             daemon [_thread_blocked, id=23712, stack(0x0000002198b00000,0x0000002198c00000) (1024K)]
  0x00000191cb91b650 JavaThread "C2 CompilerThread1"         daemon [_thread_in_native, id=30488, stack(0x0000002198c00000,0x0000002198d00000) (1024K)]
  0x00000191d076e040 JavaThread "C1 CompilerThread2"         daemon [_thread_blocked, id=23404, stack(0x0000002198d00000,0x0000002198e00000) (1024K)]
  0x00000191d07988a0 JavaThread "C1 CompilerThread3"         daemon [_thread_blocked, id=27596, stack(0x0000002198e00000,0x0000002198f00000) (1024K)]
  0x00000191d098ba20 JavaThread "C2 CompilerThread2"         daemon [_thread_in_native, id=29272, stack(0x0000002198f00000,0x0000002199000000) (1024K)]
  0x00000191d0a953f0 JavaThread "C2 CompilerThread3"         daemon [_thread_in_native, id=22608, stack(0x0000002199000000,0x0000002199100000) (1024K)]
=>0x00000191d0a933b0 JavaThread "C2 CompilerThread4"         daemon [_thread_in_native, id=5424, stack(0x0000002199100000,0x0000002199200000) (1024K)]
  0x00000191d0a95c00 JavaThread "C2 CompilerThread5"         daemon [_thread_in_native, id=12268, stack(0x0000002199200000,0x0000002199300000) (1024K)]
  0x00000191d144a7f0 JavaThread "Thread-1"                   daemon [_thread_blocked, id=17316, stack(0x0000002199300000,0x0000002199400000) (1024K)]
  0x00000191d0a98450 JavaThread "C2 CompilerThread6"         daemon [_thread_in_native, id=1444, stack(0x0000002199400000,0x0000002199500000) (1024K)]
Total: 21

Other Threads:
  0x00000191caf26320 VMThread "VM Thread"                           [id=13152, stack(0x0000002198000000,0x0000002198100000) (1024K)]
  0x00000191cadeebe0 WatcherThread "VM Periodic Task Thread"        [id=17340, stack(0x0000002197f00000,0x0000002198000000) (1024K)]
  0x00000191ab8108c0 WorkerThread "GC Thread#0"                     [id=28696, stack(0x0000002197a00000,0x0000002197b00000) (1024K)]
  0x00000191d1b844b0 WorkerThread "GC Thread#1"                     [id=24056, stack(0x0000002199500000,0x0000002199600000) (1024K)]
  0x00000191d1a56890 WorkerThread "GC Thread#2"                     [id=27752, stack(0x0000002199600000,0x0000002199700000) (1024K)]
  0x00000191d1a680b0 WorkerThread "GC Thread#3"                     [id=24780, stack(0x0000002199700000,0x0000002199800000) (1024K)]
  0x00000191d1a684e0 WorkerThread "GC Thread#4"                     [id=24800, stack(0x0000002199800000,0x0000002199900000) (1024K)]
  0x00000191d1a68910 WorkerThread "GC Thread#5"                     [id=7664, stack(0x0000002199900000,0x0000002199a00000) (1024K)]
  0x00000191ab829a80 ConcurrentGCThread "G1 Main Marker"            [id=26460, stack(0x0000002197b00000,0x0000002197c00000) (1024K)]
  0x00000191ab82b630 WorkerThread "G1 Conc#0"                       [id=17536, stack(0x0000002197c00000,0x0000002197d00000) (1024K)]
  0x00000191cade25c0 ConcurrentGCThread "G1 Refine#0"               [id=1268, stack(0x0000002197d00000,0x0000002197e00000) (1024K)]
  0x00000191cade50e0 ConcurrentGCThread "G1 Service"                [id=24408, stack(0x0000002197e00000,0x0000002197f00000) (1024K)]
Total: 12

Threads with active compile tasks:
C2 CompilerThread0  1897 3184       4       org.codehaus.plexus.util.xml.pull.MXParser::nextImpl (1208 bytes)
C1 CompilerThread0  1897 3467       3       java.lang.invoke.InnerClassLambdaMetafactory::methodDesc (45 bytes)
C2 CompilerThread1  1897 3190       4       org.codehaus.plexus.util.xml.pull.MXParser::parseStartTag (1205 bytes)
C2 CompilerThread2  1897 3255       4       java.util.HashMap::put (13 bytes)
C2 CompilerThread3  1897 3265       4       sun.util.locale.LocaleUtils::toLowerString (95 bytes)
C2 CompilerThread4  1897 3115   !   4       java.net.URL::<init> (523 bytes)
C2 CompilerThread5  1897 3226       4       java.util.HashSet::add (20 bytes)
C2 CompilerThread6  1897 3307       4       com.google.inject.internal.aop.ImmutableStringTrie::nextPivotColumn (55 bytes)
Total: 8

VM state: not at safepoint (normal execution)

VM Mutex/Monitor currently owned by a thread:  ([mutex/lock_event])
[0x00007fff4a6e73e8] Metaspace_lock - owner thread: 0x00000191a9309670
[0x00007fff4a6e7f68] MethodCompileQueue_lock - owner thread: 0x00000191caf74280
[0x00007fff4a6e93e8] CodeCache_lock - owner thread: 0x00000191caf74280
[0x00007fff4a6e9668] Compile_lock - owner thread: 0x00000191caf74280

Heap address: 0x0000000704c00000, size: 4020 MB, Compressed Oops mode: Zero based, Oop shift amount: 3

CDS archive(s) mapped at: [0x0000000093000000-0x0000000093dd0000-0x0000000093dd0000), size 14483456, SharedBaseAddress: 0x0000000093000000, ArchiveRelocationMode: 1.
Compressed class space mapped at: 0x0000000094000000-0x00000000d4000000, reserved size: 1073741824
UseCompressedClassPointers 1, UseCompactObjectHeaders 0
Narrow klass pointer bits 32, Max shift 3
Narrow klass base: 0x0000000093000000, Narrow klass shift: 0
Encoding Range: [0x0000000093000000 - 0x0000000193000000), (4294967296 bytes)
Klass Range:    [0x0000000093010000 - 0x00000000d4000000), (1090453504 bytes)
Klass ID Range:  [65536 - 1090519033) (1090453497)
Protection zone: [0x0000000093000000 - 0x0000000093010000), (65536 bytes)

GC Precious Log:
 CardTable entry size: 512
 Card Set container configuration: InlinePtr #cards 4 size 8 Array Of Cards #cards 16 size 48 Howl #buckets 8 coarsen threshold 3686 Howl Bitmap #cards 512 size 80 coarsen threshold 460 Card regions per heap region 1 cards per card region 4096
 CPUs: 16 total, 16 available
 Memory: 16076M
 Large Page Support: Disabled
 NUMA Support: Disabled
 Compressed Oops: Enabled (Zero based)
 Heap Region Size: 2M
 Heap Min Capacity: 8M
 Heap Initial Capacity: 252M
 Heap Max Capacity: 4020M
 Pre-touch: Disabled
 Parallel Workers: 13
 Concurrent Workers: 3
 Concurrent Refinement Workers: 13
 Periodic GC: Disabled

Heap:
 garbage-first heap   total reserved 4116480K, committed 260096K, used 36560K [0x0000000704c00000, 0x0000000800000000)
  region size 2048K, 19 young (38912K), 3 survivors (6144K)

Heap Regions: E=young(eden), S=young(survivor), O=old, HS=humongous(starts), HC=humongous(continues), CS=collection set, F=free, TAMS=top-at-mark-start, PB=parsable bottom
|   0|0x0000000704c00000, 0x0000000704c00000, 0x0000000704e00000|  0%| F|  |TAMS 0x0000000704c00000| PB 0x0000000704c00000| Untracked |  0
|   1|0x0000000704e00000, 0x0000000704e00000, 0x0000000705000000|  0%| F|  |TAMS 0x0000000704e00000| PB 0x0000000704e00000| Untracked |  0
|   2|0x0000000705000000, 0x0000000705000000, 0x0000000705200000|  0%| F|  |TAMS 0x0000000705000000| PB 0x0000000705000000| Untracked |  0
|   3|0x0000000705200000, 0x0000000705200000, 0x0000000705400000|  0%| F|  |TAMS 0x0000000705200000| PB 0x0000000705200000| Untracked |  0
|   4|0x0000000705400000, 0x0000000705400000, 0x0000000705600000|  0%| F|  |TAMS 0x0000000705400000| PB 0x0000000705400000| Untracked |  0
|   5|0x0000000705600000, 0x0000000705600000, 0x0000000705800000|  0%| F|  |TAMS 0x0000000705600000| PB 0x0000000705600000| Untracked |  0
|   6|0x0000000705800000, 0x0000000705800000, 0x0000000705a00000|  0%| F|  |TAMS 0x0000000705800000| PB 0x0000000705800000| Untracked |  0
|   7|0x0000000705a00000, 0x0000000705a00000, 0x0000000705c00000|  0%| F|  |TAMS 0x0000000705a00000| PB 0x0000000705a00000| Untracked |  0
|   8|0x0000000705c00000, 0x0000000705c00000, 0x0000000705e00000|  0%| F|  |TAMS 0x0000000705c00000| PB 0x0000000705c00000| Untracked |  0
|   9|0x0000000705e00000, 0x0000000705e00000, 0x0000000706000000|  0%| F|  |TAMS 0x0000000705e00000| PB 0x0000000705e00000| Untracked |  0
|  10|0x0000000706000000, 0x0000000706000000, 0x0000000706200000|  0%| F|  |TAMS 0x0000000706000000| PB 0x0000000706000000| Untracked |  0
|  11|0x0000000706200000, 0x0000000706200000, 0x0000000706400000|  0%| F|  |TAMS 0x0000000706200000| PB 0x0000000706200000| Untracked |  0
|  12|0x0000000706400000, 0x0000000706400000, 0x0000000706600000|  0%| F|  |TAMS 0x0000000706400000| PB 0x0000000706400000| Untracked |  0
|  13|0x0000000706600000, 0x0000000706600000, 0x0000000706800000|  0%| F|  |TAMS 0x0000000706600000| PB 0x0000000706600000| Untracked |  0
|  14|0x0000000706800000, 0x0000000706800000, 0x0000000706a00000|  0%| F|  |TAMS 0x0000000706800000| PB 0x0000000706800000| Untracked |  0
|  15|0x0000000706a00000, 0x0000000706a00000, 0x0000000706c00000|  0%| F|  |TAMS 0x0000000706a00000| PB 0x0000000706a00000| Untracked |  0
|  16|0x0000000706c00000, 0x0000000706c00000, 0x0000000706e00000|  0%| F|  |TAMS 0x0000000706c00000| PB 0x0000000706c00000| Untracked |  0
|  17|0x0000000706e00000, 0x0000000706e00000, 0x0000000707000000|  0%| F|  |TAMS 0x0000000706e00000| PB 0x0000000706e00000| Untracked |  0
|  18|0x0000000707000000, 0x0000000707000000, 0x0000000707200000|  0%| F|  |TAMS 0x0000000707000000| PB 0x0000000707000000| Untracked |  0
|  19|0x0000000707200000, 0x0000000707200000, 0x0000000707400000|  0%| F|  |TAMS 0x0000000707200000| PB 0x0000000707200000| Untracked |  0
|  20|0x0000000707400000, 0x0000000707400000, 0x0000000707600000|  0%| F|  |TAMS 0x0000000707400000| PB 0x0000000707400000| Untracked |  0
|  21|0x0000000707600000, 0x0000000707600000, 0x0000000707800000|  0%| F|  |TAMS 0x0000000707600000| PB 0x0000000707600000| Untracked |  0
|  22|0x0000000707800000, 0x0000000707800000, 0x0000000707a00000|  0%| F|  |TAMS 0x0000000707800000| PB 0x0000000707800000| Untracked |  0
|  23|0x0000000707a00000, 0x0000000707a00000, 0x0000000707c00000|  0%| F|  |TAMS 0x0000000707a00000| PB 0x0000000707a00000| Untracked |  0
|  24|0x0000000707c00000, 0x0000000707c00000, 0x0000000707e00000|  0%| F|  |TAMS 0x0000000707c00000| PB 0x0000000707c00000| Untracked |  0
|  25|0x0000000707e00000, 0x0000000707e00000, 0x0000000708000000|  0%| F|  |TAMS 0x0000000707e00000| PB 0x0000000707e00000| Untracked |  0
|  26|0x0000000708000000, 0x0000000708000000, 0x0000000708200000|  0%| F|  |TAMS 0x0000000708000000| PB 0x0000000708000000| Untracked |  0
|  27|0x0000000708200000, 0x0000000708200000, 0x0000000708400000|  0%| F|  |TAMS 0x0000000708200000| PB 0x0000000708200000| Untracked |  0
|  28|0x0000000708400000, 0x0000000708400000, 0x0000000708600000|  0%| F|  |TAMS 0x0000000708400000| PB 0x0000000708400000| Untracked |  0
|  29|0x0000000708600000, 0x0000000708600000, 0x0000000708800000|  0%| F|  |TAMS 0x0000000708600000| PB 0x0000000708600000| Untracked |  0
|  30|0x0000000708800000, 0x0000000708800000, 0x0000000708a00000|  0%| F|  |TAMS 0x0000000708800000| PB 0x0000000708800000| Untracked |  0
|  31|0x0000000708a00000, 0x0000000708a00000, 0x0000000708c00000|  0%| F|  |TAMS 0x0000000708a00000| PB 0x0000000708a00000| Untracked |  0
|  32|0x0000000708c00000, 0x0000000708c00000, 0x0000000708e00000|  0%| F|  |TAMS 0x0000000708c00000| PB 0x0000000708c00000| Untracked |  0
|  33|0x0000000708e00000, 0x0000000708e00000, 0x0000000709000000|  0%| F|  |TAMS 0x0000000708e00000| PB 0x0000000708e00000| Untracked |  0
|  34|0x0000000709000000, 0x0000000709000000, 0x0000000709200000|  0%| F|  |TAMS 0x0000000709000000| PB 0x0000000709000000| Untracked |  0
|  35|0x0000000709200000, 0x0000000709200000, 0x0000000709400000|  0%| F|  |TAMS 0x0000000709200000| PB 0x0000000709200000| Untracked |  0
|  36|0x0000000709400000, 0x0000000709400000, 0x0000000709600000|  0%| F|  |TAMS 0x0000000709400000| PB 0x0000000709400000| Untracked |  0
|  37|0x0000000709600000, 0x0000000709600000, 0x0000000709800000|  0%| F|  |TAMS 0x0000000709600000| PB 0x0000000709600000| Untracked |  0
|  38|0x0000000709800000, 0x0000000709800000, 0x0000000709a00000|  0%| F|  |TAMS 0x0000000709800000| PB 0x0000000709800000| Untracked |  0
|  39|0x0000000709a00000, 0x0000000709a00000, 0x0000000709c00000|  0%| F|  |TAMS 0x0000000709a00000| PB 0x0000000709a00000| Untracked |  0
|  40|0x0000000709c00000, 0x0000000709c00000, 0x0000000709e00000|  0%| F|  |TAMS 0x0000000709c00000| PB 0x0000000709c00000| Untracked |  0
|  41|0x0000000709e00000, 0x0000000709e00000, 0x000000070a000000|  0%| F|  |TAMS 0x0000000709e00000| PB 0x0000000709e00000| Untracked |  0
|  42|0x000000070a000000, 0x000000070a000000, 0x000000070a200000|  0%| F|  |TAMS 0x000000070a000000| PB 0x000000070a000000| Untracked |  0
|  43|0x000000070a200000, 0x000000070a200000, 0x000000070a400000|  0%| F|  |TAMS 0x000000070a200000| PB 0x000000070a200000| Untracked |  0
|  44|0x000000070a400000, 0x000000070a400000, 0x000000070a600000|  0%| F|  |TAMS 0x000000070a400000| PB 0x000000070a400000| Untracked |  0
|  45|0x000000070a600000, 0x000000070a600000, 0x000000070a800000|  0%| F|  |TAMS 0x000000070a600000| PB 0x000000070a600000| Untracked |  0
|  46|0x000000070a800000, 0x000000070a800000, 0x000000070aa00000|  0%| F|  |TAMS 0x000000070a800000| PB 0x000000070a800000| Untracked |  0
|  47|0x000000070aa00000, 0x000000070aa00000, 0x000000070ac00000|  0%| F|  |TAMS 0x000000070aa00000| PB 0x000000070aa00000| Untracked |  0
|  48|0x000000070ac00000, 0x000000070ac00000, 0x000000070ae00000|  0%| F|  |TAMS 0x000000070ac00000| PB 0x000000070ac00000| Untracked |  0
|  49|0x000000070ae00000, 0x000000070ae00000, 0x000000070b000000|  0%| F|  |TAMS 0x000000070ae00000| PB 0x000000070ae00000| Untracked |  0
|  50|0x000000070b000000, 0x000000070b000000, 0x000000070b200000|  0%| F|  |TAMS 0x000000070b000000| PB 0x000000070b000000| Untracked |  0
|  51|0x000000070b200000, 0x000000070b200000, 0x000000070b400000|  0%| F|  |TAMS 0x000000070b200000| PB 0x000000070b200000| Untracked |  0
|  52|0x000000070b400000, 0x000000070b400000, 0x000000070b600000|  0%| F|  |TAMS 0x000000070b400000| PB 0x000000070b400000| Untracked |  0
|  53|0x000000070b600000, 0x000000070b600000, 0x000000070b800000|  0%| F|  |TAMS 0x000000070b600000| PB 0x000000070b600000| Untracked |  0
|  54|0x000000070b800000, 0x000000070b800000, 0x000000070ba00000|  0%| F|  |TAMS 0x000000070b800000| PB 0x000000070b800000| Untracked |  0
|  55|0x000000070ba00000, 0x000000070ba00000, 0x000000070bc00000|  0%| F|  |TAMS 0x000000070ba00000| PB 0x000000070ba00000| Untracked |  0
|  56|0x000000070bc00000, 0x000000070bc00000, 0x000000070be00000|  0%| F|  |TAMS 0x000000070bc00000| PB 0x000000070bc00000| Untracked |  0
|  57|0x000000070be00000, 0x000000070be00000, 0x000000070c000000|  0%| F|  |TAMS 0x000000070be00000| PB 0x000000070be00000| Untracked |  0
|  58|0x000000070c000000, 0x000000070c000000, 0x000000070c200000|  0%| F|  |TAMS 0x000000070c000000| PB 0x000000070c000000| Untracked |  0
|  59|0x000000070c200000, 0x000000070c200000, 0x000000070c400000|  0%| F|  |TAMS 0x000000070c200000| PB 0x000000070c200000| Untracked |  0
|  60|0x000000070c400000, 0x000000070c400000, 0x000000070c600000|  0%| F|  |TAMS 0x000000070c400000| PB 0x000000070c400000| Untracked |  0
|  61|0x000000070c600000, 0x000000070c600000, 0x000000070c800000|  0%| F|  |TAMS 0x000000070c600000| PB 0x000000070c600000| Untracked |  0
|  62|0x000000070c800000, 0x000000070c800000, 0x000000070ca00000|  0%| F|  |TAMS 0x000000070c800000| PB 0x000000070c800000| Untracked |  0
|  63|0x000000070ca00000, 0x000000070ca00000, 0x000000070cc00000|  0%| F|  |TAMS 0x000000070ca00000| PB 0x000000070ca00000| Untracked |  0
|  64|0x000000070cc00000, 0x000000070cc00000, 0x000000070ce00000|  0%| F|  |TAMS 0x000000070cc00000| PB 0x000000070cc00000| Untracked |  0
|  65|0x000000070ce00000, 0x000000070ce00000, 0x000000070d000000|  0%| F|  |TAMS 0x000000070ce00000| PB 0x000000070ce00000| Untracked |  0
|  66|0x000000070d000000, 0x000000070d000000, 0x000000070d200000|  0%| F|  |TAMS 0x000000070d000000| PB 0x000000070d000000| Untracked |  0
|  67|0x000000070d200000, 0x000000070d200000, 0x000000070d400000|  0%| F|  |TAMS 0x000000070d200000| PB 0x000000070d200000| Untracked |  0
|  68|0x000000070d400000, 0x000000070d400000, 0x000000070d600000|  0%| F|  |TAMS 0x000000070d400000| PB 0x000000070d400000| Untracked |  0
|  69|0x000000070d600000, 0x000000070d600000, 0x000000070d800000|  0%| F|  |TAMS 0x000000070d600000| PB 0x000000070d600000| Untracked |  0
|  70|0x000000070d800000, 0x000000070d800000, 0x000000070da00000|  0%| F|  |TAMS 0x000000070d800000| PB 0x000000070d800000| Untracked |  0
|  71|0x000000070da00000, 0x000000070da00000, 0x000000070dc00000|  0%| F|  |TAMS 0x000000070da00000| PB 0x000000070da00000| Untracked |  0
|  72|0x000000070dc00000, 0x000000070dc00000, 0x000000070de00000|  0%| F|  |TAMS 0x000000070dc00000| PB 0x000000070dc00000| Untracked |  0
|  73|0x000000070de00000, 0x000000070de00000, 0x000000070e000000|  0%| F|  |TAMS 0x000000070de00000| PB 0x000000070de00000| Untracked |  0
|  74|0x000000070e000000, 0x000000070e000000, 0x000000070e200000|  0%| F|  |TAMS 0x000000070e000000| PB 0x000000070e000000| Untracked |  0
|  75|0x000000070e200000, 0x000000070e200000, 0x000000070e400000|  0%| F|  |TAMS 0x000000070e200000| PB 0x000000070e200000| Untracked |  0
|  76|0x000000070e400000, 0x000000070e400000, 0x000000070e600000|  0%| F|  |TAMS 0x000000070e400000| PB 0x000000070e400000| Untracked |  0
|  77|0x000000070e600000, 0x000000070e600000, 0x000000070e800000|  0%| F|  |TAMS 0x000000070e600000| PB 0x000000070e600000| Untracked |  0
|  78|0x000000070e800000, 0x000000070e800000, 0x000000070ea00000|  0%| F|  |TAMS 0x000000070e800000| PB 0x000000070e800000| Untracked |  0
|  79|0x000000070ea00000, 0x000000070ea00000, 0x000000070ec00000|  0%| F|  |TAMS 0x000000070ea00000| PB 0x000000070ea00000| Untracked |  0
|  80|0x000000070ec00000, 0x000000070ec00000, 0x000000070ee00000|  0%| F|  |TAMS 0x000000070ec00000| PB 0x000000070ec00000| Untracked |  0
|  81|0x000000070ee00000, 0x000000070ee00000, 0x000000070f000000|  0%| F|  |TAMS 0x000000070ee00000| PB 0x000000070ee00000| Untracked |  0
|  82|0x000000070f000000, 0x000000070f000000, 0x000000070f200000|  0%| F|  |TAMS 0x000000070f000000| PB 0x000000070f000000| Untracked |  0
|  83|0x000000070f200000, 0x000000070f200000, 0x000000070f400000|  0%| F|  |TAMS 0x000000070f200000| PB 0x000000070f200000| Untracked |  0
|  84|0x000000070f400000, 0x000000070f400000, 0x000000070f600000|  0%| F|  |TAMS 0x000000070f400000| PB 0x000000070f400000| Untracked |  0
|  85|0x000000070f600000, 0x000000070f600000, 0x000000070f800000|  0%| F|  |TAMS 0x000000070f600000| PB 0x000000070f600000| Untracked |  0
|  86|0x000000070f800000, 0x000000070f800000, 0x000000070fa00000|  0%| F|  |TAMS 0x000000070f800000| PB 0x000000070f800000| Untracked |  0
|  87|0x000000070fa00000, 0x000000070fa00000, 0x000000070fc00000|  0%| F|  |TAMS 0x000000070fa00000| PB 0x000000070fa00000| Untracked |  0
|  88|0x000000070fc00000, 0x000000070fc00000, 0x000000070fe00000|  0%| F|  |TAMS 0x000000070fc00000| PB 0x000000070fc00000| Untracked |  0
|  89|0x000000070fe00000, 0x000000070fe00000, 0x0000000710000000|  0%| F|  |TAMS 0x000000070fe00000| PB 0x000000070fe00000| Untracked |  0
|  90|0x0000000710000000, 0x0000000710000000, 0x0000000710200000|  0%| F|  |TAMS 0x0000000710000000| PB 0x0000000710000000| Untracked |  0
|  91|0x0000000710200000, 0x0000000710200000, 0x0000000710400000|  0%| F|  |TAMS 0x0000000710200000| PB 0x0000000710200000| Untracked |  0
|  92|0x0000000710400000, 0x0000000710400000, 0x0000000710600000|  0%| F|  |TAMS 0x0000000710400000| PB 0x0000000710400000| Untracked |  0
|  93|0x0000000710600000, 0x0000000710600000, 0x0000000710800000|  0%| F|  |TAMS 0x0000000710600000| PB 0x0000000710600000| Untracked |  0
|  94|0x0000000710800000, 0x0000000710800000, 0x0000000710a00000|  0%| F|  |TAMS 0x0000000710800000| PB 0x0000000710800000| Untracked |  0
|  95|0x0000000710a00000, 0x0000000710a00000, 0x0000000710c00000|  0%| F|  |TAMS 0x0000000710a00000| PB 0x0000000710a00000| Untracked |  0
|  96|0x0000000710c00000, 0x0000000710c00000, 0x0000000710e00000|  0%| F|  |TAMS 0x0000000710c00000| PB 0x0000000710c00000| Untracked |  0
|  97|0x0000000710e00000, 0x0000000710e00000, 0x0000000711000000|  0%| F|  |TAMS 0x0000000710e00000| PB 0x0000000710e00000| Untracked |  0
|  98|0x0000000711000000, 0x0000000711000000, 0x0000000711200000|  0%| F|  |TAMS 0x0000000711000000| PB 0x0000000711000000| Untracked |  0
|  99|0x0000000711200000, 0x000000071128ebc0, 0x0000000711400000| 27%| S|CS|TAMS 0x0000000711200000| PB 0x0000000711200000| Complete |  0
| 100|0x0000000711400000, 0x0000000711600000, 0x0000000711600000|100%| S|CS|TAMS 0x0000000711400000| PB 0x0000000711400000| Complete |  0
| 101|0x0000000711600000, 0x0000000711800000, 0x0000000711800000|100%| S|CS|TAMS 0x0000000711600000| PB 0x0000000711600000| Complete |  0
| 102|0x0000000711800000, 0x0000000711800000, 0x0000000711a00000|  0%| F|  |TAMS 0x0000000711800000| PB 0x0000000711800000| Untracked |  0
| 103|0x0000000711a00000, 0x0000000711a00000, 0x0000000711c00000|  0%| F|  |TAMS 0x0000000711a00000| PB 0x0000000711a00000| Untracked |  0
| 104|0x0000000711c00000, 0x0000000711c00000, 0x0000000711e00000|  0%| F|  |TAMS 0x0000000711c00000| PB 0x0000000711c00000| Untracked |  0
| 105|0x0000000711e00000, 0x0000000711e00000, 0x0000000712000000|  0%| F|  |TAMS 0x0000000711e00000| PB 0x0000000711e00000| Untracked |  0
| 106|0x0000000712000000, 0x0000000712000000, 0x0000000712200000|  0%| F|  |TAMS 0x0000000712000000| PB 0x0000000712000000| Untracked |  0
| 107|0x0000000712200000, 0x0000000712200000, 0x0000000712400000|  0%| F|  |TAMS 0x0000000712200000| PB 0x0000000712200000| Untracked |  0
| 108|0x0000000712400000, 0x0000000712400000, 0x0000000712600000|  0%| F|  |TAMS 0x0000000712400000| PB 0x0000000712400000| Untracked |  0
| 109|0x0000000712600000, 0x0000000712600000, 0x0000000712800000|  0%| F|  |TAMS 0x0000000712600000| PB 0x0000000712600000| Untracked |  0
| 110|0x0000000712800000, 0x000000071299eb40, 0x0000000712a00000| 80%| E|  |TAMS 0x0000000712800000| PB 0x0000000712800000| Complete |  0
| 111|0x0000000712a00000, 0x0000000712c00000, 0x0000000712c00000|100%| E|CS|TAMS 0x0000000712a00000| PB 0x0000000712a00000| Complete |  0
| 112|0x0000000712c00000, 0x0000000712e00000, 0x0000000712e00000|100%| E|CS|TAMS 0x0000000712c00000| PB 0x0000000712c00000| Complete |  0
| 113|0x0000000712e00000, 0x0000000713000000, 0x0000000713000000|100%| E|CS|TAMS 0x0000000712e00000| PB 0x0000000712e00000| Complete |  0
| 114|0x0000000713000000, 0x0000000713200000, 0x0000000713200000|100%| E|CS|TAMS 0x0000000713000000| PB 0x0000000713000000| Complete |  0
| 115|0x0000000713200000, 0x0000000713400000, 0x0000000713400000|100%| E|CS|TAMS 0x0000000713200000| PB 0x0000000713200000| Complete |  0
| 116|0x0000000713400000, 0x0000000713600000, 0x0000000713600000|100%| E|CS|TAMS 0x0000000713400000| PB 0x0000000713400000| Complete |  0
| 117|0x0000000713600000, 0x0000000713800000, 0x0000000713800000|100%| E|CS|TAMS 0x0000000713600000| PB 0x0000000713600000| Complete |  0
| 118|0x0000000713800000, 0x0000000713a00000, 0x0000000713a00000|100%| E|CS|TAMS 0x0000000713800000| PB 0x0000000713800000| Complete |  0
| 119|0x0000000713a00000, 0x0000000713c00000, 0x0000000713c00000|100%| E|CS|TAMS 0x0000000713a00000| PB 0x0000000713a00000| Complete |  0
| 120|0x0000000713c00000, 0x0000000713e00000, 0x0000000713e00000|100%| E|CS|TAMS 0x0000000713c00000| PB 0x0000000713c00000| Complete |  0
| 121|0x0000000713e00000, 0x0000000714000000, 0x0000000714000000|100%| E|CS|TAMS 0x0000000713e00000| PB 0x0000000713e00000| Complete |  0
| 122|0x0000000714000000, 0x0000000714200000, 0x0000000714200000|100%| E|CS|TAMS 0x0000000714000000| PB 0x0000000714000000| Complete |  0
| 123|0x0000000714200000, 0x0000000714400000, 0x0000000714400000|100%| E|CS|TAMS 0x0000000714200000| PB 0x0000000714200000| Complete |  0
| 124|0x0000000714400000, 0x0000000714600000, 0x0000000714600000|100%| E|CS|TAMS 0x0000000714400000| PB 0x0000000714400000| Complete |  0
| 125|0x0000000714600000, 0x0000000714800000, 0x0000000714800000|100%| E|CS|TAMS 0x0000000714600000| PB 0x0000000714600000| Complete |  0
|2009|0x00000007ffe00000, 0x00000007fff257b8, 0x0000000800000000| 57%| O|  |TAMS 0x00000007ffe00000| PB 0x00000007ffe00000| Untracked |  0

Card table byte_map: [0x00000191c4090000,0x00000191c4870000] _byte_map_base: 0x00000191c086a000

Marking Bits: (CMBitMap*) 0x00000191ab811860
 Bits: [0x00000191c4870000, 0x00000191c8740000)

Polling page: 0x00000191a9630000

Metaspace:
Metaspace        used 14639K, committed 14848K, reserved 1114112K
 class space     used 1830K, committed 1920K, reserved 1048576K

Usage:
  Non-class:     12.51 MB used.
      Class:      1.79 MB used.
       Both:     14.30 MB used.

Virtual space:
  Non-class space:       64.00 MB reserved,      12.62 MB ( 20%) committed,  1 nodes.
      Class space:        1.00 GB reserved,       1.88 MB ( <1%) committed,  1 nodes.
             Both:        1.06 GB reserved,      14.50 MB (  1%) committed. 

Chunk freelists:
   Non-Class:  2.67 MB
       Class:  13.94 MB
        Both:  16.61 MB

MaxMetaspaceSize: unlimited
CompressedClassSpaceSize: 1.00 GB
Initial GC threshold: 21.00 MB
Current GC threshold: 21.00 MB
CDS: on
 - commit_granule_bytes: 65536.
 - commit_granule_words: 8192.
 - virtual_space_node_default_size: 8388608.
 - enlarge_chunks_in_place: 1.
UseCompressedClassPointers 1, UseCompactObjectHeaders 0
Narrow klass pointer bits 32, Max shift 3
Narrow klass base: 0x0000000093000000, Narrow klass shift: 0
Encoding Range: [0x0000000093000000 - 0x0000000193000000), (4294967296 bytes)
Klass Range:    [0x0000000093010000 - 0x00000000d4000000), (1090453504 bytes)
Klass ID Range:  [65536 - 1090519033) (1090453497)
Protection zone: [0x0000000093000000 - 0x0000000093010000), (65536 bytes)


Internal statistics:

num_allocs_failed_limit: 0.
num_arena_births: 124.
num_arena_deaths: 0.
num_vsnodes_births: 2.
num_vsnodes_deaths: 0.
num_space_committed: 232.
num_space_uncommitted: 0.
num_chunks_returned_to_freelist: 0.
num_chunks_taken_from_freelist: 634.
num_chunk_merges: 0.
num_chunk_splits: 437.
num_chunks_enlarged: 352.
num_inconsistent_stats: 0.

CodeHeap 'non-profiled nmethods': size=119232Kb used=955Kb max_used=955Kb free=118277Kb
 bounds [0x00000191bbbc0000, 0x00000191bbe30000, 0x00000191c3030000]
CodeHeap 'profiled nmethods': size=119104Kb used=5519Kb max_used=5519Kb free=113584Kb
 bounds [0x00000191b4030000, 0x00000191b45a0000, 0x00000191bb480000]
CodeHeap 'non-nmethods': size=7424Kb used=3120Kb max_used=3135Kb free=4303Kb
 bounds [0x00000191bb480000, 0x00000191bb7a0000, 0x00000191bbbc0000]
CodeCache: size=245760Kb, used=9594Kb, max_used=9609Kb, free=236164Kb
 total_blobs=3971, nmethods=3446, adapters=419, full_count=0
Compilation: enabled, stopped_count=0, restarted_count=0

Compilation events (20 events):
Event: 1.750 Thread 0x00000191caf9e750 nmethod 3205 0x00000191b4517108 code [0x00000191b4517200, 0x00000191b4517740]
Event: 1.751 Thread 0x00000191d076e040 3206   !   3       jdk.internal.classfile.impl.DirectCodeBuilder$4::tryGenerateStackMaps (48 bytes)
Event: 1.751 Thread 0x00000191caf74280 3207       3       jdk.internal.classfile.impl.DirectCodeBuilder$4::generateStackMaps (35 bytes)
Event: 1.751 Thread 0x00000191d076e040 nmethod 3206 0x00000191b4517788 code [0x00000191b4517880, 0x00000191b4517c70]
Event: 1.752 Thread 0x00000191d07988a0 3208       3       jdk.internal.classfile.impl.DirectClassBuilder::withField (24 bytes)
Event: 1.752 Thread 0x00000191caf74280 nmethod 3207 0x00000191b4517c88 code [0x00000191b4517d80, 0x00000191b4518358]
Event: 1.752 Thread 0x00000191caf9e750 3209       3       jdk.internal.classfile.impl.DirectFieldBuilder::<init> (42 bytes)
Event: 1.752 Thread 0x00000191d07988a0 nmethod 3208 0x00000191b4518388 code [0x00000191b4518480, 0x00000191b4518708]
Event: 1.752 Thread 0x00000191d076e040 3210       3       jdk.internal.classfile.impl.DirectFieldBuilder::writeTo (33 bytes)
Event: 1.752 Thread 0x00000191caf74280 3211       1       java.lang.invoke.DirectMethodHandle::isCrackable (5 bytes)
Event: 1.753 Thread 0x00000191caf9e750 nmethod 3209 0x00000191b4518788 code [0x00000191b4518880, 0x00000191b4519330]
Event: 1.753 Thread 0x00000191caf74280 nmethod 3211 0x00000191bbca1a08 code [0x00000191bbca1b00, 0x00000191bbca1bc8]
Event: 1.753 Thread 0x00000191caf74280 3213   !   3       jdk.internal.classfile.impl.StackMapGenerator::detectFrames (498 bytes)
Event: 1.753 Thread 0x00000191caf9e750 3214       3       jdk.internal.classfile.impl.StackMapGenerator::processMethod (258 bytes)
Event: 1.754 Thread 0x00000191d076e040 nmethod 3210 0x00000191b4519388 code [0x00000191b4519480, 0x00000191b451b820]
Event: 1.755 Thread 0x00000191d076e040 3215       3       java.lang.ClassLoader::loadClass (7 bytes)
Event: 1.755 Thread 0x00000191caf9e750 nmethod 3214 0x00000191b451b888 code [0x00000191b451b980, 0x00000191b451cc78]
Event: 1.755 Thread 0x00000191caf74280 nmethod 3213 0x00000191b451cd08 code [0x00000191b451ce00, 0x00000191b451ec68]
Event: 1.755 Thread 0x00000191d076e040 nmethod 3215 0x00000191b451ec88 code [0x00000191b451ed80, 0x00000191b451ef50]
Event: 1.759 Thread 0x00000191d076e040 3216       3       org.apache.maven.model.io.xpp3.MavenXpp3ReaderEx::interpolatedTrimmed (16 bytes)

GC Heap Usage History (2 events):
Event: 1.123 {heap Before GC invocations=0 (full 0):
 garbage-first heap   total reserved 4116480K, committed 260096K, used 50325K [0x0000000704c00000, 0x0000000800000000)
  region size 2048K, 24 young (49152K), 0 survivors (0K)
}
Event: 1.128 {heap After GC invocations=1 (full 0):
 garbage-first heap   total reserved 4116480K, committed 260096K, used 5840K [0x0000000704c00000, 0x0000000800000000)
  region size 2048K, 3 young (6144K), 3 survivors (6144K)
}

Metaspace Usage History (2 events):
Event: 1.123 {metaspace Before GC invocations=0 (full 0):
 Metaspace       used 9353K, committed 9600K, reserved 1114112K
  class space    used 1162K, committed 1280K, reserved 1048576K
}
Event: 1.128 {metaspace After GC invocations=1 (full 0):
 Metaspace       used 9353K, committed 9600K, reserved 1114112K
  class space    used 1162K, committed 1280K, reserved 1048576K
}

Dll operation events (7 events):
Event: 0.014 Loaded shared library C:\Program Files\Java\jdk-25.0.2\bin\java.dll
Event: 0.060 Loaded shared library C:\Program Files\Java\jdk-25.0.2\bin\net.dll
Event: 0.062 Loaded shared library C:\Program Files\Java\jdk-25.0.2\bin\nio.dll
Event: 0.065 Loaded shared library C:\Program Files\Java\jdk-25.0.2\bin\zip.dll
Event: 0.191 Loaded shared library D:\extentions\apache-maven-3.9.12\lib\jansi-native\Windows\x86_64\jansi.dll
Event: 0.192 Loaded shared library C:\Program Files\Java\jdk-25.0.2\bin\jimage.dll
Event: 0.209 Loaded shared library C:\Program Files\Java\jdk-25.0.2\bin\verify.dll

Deoptimization events (20 events):
Event: 1.668 Thread 0x00000191a9309670 DEOPT PACKING pc=0x00000191bbc771d8 sp=0x00000021979fee80
Event: 1.668 Thread 0x00000191a9309670 DEOPT UNPACKING pc=0x00000191bb5a0f82 sp=0x00000021979fed18 mode 2
Event: 1.686 Thread 0x00000191a9309670 DEOPT PACKING pc=0x00000191b42789c4 sp=0x00000021979fe8e0
Event: 1.686 Thread 0x00000191a9309670 DEOPT UNPACKING pc=0x00000191bb4d1702 sp=0x00000021979fdda8 mode 0
Event: 1.709 Thread 0x00000191a9309670 Uncommon trap: trap_request=0xffffff45 fr.pc=0x00000191bbc18740 relative=0x0000000000000a40
Event: 1.709 Thread 0x00000191a9309670 Uncommon trap: reason=unstable_if action=reinterpret pc=0x00000191bbc18740 method=java.lang.AbstractStringBuilder.append(Ljava/lang/String;)Ljava/lang/AbstractStringBuilder; @ 1 c2
Event: 1.709 Thread 0x00000191a9309670 DEOPT PACKING pc=0x00000191bbc18740 sp=0x00000021979fe580
Event: 1.709 Thread 0x00000191a9309670 DEOPT UNPACKING pc=0x00000191bb5a0f82 sp=0x00000021979fe500 mode 2
Event: 1.709 Thread 0x00000191a9309670 Uncommon trap: trap_request=0xffffff45 fr.pc=0x00000191bbbfd4d0 relative=0x0000000000000a50
Event: 1.709 Thread 0x00000191a9309670 Uncommon trap: reason=unstable_if action=reinterpret pc=0x00000191bbbfd4d0 method=java.lang.AbstractStringBuilder.append(Ljava/lang/String;)Ljava/lang/AbstractStringBuilder; @ 1 c2
Event: 1.709 Thread 0x00000191a9309670 DEOPT PACKING pc=0x00000191bbbfd4d0 sp=0x00000021979fe510
Event: 1.709 Thread 0x00000191a9309670 DEOPT UNPACKING pc=0x00000191bb5a0f82 sp=0x00000021979fe4f8 mode 2
Event: 1.736 Thread 0x00000191a9309670 Uncommon trap: trap_request=0xffffff45 fr.pc=0x00000191bbc8bbe8 relative=0x0000000000000068
Event: 1.736 Thread 0x00000191a9309670 Uncommon trap: reason=unstable_if action=reinterpret pc=0x00000191bbc8bbe8 method=java.util.Objects.equals(Ljava/lang/Object;Ljava/lang/Object;)Z @ 6 c2
Event: 1.736 Thread 0x00000191a9309670 DEOPT PACKING pc=0x00000191bbc8bbe8 sp=0x00000021979fe230
Event: 1.736 Thread 0x00000191a9309670 DEOPT UNPACKING pc=0x00000191bb5a0f82 sp=0x00000021979fe1d0 mode 2
Event: 1.755 Thread 0x00000191a9309670 Uncommon trap: trap_request=0xffffff45 fr.pc=0x00000191bbc3e7bc relative=0x000000000000063c
Event: 1.755 Thread 0x00000191a9309670 Uncommon trap: reason=unstable_if action=reinterpret pc=0x00000191bbc3e7bc method=java.lang.String.replace(CC)Ljava/lang/String; @ 2 c2
Event: 1.755 Thread 0x00000191a9309670 DEOPT PACKING pc=0x00000191bbc3e7bc sp=0x00000021979fe560
Event: 1.755 Thread 0x00000191a9309670 DEOPT UNPACKING pc=0x00000191bb5a0f82 sp=0x00000021979fe520 mode 2

Classes loaded (20 events):
Event: 1.716 Loading class java/util/Formatter$FixedString
Event: 1.716 Loading class java/util/Formatter$FixedString done
Event: 1.735 Loading class java/nio/file/AccessMode
Event: 1.735 Loading class java/nio/file/AccessMode done
Event: 1.735 Loading class sun/nio/fs/WindowsFileSystemProvider$1
Event: 1.735 Loading class sun/nio/fs/WindowsFileSystemProvider$1 done
Event: 1.735 Loading class sun/nio/fs/WindowsChannelFactory$2
Event: 1.735 Loading class sun/nio/fs/WindowsChannelFactory$2 done
Event: 1.735 Loading class sun/nio/ch/FileLockImpl
Event: 1.735 Loading class sun/nio/ch/FileLockImpl done
Event: 1.736 Loading class sun/nio/ch/FileLockTable
Event: 1.736 Loading class sun/nio/ch/FileLockTable done
Event: 1.736 Loading class sun/nio/ch/FileKey
Event: 1.736 Loading class sun/nio/ch/FileKey done
Event: 1.736 Loading class sun/nio/ch/FileLockTable$FileLockReference
Event: 1.736 Loading class sun/nio/ch/FileLockTable$FileLockReference done
Event: 1.736 Loading class java/util/AbstractMap$2
Event: 1.737 Loading class java/util/AbstractMap$2 done
Event: 1.737 Loading class java/util/AbstractMap$ValueIterator
Event: 1.737 Loading class java/util/AbstractMap$ValueIterator done

Classes unloaded (0 events):
No events

Classes redefined (0 events):
No events

Internal exceptions (20 events):
Event: 0.221 Thread 0x00000191a9309670 Exception <a 'java/lang/NoSuchMethodError'{0x0000000714155cd0}: 'void java.lang.invoke.DirectMethodHandle$Holder.invokeStaticInit(java.lang.Object, java.lang.Object)'> (0x0000000714155cd0) 
thrown [s\open\src\hotspot\share\interpreter\linkResolver.cpp, line 804]
Event: 0.233 Thread 0x00000191a9309670 Exception <a 'java/lang/NoSuchMethodError'{0x00000007141a4c68}: 'void java.lang.invoke.DirectMethodHandle$Holder.invokeStatic(java.lang.Object, java.lang.Object, java.lang.Object)'> (0x00000007141a4c68) 
thrown [s\open\src\hotspot\share\interpreter\linkResolver.cpp, line 804]
Event: 0.291 Thread 0x00000191a9309670 Exception <a 'java/lang/NoSuchMethodError'{0x0000000713f1b868}: 'java.lang.Object java.lang.invoke.DirectMethodHandle$Holder.invokeSpecialIFC(java.lang.Object, java.lang.Object, java.lang.Object, java.lang.Object)'> (0x0000000713f1b868) 
thrown [s\open\src\hotspot\share\interpreter\linkResolver.cpp, line 804]
Event: 0.432 Thread 0x00000191a9309670 Exception <a 'java/lang/NoSuchMethodError'{0x000000071390e698}: 'void java.lang.invoke.DirectMethodHandle$Holder.invokeSpecial(java.lang.Object, java.lang.Object, java.lang.Object)'> (0x000000071390e698) 
thrown [s\open\src\hotspot\share\interpreter\linkResolver.cpp, line 804]
Event: 0.463 Thread 0x00000191a9309670 Exception <a 'java/lang/NoSuchMethodError'{0x0000000713627160}: 'java.lang.Object java.lang.invoke.DirectMethodHandle$Holder.invokeInterface(java.lang.Object, java.lang.Object)'> (0x0000000713627160) 
thrown [s\open\src\hotspot\share\interpreter\linkResolver.cpp, line 804]
Event: 0.480 Thread 0x00000191a9309670 Exception <a 'java/lang/NoSuchMethodError'{0x00000007136cfed8}: 'int java.lang.invoke.DirectMethodHandle$Holder.invokeStatic(java.lang.Object, java.lang.Object, java.lang.Object, java.lang.Object)'> (0x00000007136cfed8) 
thrown [s\open\src\hotspot\share\interpreter\linkResolver.cpp, line 804]
Event: 0.485 Thread 0x00000191a9309670 Exception <a 'java/lang/NoSuchMethodError'{0x00000007136f9cf8}: 'int java.lang.invoke.DirectMethodHandle$Holder.invokeSpecialIFC(java.lang.Object, java.lang.Object, java.lang.Object, java.lang.Object, java.lang.Object)'> (0x00000007136f9cf8) 
thrown [s\open\src\hotspot\share\interpreter\linkResolver.cpp, line 804]
Event: 0.532 Thread 0x00000191a9309670 Exception <a 'java/lang/NoSuchMethodError'{0x00000007134c3780}: 'java.lang.Object java.lang.invoke.DirectMethodHandle$Holder.newInvokeSpecial(java.lang.Object, java.lang.Object, java.lang.Object, java.lang.Object, java.lang.Object)'> (0x00000007134c3780) 
thrown [s\open\src\hotspot\share\interpreter\linkResolver.cpp, line 804]
Event: 0.559 Thread 0x00000191a9309670 Exception <a 'java/lang/NoSuchMethodError'{0x00000007135dabe8}: 'int java.lang.invoke.DirectMethodHandle$Holder.invokeStaticInit(java.lang.Object, java.lang.Object)'> (0x00000007135dabe8) 
thrown [s\open\src\hotspot\share\interpreter\linkResolver.cpp, line 804]
Event: 0.566 Thread 0x00000191a9309670 Exception <a 'java/lang/NoClassDefFoundError'{0x0000000713215268}: javax/enterprise/inject/Typed> (0x0000000713215268) 
thrown [s\open\src\hotspot\share\classfile\systemDictionary.cpp, line 316]
Event: 1.251 Thread 0x00000191a9309670 Exception <a 'java/lang/NoSuchMethodError'{0x0000000714027b40}: 'void java.lang.invoke.DirectMethodHandle$Holder.invokeStaticInit(java.lang.Object, java.lang.Object, java.lang.Object)'> (0x0000000714027b40) 
thrown [s\open\src\hotspot\share\interpreter\linkResolver.cpp, line 804]
Event: 1.266 Thread 0x00000191a9309670 Implicit null exception at 0x00000191bbc3939d to 0x00000191bbc39530
Event: 1.269 Thread 0x00000191a9309670 Exception <a 'java/lang/NoSuchMethodError'{0x00000007140b1228}: 'java.lang.Object java.lang.invoke.Invokers$Holder.invokeExact_MT(java.lang.Object, int, java.lang.Object)'> (0x00000007140b1228) 
thrown [s\open\src\hotspot\share\interpreter\linkResolver.cpp, line 804]
Event: 1.515 Thread 0x00000191a9309670 Exception <a 'java/lang/NoSuchMethodError'{0x00000007138b9c78}: 'void java.lang.invoke.Invokers$Holder.invokeExact_MT(java.lang.Object, java.lang.Object, java.lang.Object, java.lang.Object)'> (0x00000007138b9c78) 
thrown [s\open\src\hotspot\share\interpreter\linkResolver.cpp, line 804]
Event: 1.533 Thread 0x00000191a9309670 Exception <a 'java/lang/NoClassDefFoundError'{0x00000007139388c8}: com/google/inject/servlet/ServletModuleTargetVisitor> (0x00000007139388c8) 
thrown [s\open\src\hotspot\share\classfile\systemDictionary.cpp, line 316]
Event: 1.635 Thread 0x00000191a9309670 Exception <a 'java/lang/NoSuchMethodError'{0x00000007137aec48}: 'java.lang.Object java.lang.invoke.DirectMethodHandle$Holder.invokeStaticInit(java.lang.Object, int, int, int, int)'> (0x00000007137aec48) 
thrown [s\open\src\hotspot\share\interpreter\linkResolver.cpp, line 804]
Event: 1.709 Thread 0x00000191a9309670 Implicit null exception at 0x00000191bbc17d36 to 0x00000191bbc18728
Event: 1.709 Thread 0x00000191a9309670 Implicit null exception at 0x00000191bbbfcab6 to 0x00000191bbbfd4b8
Event: 1.748 Thread 0x00000191a9309670 Exception <a 'java/lang/NoSuchMethodError'{0x00000007130795f0}: 'void java.lang.invoke.DirectMethodHandle$Holder.invokeSpecial(java.lang.Object, java.lang.Object, java.lang.Object, java.lang.Object, java.lang.Object)'> (0x00000007130795f0) 
thrown [s\open\src\hotspot\share\interpreter\linkResolver.cpp, line 804]
Event: 1.753 Thread 0x00000191a9309670 Exception <a 'java/lang/NoSuchMethodError'{0x00000007130b16c8}: 'void java.lang.invoke.DirectMethodHandle$Holder.invokeSpecial(java.lang.Object, java.lang.Object, java.lang.Object, java.lang.Object, java.lang.Object, java.lang.Object)'> (0x00000007130b16c8) 
thrown [s\open\src\hotspot\share\interpreter\linkResolver.cpp, line 804]

VM Operations (20 events):
Event: 1.309 Executing non-safepoint VM operation: HandshakeAllThreads (Deoptimize)
Event: 1.309 Executing non-safepoint VM operation: HandshakeAllThreads (Deoptimize) done
Event: 1.310 Executing non-safepoint VM operation: HandshakeAllThreads (Deoptimize)
Event: 1.310 Executing non-safepoint VM operation: HandshakeAllThreads (Deoptimize) done
Event: 1.389 Executing non-safepoint VM operation: HandshakeAllThreads (Deoptimize)
Event: 1.389 Executing non-safepoint VM operation: HandshakeAllThreads (Deoptimize) done
Event: 1.507 Executing non-safepoint VM operation: HandshakeAllThreads (Deoptimize)
Event: 1.507 Executing non-safepoint VM operation: HandshakeAllThreads (Deoptimize) done
Event: 1.596 Executing non-safepoint VM operation: HandshakeAllThreads (Deoptimize)
Event: 1.596 Executing non-safepoint VM operation: HandshakeAllThreads (Deoptimize) done
Event: 1.621 Executing non-safepoint VM operation: HandshakeAllThreads (Deoptimize)
Event: 1.621 Executing non-safepoint VM operation: HandshakeAllThreads (Deoptimize) done
Event: 1.651 Executing non-safepoint VM operation: HandshakeAllThreads (Deoptimize)
Event: 1.651 Executing non-safepoint VM operation: HandshakeAllThreads (Deoptimize) done
Event: 1.664 Executing non-safepoint VM operation: HandshakeAllThreads (Deoptimize)
Event: 1.664 Executing non-safepoint VM operation: HandshakeAllThreads (Deoptimize) done
Event: 1.686 Executing non-safepoint VM operation: HandshakeAllThreads (Deoptimize)
Event: 1.686 Executing non-safepoint VM operation: HandshakeAllThreads (Deoptimize) done
Event: 1.687 Executing non-safepoint VM operation: HandshakeAllThreads (Deoptimize)
Event: 1.687 Executing non-safepoint VM operation: HandshakeAllThreads (Deoptimize) done

Memory protections (0 events):
No events

Nmethod flushes (0 events):
No events

Events (20 events):
Event: 0.045 Thread 0x00000191a9309670 Thread added: 0x00000191caf4b9d0
Event: 0.045 Thread 0x00000191a9309670 Thread added: 0x00000191caf4ee50
Event: 0.045 Thread 0x00000191a9309670 Thread added: 0x00000191caf74280
Event: 0.051 Thread 0x00000191caf4ee50 Thread added: 0x00000191caf9e750
Event: 0.055 Thread 0x00000191a9309670 Thread added: 0x00000191cb857f30
Event: 0.057 Thread 0x00000191a9309670 Thread added: 0x00000191cb86e240
Event: 0.115 Thread 0x00000191caf4ee50 Thread added: 0x00000191cb91b650
Event: 0.188 Thread 0x00000191a9309670 Thread added: 0x00000191d00dcb90
Event: 0.199 Thread 0x00000191d00dcb90 Thread exited: 0x00000191d00dcb90
Event: 0.315 Thread 0x00000191caf9e750 Thread added: 0x00000191d076e040
Event: 0.335 Thread 0x00000191caf74280 Thread added: 0x00000191d07988a0
Event: 0.588 Thread 0x00000191caf9e750 Thread added: 0x00000191d098ba20
Event: 0.588 Thread 0x00000191caf9e750 Thread added: 0x00000191d0a953f0
Event: 0.588 Thread 0x00000191caf9e750 Thread added: 0x00000191d0a933b0
Event: 0.596 Thread 0x00000191d07988a0 Thread added: 0x00000191d0a95c00
Event: 0.596 Thread 0x00000191d07988a0 Thread added: 0x00000191d0a92ba0
Event: 0.596 Thread 0x00000191d07988a0 Thread added: 0x00000191d0a92390
Event: 1.145 Thread 0x00000191d0a92390 Thread exited: 0x00000191d0a92390
Event: 1.251 Thread 0x00000191d0a92ba0 Thread exited: 0x00000191d0a92ba0
Event: 1.663 Thread 0x00000191a9309670 Thread added: 0x00000191d144a7f0


Dynamic libraries:
0x00007ff637020000 - 0x00007ff637030000 	C:\Program Files\Java\jdk-25.0.2\bin\java.exe
0x00007ff836ac0000 - 0x00007ff836d27000 	C:\Windows\SYSTEM32\ntdll.dll
0x00007ffffcfc0000 - 0x00007ffffcfe0000 	C:\Program Files\Avast Software\Avast\aswhook.dll
0x00007ff834e60000 - 0x00007ff834f29000 	C:\Windows\System32\KERNEL32.DLL
0x00007ff834030000 - 0x00007ff834421000 	C:\Windows\System32\KERNELBASE.dll
0x00007ff834710000 - 0x00007ff83485b000 	C:\Windows\System32\ucrtbase.dll
0x00007ff81ab60000 - 0x00007ff81ab77000 	C:\Program Files\Java\jdk-25.0.2\bin\jli.dll
0x00007ff81ab40000 - 0x00007ff81ab5e000 	C:\Program Files\Java\jdk-25.0.2\bin\VCRUNTIME140.dll
0x00007ff835da0000 - 0x00007ff835f65000 	C:\Windows\System32\USER32.dll
0x00007ff80d280000 - 0x00007ff80d513000 	C:\Windows\WinSxS\amd64_microsoft.windows.common-controls_6595b64144ccf1df_6.0.26100.8037_none_3e092faae333b53b\COMCTL32.dll
0x00007ff833eb0000 - 0x00007ff833ed7000 	C:\Windows\System32\win32u.dll
0x00007ff835930000 - 0x00007ff8359d9000 	C:\Windows\System32\msvcrt.dll
0x00007ff834b90000 - 0x00007ff834bbb000 	C:\Windows\System32\GDI32.dll
0x00007ff833c10000 - 0x00007ff833d3b000 	C:\Windows\System32\gdi32full.dll
0x00007ff834430000 - 0x00007ff8344d3000 	C:\Windows\System32\msvcp_win.dll
0x00007ff835b20000 - 0x00007ff835b51000 	C:\Windows\System32\IMM32.DLL
0x00007ff82a4d0000 - 0x00007ff82a4dc000 	C:\Program Files\Java\jdk-25.0.2\bin\vcruntime140_1.dll
0x00007fffff7a0000 - 0x00007fffff82d000 	C:\Program Files\Java\jdk-25.0.2\bin\msvcp140.dll
0x00007fff49970000 - 0x00007fff4a7cf000 	C:\Program Files\Java\jdk-25.0.2\bin\server\jvm.dll
0x00007ff836250000 - 0x00007ff83630b000 	C:\Windows\System32\ADVAPI32.dll
0x00007ff834c50000 - 0x00007ff834cf7000 	C:\Windows\System32\sechost.dll
0x00007ff836000000 - 0x00007ff836118000 	C:\Windows\System32\RPCRT4.dll
0x00007ff834b10000 - 0x00007ff834b84000 	C:\Windows\System32\WS2_32.dll
0x00007ff833200000 - 0x00007ff83325e000 	C:\Windows\SYSTEM32\POWRPROF.dll
0x00007ff82a6a0000 - 0x00007ff82a6d5000 	C:\Windows\SYSTEM32\WINMM.dll
0x00007ff8221b0000 - 0x00007ff8221bb000 	C:\Windows\SYSTEM32\VERSION.dll
0x00007ff8331d0000 - 0x00007ff8331e4000 	C:\Windows\SYSTEM32\UMPDC.dll
0x00007ff832130000 - 0x00007ff83214b000 	C:\Windows\SYSTEM32\kernel.appcore.dll
0x00007ff81fef0000 - 0x00007ff81fefa000 	C:\Program Files\Java\jdk-25.0.2\bin\jimage.dll
0x00007ff831260000 - 0x00007ff8314a2000 	C:\Windows\SYSTEM32\DBGHELP.DLL
0x00007ff835060000 - 0x00007ff8353e2000 	C:\Windows\System32\combase.dll
0x00007ff835a40000 - 0x00007ff835b17000 	C:\Windows\System32\OLEAUT32.dll
0x00007ff8203d0000 - 0x00007ff82040b000 	C:\Windows\SYSTEM32\dbgcore.DLL
0x00007ff834660000 - 0x00007ff834705000 	C:\Windows\System32\bcryptPrimitives.dll
0x00007ff81a860000 - 0x00007ff81a87f000 	C:\Program Files\Java\jdk-25.0.2\bin\java.dll
0x00007ff834970000 - 0x00007ff834b05000 	C:\Windows\System32\ole32.dll
0x00007ff836310000 - 0x00007ff836a6f000 	C:\Windows\System32\SHELL32.dll
0x00007ff833d40000 - 0x00007ff833eaa000 	C:\Windows\System32\wintypes.dll
0x00007ff8333a0000 - 0x00007ff833c04000 	C:\Windows\System32\windows.storage.dll
0x00007ff834f40000 - 0x00007ff835037000 	C:\Windows\System32\SHCORE.dll
0x00007ff836120000 - 0x00007ff836187000 	C:\Windows\System32\shlwapi.dll
0x00007ff8332c0000 - 0x00007ff8332e9000 	C:\Windows\SYSTEM32\profapi.dll
0x00007ff807cc0000 - 0x00007ff807cd2000 	C:\Program Files\Java\jdk-25.0.2\bin\net.dll
0x00007ff8326a0000 - 0x00007ff83270b000 	C:\Windows\system32\mswsock.dll
0x00007ff807ca0000 - 0x00007ff807cb6000 	C:\Program Files\Java\jdk-25.0.2\bin\nio.dll
0x00007fffff8c0000 - 0x00007fffff8d7000 	C:\Program Files\Java\jdk-25.0.2\bin\zip.dll
0x00007fffff770000 - 0x00007fffff794000 	D:\extentions\apache-maven-3.9.12\lib\jansi-native\Windows\x86_64\jansi.dll
0x00007ff81ab30000 - 0x00007ff81ab40000 	C:\Program Files\Java\jdk-25.0.2\bin\verify.dll

JVMTI agents: none

dbghelp: loaded successfully - version: 4.0.5 - missing functions: none
symbol engine: initialized successfully - sym options: 0x614 - pdb path: .;C:\Program Files\Java\jdk-25.0.2\bin;C:\Windows\SYSTEM32;C:\Program Files\Avast Software\Avast;C:\Windows\WinSxS\amd64_microsoft.windows.common-controls_6595b64144ccf1df_6.0.26100.8037_none_3e092faae333b53b;C:\Program Files\Java\jdk-25.0.2\bin\server;D:\extentions\apache-maven-3.9.12\lib\jansi-native\Windows\x86_64

VM Arguments:
jvm_args: --enable-native-access=ALL-UNNAMED -Dclassworlds.conf=D:\extentions\apache-maven-3.9.12\bin\m2.conf -Dmaven.home=D:\extentions\apache-maven-3.9.12 -Dlibrary.jansi.path=D:\extentions\apache-maven-3.9.12\lib\jansi-native -Dmaven.multiModuleProjectDirectory=D:\viggu\petrol\backend\server 
java_command: org.codehaus.plexus.classworlds.launcher.Launcher spring-boot:run
java_class_path (initial): D:\extentions\apache-maven-3.9.12\boot\plexus-classworlds-2.9.0.jar
Launcher Type: SUN_STANDARD

[Global flags]
     intx CICompilerCount                          = 12                                        {product} {ergonomic}
     uint ConcGCThreads                            = 3                                         {product} {ergonomic}
     uint G1ConcRefinementThreads                  = 13                                        {product} {ergonomic}
   size_t G1HeapRegionSize                         = 2097152                                   {product} {ergonomic}
   size_t InitialHeapSize                          = 264241152                                 {product} {ergonomic}
   size_t MarkStackSize                            = 4194304                                   {product} {ergonomic}
   size_t MarkStackSizeMax                         = 536870912                                 {product} {ergonomic}
   size_t MaxHeapSize                              = 4215275520                                {product} {ergonomic}
   size_t MaxNewSize                               = 2529165312                                {product} {ergonomic}
   size_t MinHeapDeltaBytes                        = 2097152                                   {product} {ergonomic}
   size_t MinHeapSize                              = 8388608                                   {product} {ergonomic}
    uintx NonNMethodCodeHeapSize                   = 7602176                                {pd product} {ergonomic}
    uintx NonProfiledCodeHeapSize                  = 122093568                              {pd product} {ergonomic}
    uintx ProfiledCodeHeapSize                     = 121962496                              {pd product} {ergonomic}
    uintx ReservedCodeCacheSize                    = 251658240                              {pd product} {ergonomic}
     bool SegmentedCodeCache                       = true                                      {product} {ergonomic}
   size_t SoftMaxHeapSize                          = 4215275520                             {manageable} {ergonomic}
     bool UseCompressedOops                        = true                           {product lp64_product} {ergonomic}
     bool UseG1GC                                  = true                                      {product} {ergonomic}
     bool UseLargePagesIndividualAllocation        = false                                  {pd product} {ergonomic}

Logging:
Log output configuration:
 #0: stdout all=warning uptime,level,tags foldmultilines=false
 #1: stderr all=off uptime,level,tags foldmultilines=false

Release file:
IMPLEMENTOR="Oracle Corporation" 
JAVA_RUNTIME_VERSION="25.0.2+10-LTS-69" 
JAVA_VERSION="25.0.2" 
JAVA_VERSION_DATE="2026-01-20" 
LIBC="default" 
MODULES="java.base java.compiler java.datatransfer java.xml java.prefs java.desktop java.instrument java.logging java.management java.security.sasl java.naming java.rmi java.management.rmi java.net.http java.scripting java.security.jgss java.transaction.xa java.sql java.sql.rowset java.xml.crypto java.se java.smartcardio jdk.accessibility jdk.internal.jvmstat jdk.attach jdk.charsets jdk.internal.opt jdk.zipfs jdk.compiler jdk.crypto.cryptoki jdk.crypto.ec jdk.crypto.mscapi jdk.dynalink jdk.internal.ed jdk.editpad jdk.internal.vm.ci jdk.graal.compiler jdk.graal.compiler.management jdk.hotspot.agent jdk.httpserver jdk.incubator.vector jdk.internal.le jdk.internal.md jdk.jartool jdk.javadoc jdk.jcmd jdk.management jdk.management.agent jdk.jconsole jdk.jdeps jdk.jdwp.agent jdk.jdi jdk.jfr jdk.jlink jdk.jpackage jdk.jshell jdk.jsobject jdk.jstatd jdk.localedata jdk.management.jfr jdk.naming.dns jdk.naming.rmi jdk.net jdk.nio.mapmode jdk.sctp jdk.security.auth jdk.security.jgss jdk.unsupported jdk.unsupported.desktop jdk.xml.dom" 
OS_ARCH="x86_64" 
OS_NAME="Windows" 
SOURCE=".:git:b75efb40c93a open:git:405a5699ebd0" 

Environment Variables:
PATH=C:\Program Files\Common Files\Oracle\Java\javapath;D:\extentions\bin;C:\Program Files (x86)\Common Files\Oracle\Java\java8path;C:\Program Files (x86)\Common Files\Oracle\Java\javapath;C:\Program Files\Eclipse Adoptium\jdk-17.0.17.10-hotspot\bin;C:\Program Files\Python310\Scripts\;C:\Program Files\Python310\;C:\oraclexe\app\oracle\product\11.2.0\server\bin;C:\Windows\system32;C:\Windows;C:\Windows\System32\Wbem;C:\Windows\System32\WindowsPowerShell\v1.0\;C:\Windows\System32\OpenSSH\;C:\Program Files\Microsoft SQL Server\150\Tools\Binn\;C:\Program Files\Microsoft SQL Server\Client SDK\ODBC\170\Tools\Binn\;C:\Program Files\dotnet\;C:\Program Files (x86)\Windows Kits\10\Windows Performance Toolkit\;C:\Program Files (x86)\Microsoft SQL Server\160\Tools\Binn\;C:\Program Files\Microsoft SQL Server\160\Tools\Binn\;C:\Program Files\Microsoft SQL Server\160\DTS\Binn\;C:\Program Files (x86)\Microsoft SQL Server\160\DTS\Binn\;C:\Program Files\nodejs\;C:\Program Files\Git\cmd;C:\Program Files\MongoDB\Server\8.0\bin;C:\Program Files\Java\jre1.8.0_461\bin;C:\Program Files\Java\jre1.8.0_461\lib;C:\ProgramData\chocolatey\bin;C:\Program Files (x86)\Common Files\Oracle\Java\java8path;C:\Program Files (x86)\Common Files\Oracle\Java\javapath;C:\Program Files\Python310\Scripts\;C:\Program Files\Python310\;C:\oraclexe\app\oracle\product\11.2.0\server\bin;C:\Windows\system32;C:\Windows;C:\Windows\System32\Wbem;C:\Windows\System32\WindowsPowerShell\v1.0\;C:\Windows\System32\OpenSSH\;C:\Program Files\Microsoft SQL Server\150\Tools\Binn\;C:\Program Files\Microsoft SQL Server\Client SDK\ODBC\170\Tools\Binn\;C:\Program Files\dotnet\;C:\Program Files (x86)\Windows Kits\10\Windows Performance Toolkit\;C:\Program Files (x86)\Microsoft SQL Server\160\Tools\Binn\;C:\Program Files\Microsoft SQL Server\160\Tools\Binn\;C:\Program Files\Microsoft SQL Server\160\DTS\Binn\;C:\Program Files (x86)\Microsoft SQL Server\160\DTS\Binn\;C:\Program Files\nodejs\;C:\Program Files\Git\cmd;C:\Program Files\MongoDB\Server\8.0\bin;C:\Program Files\Java\jre1.8.0_461\bin;C:\Program Files\Java\jre1.8.0_461\lib;C:\ProgramData\chocolatey\bin;C:\spring-boot-cli-4.0.0-bin;C:\Users\vigne\AppData\Local\Programs\Microsoft VS Code\bin;D:\extentions\apache-maven-3.9.12\bin;D:\extentions\JDK\bin;C:\spring-boot-cli-4.0.0-bin\spring-4.0.0\bin;C:\Users\vigne\AppData\Local\Programs\Antigravity\bin;c:\Users\vigne\.antigravity\extensions\vscjava.vscode-java-debug-0.58.5-universal\bundled\scripts\noConfigScripts
USERNAME=vigne
LANG=en_US.UTF-8
OS=Windows_NT
PROCESSOR_IDENTIFIER=Intel64 Family 6 Model 186 Stepping 2, GenuineIntel
TMP=C:\Users\vigne\AppData\Local\Temp
TEMP=C:\Users\vigne\AppData\Local\Temp




Compilation memory statistics disabled.

Periodic native trim disabled

---------------  S Y S T E M  ---------------

OS:
 Windows 11 , 64 bit Build 26100 (10.0.26100.7920)
OS uptime: 1 days 1:58 hours
Hyper-V role detected

CPU: total 16 (initial active 16) (8 cores per cpu, 2 threads per core) family 6 model 186 stepping 2 microcode 0x4122, cx8, cmov, fxsr, ht, mmx, 3dnowpref, sse, sse2, sse3, ssse3, sse4.1, sse4.2, popcnt, lzcnt, tsc, tscinvbit, avx, avx2, aes, erms, clmul, bmi1, bmi2, adx, sha, fma, vzeroupper, clflush, clflushopt, clwb, hv, serialize, rdtscp, rdpid, fsrm, gfni, f16c, cet_ibt, cet_ss
Processor Information for processor 0
  Max Mhz: 2400, Current Mhz: 2400, Mhz Limit: 2400
Processor Information for processor 1
  Max Mhz: 2400, Current Mhz: 2400, Mhz Limit: 2400
Processor Information for processor 2
  Max Mhz: 2400, Current Mhz: 1520, Mhz Limit: 2400
Processor Information for processor 3
  Max Mhz: 2400, Current Mhz: 1520, Mhz Limit: 2400
Processor Information for processor 4
  Max Mhz: 2400, Current Mhz: 1520, Mhz Limit: 2400
Processor Information for processor 5
  Max Mhz: 2400, Current Mhz: 2400, Mhz Limit: 2400
Processor Information for processor 6
  Max Mhz: 2400, Current Mhz: 2400, Mhz Limit: 2400
Processor Information for processor 7
  Max Mhz: 2400, Current Mhz: 2400, Mhz Limit: 2400
Processor Information for processor 8
  Max Mhz: 2400, Current Mhz: 1520, Mhz Limit: 2400
Processor Information for processor 9
  Max Mhz: 2400, Current Mhz: 1520, Mhz Limit: 2400
Processor Information for processor 10
  Max Mhz: 2400, Current Mhz: 2400, Mhz Limit: 2400
Processor Information for processor 11
  Max Mhz: 2400, Current Mhz: 1520, Mhz Limit: 2400
Processor Information for processor 12
  Max Mhz: 2400, Current Mhz: 1500, Mhz Limit: 1800
Processor Information for processor 13
  Max Mhz: 2400, Current Mhz: 1800, Mhz Limit: 1800
Processor Information for processor 14
  Max Mhz: 2400, Current Mhz: 1800, Mhz Limit: 1800
Processor Information for processor 15
  Max Mhz: 2400, Current Mhz: 1500, Mhz Limit: 1800

Memory: 4k page, system-wide physical 16076M (2320M free)
TotalPageFile size 19532M (AvailPageFile size 5M)
current process WorkingSet (physical memory assigned to process): 153M, peak: 153M
current process commit charge ("private bytes"): 407M, peak: 412M

vm_info: Java HotSpot(TM) 64-Bit Server VM (25.0.2+10-LTS-69) for windows-amd64 JRE (25.0.2+10-LTS-69), built on 2025-12-18T11:36:35Z with MS VC++ 17.13 (VS2022)

END.
